#
# There is insufficient memory for the Java Runtime Environment to continue.
# Native memory allocation (malloc) failed to allocate 1681936 bytes. Error detail: Chunk::new
# Possible reasons:
#   The system is out of physical RAM or swap space
#   This process is running with CompressedOops enabled, and the Java Heap may be blocking the growth of the native heap
# Possible solutions:
#   Reduce memory load on the system
#   Increase physical memory or swap space
#   Check if swap backing store is full
#   Decrease Java heap size (-Xmx/-Xms)
#   Decrease number of Java threads
#   Decrease Java thread stack sizes (-Xss)
#   Set larger code cache with -XX:ReservedCodeCacheSize=
#   JVM is running with Unscaled Compressed Oops mode in which the Java heap is
#     placed in the first 4GB address space. The Java Heap base address is the
#     maximum limit for the native heap growth. Please use -XX:HeapBaseMinAddress
#     to set the Java Heap base and to place the Java Heap above 4GB virtual address.
# This output file may be truncated or incomplete.
#
#  Out of Memory Error (arena.cpp:168), pid=7192, tid=17056
#
# JRE version: OpenJDK Runtime Environment Temurin-21.0.8+9 (21.0.8+9) (build 21.0.8+9-LTS)
# Java VM: OpenJDK 64-Bit Server VM Temurin-21.0.8+9 (21.0.8+9-LTS, mixed mode, sharing, tiered, compressed oops, compressed class ptrs, parallel gc, windows-amd64)
# No core dump will be written. Minidumps are not enabled by default on client versions of Windows
#

---------------  S U M M A R Y ------------

Command Line: --add-modules=ALL-SYSTEM --add-opens=java.base/java.util=ALL-UNNAMED --add-opens=java.base/java.lang=ALL-UNNAMED --add-opens=java.base/sun.nio.fs=ALL-UNNAMED -Declipse.application=org.eclipse.jdt.ls.core.id1 -Dosgi.bundles.defaultStartLevel=4 -Declipse.product=org.eclipse.jdt.ls.core.product -Djava.import.generatesMetadataFilesAtProjectRoot=false -DDetectVMInstallationsJob.disabled=true -Dfile.encoding=utf8 -XX:+UseParallelGC -XX:GCTimeRatio=4 -XX:AdaptiveSizePolicyWeight=90 -Dsun.zip.disableMemoryMapping=true -Xmx2G -Xms100m -Xlog:disable -javaagent:c:\Users\muoi\.vscode\extensions\redhat.java-1.47.0-win32-x64\lombok\lombok-1.18.39-4050.jar c:\Users\muoi\.vscode\extensions\redhat.java-1.47.0-win32-x64\server\plugins\org.eclipse.equinox.launcher_1.7.100.v20251014-1222.jar -configuration c:\Users\muoi\AppData\Roaming\Code\User\globalStorage\redhat.java\1.47.0\config_ss_win -data c:\Users\muoi\AppData\Roaming\Code\User\workspaceStorage\3b6326af63195a8f6cf2a6cf719f9c90\redhat.java\ss_ws --pipe=\\.\pipe\lsp-dc09f04c2ad3ae64a039b9cde0705c2d-sock

Host: Intel(R) Core(TM) i5-8250U CPU @ 1.60GHz, 8 cores, 15G,  Windows 11 , 64 bit Build 26100 (10.0.26100.6725)
Time: Thu Nov  6 15:39:46 2025 SE Asia Standard Time elapsed time: 16.909656 seconds (0d 0h 0m 16s)

---------------  T H R E A D  ---------------

Current thread (0x0000027c42891010):  JavaThread "C2 CompilerThread0" daemon [_thread_in_native, id=17056, stack(0x000000d1a5e00000,0x000000d1a5f00000) (1024K)]


Current CompileTask:
C2:16909 3771       4       java.lang.invoke.MethodType::makeImpl (109 bytes)

Stack: [0x000000d1a5e00000,0x000000d1a5f00000]
Native frames: (J=compiled Java code, j=interpreted, Vv=VM code, C=native code)
V  [jvm.dll+0x6d2449]
V  [jvm.dll+0x8ae341]
V  [jvm.dll+0x8b08be]
V  [jvm.dll+0x8b0fa3]
V  [jvm.dll+0x280c96]
V  [jvm.dll+0xc581d]
V  [jvm.dll+0xc5d53]
V  [jvm.dll+0x3b9162]
V  [jvm.dll+0x385315]
V  [jvm.dll+0x38477a]
V  [jvm.dll+0x248ed0]
V  [jvm.dll+0x2484af]
V  [jvm.dll+0x1c89ee]
V  [jvm.dll+0x257d4d]
V  [jvm.dll+0x2562ea]
V  [jvm.dll+0x3f2d16]
V  [jvm.dll+0x857e6b]
V  [jvm.dll+0x6d0b0d]
C  [ucrtbase.dll+0x37b0]
C  [KERNEL32.DLL+0x2e8d7]
C  [ntdll.dll+0x8c53c]


---------------  P R O C E S S  ---------------

Threads class SMR info:
_java_thread_list=0x0000027c8bbfdcf0, length=36, elements={
0x0000027c29b9b780, 0x0000027c2bed9b30, 0x0000027c2bedc000, 0x0000027c2bede8c0,
0x0000027c42884970, 0x0000027c428857c0, 0x0000027c4288a620, 0x0000027c42891010,
0x0000027c8527bac0, 0x0000027c2be8d0d0, 0x0000027c8556f420, 0x0000027c85c1a9c0,
0x0000027c85a0dd10, 0x0000027c85ce1300, 0x0000027c8a19c410, 0x0000027c85944b00,
0x0000027c853282d0, 0x0000027c8a248620, 0x0000027c8a248c80, 0x0000027c8a862dc0,
0x0000027c8a863ae0, 0x0000027c8a864170, 0x0000027c8a863450, 0x0000027c8a409cc0,
0x0000027c8a40d140, 0x0000027c8a40b700, 0x0000027c8a40b070, 0x0000027c8a40bd90,
0x0000027c8a40a350, 0x0000027c8a40c420, 0x0000027c8a40d7d0, 0x0000027c8a40de60,
0x0000027c8a40a9e0, 0x0000027c8a40f210, 0x0000027c8a40f8a0, 0x0000027c8c08d560
}

Java Threads: ( => current thread )
  0x0000027c29b9b780 JavaThread "main"                              [_thread_blocked, id=8124, stack(0x000000d1a5400000,0x000000d1a5500000) (1024K)]
  0x0000027c2bed9b30 JavaThread "Reference Handler"          daemon [_thread_blocked, id=13568, stack(0x000000d1a5800000,0x000000d1a5900000) (1024K)]
  0x0000027c2bedc000 JavaThread "Finalizer"                  daemon [_thread_blocked, id=18196, stack(0x000000d1a5900000,0x000000d1a5a00000) (1024K)]
  0x0000027c2bede8c0 JavaThread "Signal Dispatcher"          daemon [_thread_blocked, id=8736, stack(0x000000d1a5a00000,0x000000d1a5b00000) (1024K)]
  0x0000027c42884970 JavaThread "Attach Listener"            daemon [_thread_blocked, id=18080, stack(0x000000d1a5b00000,0x000000d1a5c00000) (1024K)]
  0x0000027c428857c0 JavaThread "Service Thread"             daemon [_thread_blocked, id=11404, stack(0x000000d1a5c00000,0x000000d1a5d00000) (1024K)]
  0x0000027c4288a620 JavaThread "Monitor Deflation Thread"   daemon [_thread_blocked, id=4588, stack(0x000000d1a5d00000,0x000000d1a5e00000) (1024K)]
=>0x0000027c42891010 JavaThread "C2 CompilerThread0"         daemon [_thread_in_native, id=17056, stack(0x000000d1a5e00000,0x000000d1a5f00000) (1024K)]
  0x0000027c8527bac0 JavaThread "C1 CompilerThread0"         daemon [_thread_in_native, id=12852, stack(0x000000d1a5f00000,0x000000d1a6000000) (1024K)]
  0x0000027c2be8d0d0 JavaThread "Common-Cleaner"             daemon [_thread_blocked, id=9464, stack(0x000000d1a6000000,0x000000d1a6100000) (1024K)]
  0x0000027c8556f420 JavaThread "Notification Thread"        daemon [_thread_blocked, id=12828, stack(0x000000d1a6100000,0x000000d1a6200000) (1024K)]
  0x0000027c85c1a9c0 JavaThread "Active Thread: Equinox Container: 386e4dc6-6364-43da-a100-049107182975"        [_thread_blocked, id=2944, stack(0x000000d1a6900000,0x000000d1a6a00000) (1024K)]
  0x0000027c85a0dd10 JavaThread "Framework Event Dispatcher: Equinox Container: 386e4dc6-6364-43da-a100-049107182975" daemon [_thread_blocked, id=12536, stack(0x000000d1a6a00000,0x000000d1a6b00000) (1024K)]
  0x0000027c85ce1300 JavaThread "Start Level: Equinox Container: 386e4dc6-6364-43da-a100-049107182975" daemon [_thread_blocked, id=15276, stack(0x000000d1a6b00000,0x000000d1a6c00000) (1024K)]
  0x0000027c8a19c410 JavaThread "SCR Component Actor"        daemon [_thread_blocked, id=14056, stack(0x000000d1a6c00000,0x000000d1a6d00000) (1024K)]
  0x0000027c85944b00 JavaThread "Worker-JM"                         [_thread_blocked, id=17100, stack(0x000000d1a6d00000,0x000000d1a6e00000) (1024K)]
  0x0000027c853282d0 JavaThread "JNA Cleaner"                daemon [_thread_blocked, id=13468, stack(0x000000d1a6e00000,0x000000d1a6f00000) (1024K)]
  0x0000027c8a248620 JavaThread "Worker-0"                          [_thread_blocked, id=11184, stack(0x000000d1a6f00000,0x000000d1a7000000) (1024K)]
  0x0000027c8a248c80 JavaThread "Worker-1"                          [_thread_blocked, id=1012, stack(0x000000d1a7000000,0x000000d1a7100000) (1024K)]
  0x0000027c8a862dc0 JavaThread "Worker-2"                          [_thread_blocked, id=14800, stack(0x000000d1a7100000,0x000000d1a7200000) (1024K)]
  0x0000027c8a863ae0 JavaThread "Thread-1"                   daemon [_thread_in_native, id=17508, stack(0x000000d1a7500000,0x000000d1a7600000) (1024K)]
  0x0000027c8a864170 JavaThread "Thread-2"                   daemon [_thread_in_native, id=5792, stack(0x000000d1a7600000,0x000000d1a7700000) (1024K)]
  0x0000027c8a863450 JavaThread "Thread-3"                   daemon [_thread_in_native, id=16336, stack(0x000000d1a7700000,0x000000d1a7800000) (1024K)]
  0x0000027c8a409cc0 JavaThread "Thread-4"                   daemon [_thread_in_native, id=17840, stack(0x000000d1a7800000,0x000000d1a7900000) (1024K)]
  0x0000027c8a40d140 JavaThread "Thread-5"                   daemon [_thread_in_native, id=3728, stack(0x000000d1a7900000,0x000000d1a7a00000) (1024K)]
  0x0000027c8a40b700 JavaThread "Thread-6"                   daemon [_thread_in_native, id=16904, stack(0x000000d1a7a00000,0x000000d1a7b00000) (1024K)]
  0x0000027c8a40b070 JavaThread "Thread-7"                   daemon [_thread_in_native, id=14372, stack(0x000000d1a7b00000,0x000000d1a7c00000) (1024K)]
  0x0000027c8a40bd90 JavaThread "Thread-8"                   daemon [_thread_in_native, id=17900, stack(0x000000d1a7c00000,0x000000d1a7d00000) (1024K)]
  0x0000027c8a40a350 JavaThread "Thread-9"                   daemon [_thread_in_native, id=15476, stack(0x000000d1a7d00000,0x000000d1a7e00000) (1024K)]
  0x0000027c8a40c420 JavaThread "pool-2-thread-1"                   [_thread_blocked, id=8496, stack(0x000000d1a7e00000,0x000000d1a7f00000) (1024K)]
  0x0000027c8a40d7d0 JavaThread "Worker-3"                          [_thread_blocked, id=15316, stack(0x000000d1a7f00000,0x000000d1a8000000) (1024K)]
  0x0000027c8a40de60 JavaThread "WorkspaceEventsHandler"            [_thread_blocked, id=11216, stack(0x000000d1a8000000,0x000000d1a8100000) (1024K)]
  0x0000027c8a40a9e0 JavaThread "pool-1-thread-1"                   [_thread_blocked, id=9876, stack(0x000000d1a8100000,0x000000d1a8200000) (1024K)]
  0x0000027c8a40f210 JavaThread "ForkJoinPool.commonPool-worker-1" daemon [_thread_in_Java, id=6596, stack(0x000000d1a7200000,0x000000d1a7300000) (1024K)]
  0x0000027c8a40f8a0 JavaThread "ForkJoinPool.commonPool-worker-2" daemon [_thread_blocked, id=16496, stack(0x000000d1a8200000,0x000000d1a8300000) (1024K)]
  0x0000027c8c08d560 JavaThread "C2 CompilerThread1"         daemon [_thread_in_native, id=9456, stack(0x000000d1a8300000,0x000000d1a8400000) (1024K)]
Total: 36

Other Threads:
  0x0000027c2bec0b70 VMThread "VM Thread"                           [id=18384, stack(0x000000d1a5700000,0x000000d1a5800000) (1024K)]
  0x0000027c4279ca00 WatcherThread "VM Periodic Task Thread"        [id=17624, stack(0x000000d1a5600000,0x000000d1a5700000) (1024K)]
  0x0000027c2be3dcb0 WorkerThread "GC Thread#0"                     [id=16912, stack(0x000000d1a5500000,0x000000d1a5600000) (1024K)]
  0x0000027c8561d3e0 WorkerThread "GC Thread#1"                     [id=14472, stack(0x000000d1a6200000,0x000000d1a6300000) (1024K)]
  0x0000027c85b5e6b0 WorkerThread "GC Thread#2"                     [id=12584, stack(0x000000d1a6300000,0x000000d1a6400000) (1024K)]
  0x0000027c85cf4020 WorkerThread "GC Thread#3"                     [id=17920, stack(0x000000d1a6400000,0x000000d1a6500000) (1024K)]
  0x0000027c85cf43c0 WorkerThread "GC Thread#4"                     [id=8828, stack(0x000000d1a6500000,0x000000d1a6600000) (1024K)]
  0x0000027c85cf4760 WorkerThread "GC Thread#5"                     [id=14316, stack(0x000000d1a6600000,0x000000d1a6700000) (1024K)]
  0x0000027c8590e370 WorkerThread "GC Thread#6"                     [id=8032, stack(0x000000d1a6700000,0x000000d1a6800000) (1024K)]
  0x0000027c85cf8400 WorkerThread "GC Thread#7"                     [id=7432, stack(0x000000d1a6800000,0x000000d1a6900000) (1024K)]
Total: 10

Threads with active compile tasks:
C2 CompilerThread0  16961 3771       4       java.lang.invoke.MethodType::makeImpl (109 bytes)
C1 CompilerThread0  16961 4114       3       org.eclipse.jdt.internal.core.JarPackageFragmentRoot::initRawPackageInfo (292 bytes)
C2 CompilerThread1  16961 4064       4       org.eclipse.osgi.internal.debug.Debug::loaderWithClass (40 bytes)
Total: 3

VM state: not at safepoint (normal execution)

VM Mutex/Monitor currently owned by a thread: None

Heap address: 0x0000000080000000, size: 2048 MB, Compressed Oops mode: 32-bit

CDS archive(s) mapped at: [0x0000027c43000000-0x0000027c43ba0000-0x0000027c43ba0000), size 12189696, SharedBaseAddress: 0x0000027c43000000, ArchiveRelocationMode: 1.
Compressed class space mapped at: 0x0000027c44000000-0x0000027c84000000, reserved size: 1073741824
Narrow klass base: 0x0000027c43000000, Narrow klass shift: 0, Narrow klass range: 0x100000000

GC Precious Log:
 CardTable entry size: 512
 CPUs: 8 total, 8 available
 Memory: 16243M
 Large Page Support: Disabled
 NUMA Support: Disabled
 Compressed Oops: Enabled (32-bit)
 Alignments: Space 512K, Generation 512K, Heap 2M
 Heap Min Capacity: 100M
 Heap Initial Capacity: 100M
 Heap Max Capacity: 2G
 Pre-touch: Disabled
 Parallel Workers: 8

Heap:
 PSYoungGen      total 27648K, used 24350K [0x00000000d5580000, 0x00000000d7580000, 0x0000000100000000)
  eden space 22528K, 86% used [0x00000000d5580000,0x00000000d687f8f8,0x00000000d6b80000)
  from space 5120K, 95% used [0x00000000d6c00000,0x00000000d70c81d8,0x00000000d7100000)
  to   space 4608K, 0% used [0x00000000d7100000,0x00000000d7100000,0x00000000d7580000)
 ParOldGen       total 68608K, used 9863K [0x0000000080000000, 0x0000000084300000, 0x00000000d5580000)
  object space 68608K, 14% used [0x0000000080000000,0x00000000809a1cf0,0x0000000084300000)
 Metaspace       used 31745K, committed 32768K, reserved 1114112K
  class space    used 3209K, committed 3648K, reserved 1048576K

Card table byte_map: [0x0000027c2b7f0000,0x0000027c2bc00000] _byte_map_base: 0x0000027c2b3f0000

Marking Bits: (ParMarkBitMap*) 0x00007ffe29c3a340
 Begin Bits: [0x0000027c3e2c0000, 0x0000027c402c0000)
 End Bits:   [0x0000027c402c0000, 0x0000027c422c0000)

Polling page: 0x0000027c2b5e0000

Metaspace:

Usage:
  Non-class:     27.87 MB used.
      Class:      3.13 MB used.
       Both:     31.00 MB used.

Virtual space:
  Non-class space:       64.00 MB reserved,      28.44 MB ( 44%) committed,  1 nodes.
      Class space:        1.00 GB reserved,       3.56 MB ( <1%) committed,  1 nodes.
             Both:        1.06 GB reserved,      32.00 MB (  3%) committed. 

Chunk freelists:
   Non-Class:  3.02 MB
       Class:  12.47 MB
        Both:  15.49 MB

MaxMetaspaceSize: unlimited
CompressedClassSpaceSize: 1.00 GB
Initial GC threshold: 21.00 MB
Current GC threshold: 35.00 MB
CDS: on
 - commit_granule_bytes: 65536.
 - commit_granule_words: 8192.
 - virtual_space_node_default_size: 8388608.
 - enlarge_chunks_in_place: 1.
 - use_allocation_guard: 0.


Internal statistics:

num_allocs_failed_limit: 3.
num_arena_births: 690.
num_arena_deaths: 14.
num_vsnodes_births: 2.
num_vsnodes_deaths: 0.
num_space_committed: 512.
num_space_uncommitted: 0.
num_chunks_returned_to_freelist: 17.
num_chunks_taken_from_freelist: 1958.
num_chunk_merges: 9.
num_chunk_splits: 1267.
num_chunks_enlarged: 793.
num_inconsistent_stats: 0.

CodeHeap 'non-profiled nmethods': size=120000Kb used=1881Kb max_used=1881Kb free=118119Kb
 bounds [0x0000027c36ae0000, 0x0000027c36d50000, 0x0000027c3e010000]
CodeHeap 'profiled nmethods': size=120000Kb used=8119Kb max_used=8119Kb free=111880Kb
 bounds [0x0000027c2f010000, 0x0000027c2f800000, 0x0000027c36540000]
CodeHeap 'non-nmethods': size=5760Kb used=1372Kb max_used=1410Kb free=4387Kb
 bounds [0x0000027c36540000, 0x0000027c367b0000, 0x0000027c36ae0000]
CodeCache: size=245760Kb, used=11372Kb, max_used=11410Kb, free=234386Kb
 total_blobs=4759, nmethods=4106, adapters=556, full_count=0
Compilation: enabled, stopped_count=0, restarted_count=0

Compilation events (20 events):
Event: 15.881 Thread 0x0000027c8527bac0 4058       3       java.util.ArrayDeque::pop (5 bytes)
Event: 15.882 Thread 0x0000027c8527bac0 nmethod 4058 0x0000027c2f7e4b10 code [0x0000027c2f7e4ce0, 0x0000027c2f7e4f88]
Event: 15.882 Thread 0x0000027c8527bac0 4049       3       jdk.internal.jimage.ImageReader$Directory::getChildren (8 bytes)
Event: 15.883 Thread 0x0000027c8527bac0 nmethod 4049 0x0000027c2f7e5110 code [0x0000027c2f7e52c0, 0x0000027c2f7e53f8]
Event: 15.883 Thread 0x0000027c8527bac0 4052       3       jdk.internal.jrtfs.JrtFileAttributes::fileKey (9 bytes)
Event: 15.883 Thread 0x0000027c8527bac0 nmethod 4052 0x0000027c2f7e5490 code [0x0000027c2f7e5640, 0x0000027c2f7e5820]
Event: 15.883 Thread 0x0000027c8527bac0 4062       1       org.eclipse.jdt.internal.core.ClasspathEntry::getExtraAttributes (5 bytes)
Event: 15.883 Thread 0x0000027c8527bac0 nmethod 4062 0x0000027c36cb2510 code [0x0000027c36cb26a0, 0x0000027c36cb2768]
Event: 15.886 Thread 0x0000027c8527bac0 4066       3       java.lang.Throwable::<init> (34 bytes)
Event: 15.886 Thread 0x0000027c8527bac0 nmethod 4066 0x0000027c2f7e5910 code [0x0000027c2f7e5ac0, 0x0000027c2f7e5d68]
Event: 15.890 Thread 0x0000027c8527bac0 4067       3       java.lang.invoke.InvokerBytecodeGenerator::<init> (12 bytes)
Event: 15.890 Thread 0x0000027c8527bac0 nmethod 4067 0x0000027c2f7e5e90 code [0x0000027c2f7e6040, 0x0000027c2f7e61f8]
Event: 15.890 Thread 0x0000027c8527bac0 4068       3       java.lang.invoke.InvokerBytecodeGenerator::generateCustomizedCodeBytes (37 bytes)
Event: 15.891 Thread 0x0000027c8527bac0 nmethod 4068 0x0000027c2f7e6310 code [0x0000027c2f7e6520, 0x0000027c2f7e6900]
Event: 15.891 Thread 0x0000027c8527bac0 4069       3       java.lang.invoke.InvokerBytecodeGenerator::loadMethod (39 bytes)
Event: 15.892 Thread 0x0000027c8527bac0 nmethod 4069 0x0000027c2f7e6b10 code [0x0000027c2f7e6d00, 0x0000027c2f7e6ff8]
Event: 15.893 Thread 0x0000027c8527bac0 4070       3       jdk.internal.misc.CDS::isDumpingClassList (4 bytes)
Event: 15.893 Thread 0x0000027c8527bac0 nmethod 4070 0x0000027c2f7e7190 code [0x0000027c2f7e7320, 0x0000027c2f7e7410]
Event: 15.894 Thread 0x0000027c8527bac0 4073       3       java.lang.invoke.DirectMethodHandle::getFunction (53 bytes)
Event: 15.895 Thread 0x0000027c8527bac0 nmethod 4073 0x0000027c2f7e7490 code [0x0000027c2f7e7660, 0x0000027c2f7e7968]

GC Heap History (20 events):
Event: 4.312 GC heap before
{Heap before GC invocations=1 (full 0):
 PSYoungGen      total 29696K, used 25600K [0x00000000d5580000, 0x00000000d7680000, 0x0000000100000000)
  eden space 25600K, 100% used [0x00000000d5580000,0x00000000d6e80000,0x00000000d6e80000)
  from space 4096K, 0% used [0x00000000d7280000,0x00000000d7280000,0x00000000d7680000)
  to   space 4096K, 0% used [0x00000000d6e80000,0x00000000d6e80000,0x00000000d7280000)
 ParOldGen       total 68608K, used 0K [0x0000000080000000, 0x0000000084300000, 0x00000000d5580000)
  object space 68608K, 0% used [0x0000000080000000,0x0000000080000000,0x0000000084300000)
 Metaspace       used 4353K, committed 4608K, reserved 1114112K
  class space    used 473K, committed 576K, reserved 1048576K
}
Event: 4.338 GC heap after
{Heap after GC invocations=1 (full 0):
 PSYoungGen      total 29696K, used 3303K [0x00000000d5580000, 0x00000000d7680000, 0x0000000100000000)
  eden space 25600K, 0% used [0x00000000d5580000,0x00000000d5580000,0x00000000d6e80000)
  from space 4096K, 80% used [0x00000000d6e80000,0x00000000d71b9e98,0x00000000d7280000)
  to   space 4096K, 0% used [0x00000000d7280000,0x00000000d7280000,0x00000000d7680000)
 ParOldGen       total 68608K, used 0K [0x0000000080000000, 0x0000000084300000, 0x00000000d5580000)
  object space 68608K, 0% used [0x0000000080000000,0x0000000080000000,0x0000000084300000)
 Metaspace       used 4353K, committed 4608K, reserved 1114112K
  class space    used 473K, committed 576K, reserved 1048576K
}
Event: 6.381 GC heap before
{Heap before GC invocations=2 (full 0):
 PSYoungGen      total 29696K, used 28903K [0x00000000d5580000, 0x00000000d7680000, 0x0000000100000000)
  eden space 25600K, 100% used [0x00000000d5580000,0x00000000d6e80000,0x00000000d6e80000)
  from space 4096K, 80% used [0x00000000d6e80000,0x00000000d71b9e98,0x00000000d7280000)
  to   space 4096K, 0% used [0x00000000d7280000,0x00000000d7280000,0x00000000d7680000)
 ParOldGen       total 68608K, used 0K [0x0000000080000000, 0x0000000084300000, 0x00000000d5580000)
  object space 68608K, 0% used [0x0000000080000000,0x0000000080000000,0x0000000084300000)
 Metaspace       used 8146K, committed 8448K, reserved 1114112K
  class space    used 871K, committed 1024K, reserved 1048576K
}
Event: 6.392 GC heap after
{Heap after GC invocations=2 (full 0):
 PSYoungGen      total 29696K, used 4086K [0x00000000d5580000, 0x00000000d7680000, 0x0000000100000000)
  eden space 25600K, 0% used [0x00000000d5580000,0x00000000d5580000,0x00000000d6e80000)
  from space 4096K, 99% used [0x00000000d7280000,0x00000000d767d810,0x00000000d7680000)
  to   space 4096K, 0% used [0x00000000d6e80000,0x00000000d6e80000,0x00000000d7280000)
 ParOldGen       total 68608K, used 863K [0x0000000080000000, 0x0000000084300000, 0x00000000d5580000)
  object space 68608K, 1% used [0x0000000080000000,0x00000000800d7ea8,0x0000000084300000)
 Metaspace       used 8146K, committed 8448K, reserved 1114112K
  class space    used 871K, committed 1024K, reserved 1048576K
}
Event: 8.518 GC heap before
{Heap before GC invocations=3 (full 0):
 PSYoungGen      total 29696K, used 29686K [0x00000000d5580000, 0x00000000d7680000, 0x0000000100000000)
  eden space 25600K, 100% used [0x00000000d5580000,0x00000000d6e80000,0x00000000d6e80000)
  from space 4096K, 99% used [0x00000000d7280000,0x00000000d767d810,0x00000000d7680000)
  to   space 4096K, 0% used [0x00000000d6e80000,0x00000000d6e80000,0x00000000d7280000)
 ParOldGen       total 68608K, used 863K [0x0000000080000000, 0x0000000084300000, 0x00000000d5580000)
  object space 68608K, 1% used [0x0000000080000000,0x00000000800d7ea8,0x0000000084300000)
 Metaspace       used 12962K, committed 13504K, reserved 1114112K
  class space    used 1377K, committed 1600K, reserved 1048576K
}
Event: 8.525 GC heap after
{Heap after GC invocations=3 (full 0):
 PSYoungGen      total 29696K, used 4086K [0x00000000d5580000, 0x00000000d7680000, 0x0000000100000000)
  eden space 25600K, 0% used [0x00000000d5580000,0x00000000d5580000,0x00000000d6e80000)
  from space 4096K, 99% used [0x00000000d6e80000,0x00000000d727d8f8,0x00000000d7280000)
  to   space 4096K, 0% used [0x00000000d7280000,0x00000000d7280000,0x00000000d7680000)
 ParOldGen       total 68608K, used 2689K [0x0000000080000000, 0x0000000084300000, 0x00000000d5580000)
  object space 68608K, 3% used [0x0000000080000000,0x00000000802a07e8,0x0000000084300000)
 Metaspace       used 12962K, committed 13504K, reserved 1114112K
  class space    used 1377K, committed 1600K, reserved 1048576K
}
Event: 10.376 GC heap before
{Heap before GC invocations=4 (full 0):
 PSYoungGen      total 29696K, used 29667K [0x00000000d5580000, 0x00000000d7680000, 0x0000000100000000)
  eden space 25600K, 99% used [0x00000000d5580000,0x00000000d6e7b528,0x00000000d6e80000)
  from space 4096K, 99% used [0x00000000d6e80000,0x00000000d727d8f8,0x00000000d7280000)
  to   space 4096K, 0% used [0x00000000d7280000,0x00000000d7280000,0x00000000d7680000)
 ParOldGen       total 68608K, used 2689K [0x0000000080000000, 0x0000000084300000, 0x00000000d5580000)
  object space 68608K, 3% used [0x0000000080000000,0x00000000802a07e8,0x0000000084300000)
 Metaspace       used 16872K, committed 17472K, reserved 1114112K
  class space    used 1777K, committed 2048K, reserved 1048576K
}
Event: 10.386 GC heap after
{Heap after GC invocations=4 (full 0):
 PSYoungGen      total 29696K, used 4080K [0x00000000d5580000, 0x00000000d7680000, 0x0000000100000000)
  eden space 25600K, 0% used [0x00000000d5580000,0x00000000d5580000,0x00000000d6e80000)
  from space 4096K, 99% used [0x00000000d7280000,0x00000000d767c2f0,0x00000000d7680000)
  to   space 4096K, 0% used [0x00000000d6e80000,0x00000000d6e80000,0x00000000d7280000)
 ParOldGen       total 68608K, used 4623K [0x0000000080000000, 0x0000000084300000, 0x00000000d5580000)
  object space 68608K, 6% used [0x0000000080000000,0x0000000080483fb8,0x0000000084300000)
 Metaspace       used 16872K, committed 17472K, reserved 1114112K
  class space    used 1777K, committed 2048K, reserved 1048576K
}
Event: 11.130 GC heap before
{Heap before GC invocations=5 (full 0):
 PSYoungGen      total 29696K, used 29680K [0x00000000d5580000, 0x00000000d7680000, 0x0000000100000000)
  eden space 25600K, 100% used [0x00000000d5580000,0x00000000d6e80000,0x00000000d6e80000)
  from space 4096K, 99% used [0x00000000d7280000,0x00000000d767c2f0,0x00000000d7680000)
  to   space 4096K, 0% used [0x00000000d6e80000,0x00000000d6e80000,0x00000000d7280000)
 ParOldGen       total 68608K, used 4623K [0x0000000080000000, 0x0000000084300000, 0x00000000d5580000)
  object space 68608K, 6% used [0x0000000080000000,0x0000000080483fb8,0x0000000084300000)
 Metaspace       used 20180K, committed 20864K, reserved 1114112K
  class space    used 2003K, committed 2304K, reserved 1048576K
}
Event: 11.135 GC heap after
{Heap after GC invocations=5 (full 0):
 PSYoungGen      total 29184K, used 4071K [0x00000000d5580000, 0x00000000d7800000, 0x0000000100000000)
  eden space 25088K, 0% used [0x00000000d5580000,0x00000000d5580000,0x00000000d6e00000)
  from space 4096K, 99% used [0x00000000d6e80000,0x00000000d7279e98,0x00000000d7280000)
  to   space 5120K, 0% used [0x00000000d7300000,0x00000000d7300000,0x00000000d7800000)
 ParOldGen       total 68608K, used 4823K [0x0000000080000000, 0x0000000084300000, 0x00000000d5580000)
  object space 68608K, 7% used [0x0000000080000000,0x00000000804b5fb8,0x0000000084300000)
 Metaspace       used 20180K, committed 20864K, reserved 1114112K
  class space    used 2003K, committed 2304K, reserved 1048576K
}
Event: 11.252 GC heap before
{Heap before GC invocations=6 (full 0):
 PSYoungGen      total 29184K, used 11457K [0x00000000d5580000, 0x00000000d7800000, 0x0000000100000000)
  eden space 25088K, 29% used [0x00000000d5580000,0x00000000d5cb6728,0x00000000d6e00000)
  from space 4096K, 99% used [0x00000000d6e80000,0x00000000d7279e98,0x00000000d7280000)
  to   space 5120K, 0% used [0x00000000d7300000,0x00000000d7300000,0x00000000d7800000)
 ParOldGen       total 68608K, used 4823K [0x0000000080000000, 0x0000000084300000, 0x00000000d5580000)
  object space 68608K, 7% used [0x0000000080000000,0x00000000804b5fb8,0x0000000084300000)
 Metaspace       used 20828K, committed 21504K, reserved 1114112K
  class space    used 2057K, committed 2368K, reserved 1048576K
}
Event: 11.261 GC heap after
{Heap after GC invocations=6 (full 0):
 PSYoungGen      total 30208K, used 4574K [0x00000000d5580000, 0x00000000d7800000, 0x0000000100000000)
  eden space 25088K, 0% used [0x00000000d5580000,0x00000000d5580000,0x00000000d6e00000)
  from space 5120K, 89% used [0x00000000d7300000,0x00000000d7777a98,0x00000000d7800000)
  to   space 5120K, 0% used [0x00000000d6e00000,0x00000000d6e00000,0x00000000d7300000)
 ParOldGen       total 68608K, used 4823K [0x0000000080000000, 0x0000000084300000, 0x00000000d5580000)
  object space 68608K, 7% used [0x0000000080000000,0x00000000804b5fb8,0x0000000084300000)
 Metaspace       used 20828K, committed 21504K, reserved 1114112K
  class space    used 2057K, committed 2368K, reserved 1048576K
}
Event: 11.261 GC heap before
{Heap before GC invocations=7 (full 1):
 PSYoungGen      total 30208K, used 4574K [0x00000000d5580000, 0x00000000d7800000, 0x0000000100000000)
  eden space 25088K, 0% used [0x00000000d5580000,0x00000000d5580000,0x00000000d6e00000)
  from space 5120K, 89% used [0x00000000d7300000,0x00000000d7777a98,0x00000000d7800000)
  to   space 5120K, 0% used [0x00000000d6e00000,0x00000000d6e00000,0x00000000d7300000)
 ParOldGen       total 68608K, used 4823K [0x0000000080000000, 0x0000000084300000, 0x00000000d5580000)
  object space 68608K, 7% used [0x0000000080000000,0x00000000804b5fb8,0x0000000084300000)
 Metaspace       used 20828K, committed 21504K, reserved 1114112K
  class space    used 2057K, committed 2368K, reserved 1048576K
}
Event: 11.309 GC heap after
{Heap after GC invocations=7 (full 1):
 PSYoungGen      total 30208K, used 0K [0x00000000d5580000, 0x00000000d7800000, 0x0000000100000000)
  eden space 25088K, 0% used [0x00000000d5580000,0x00000000d5580000,0x00000000d6e00000)
  from space 5120K, 0% used [0x00000000d7300000,0x00000000d7300000,0x00000000d7800000)
  to   space 5120K, 0% used [0x00000000d6e00000,0x00000000d6e00000,0x00000000d7300000)
 ParOldGen       total 68608K, used 8955K [0x0000000080000000, 0x0000000084300000, 0x00000000d5580000)
  object space 68608K, 13% used [0x0000000080000000,0x00000000808bec80,0x0000000084300000)
 Metaspace       used 20815K, committed 21504K, reserved 1114112K
  class space    used 2054K, committed 2368K, reserved 1048576K
}
Event: 12.006 GC heap before
{Heap before GC invocations=8 (full 1):
 PSYoungGen      total 30208K, used 25088K [0x00000000d5580000, 0x00000000d7800000, 0x0000000100000000)
  eden space 25088K, 100% used [0x00000000d5580000,0x00000000d6e00000,0x00000000d6e00000)
  from space 5120K, 0% used [0x00000000d7300000,0x00000000d7300000,0x00000000d7800000)
  to   space 5120K, 0% used [0x00000000d6e00000,0x00000000d6e00000,0x00000000d7300000)
 ParOldGen       total 68608K, used 8955K [0x0000000080000000, 0x0000000084300000, 0x00000000d5580000)
  object space 68608K, 13% used [0x0000000080000000,0x00000000808bec80,0x0000000084300000)
 Metaspace       used 23021K, committed 23744K, reserved 1114112K
  class space    used 2234K, committed 2560K, reserved 1048576K
}
Event: 12.010 GC heap after
{Heap after GC invocations=8 (full 1):
 PSYoungGen      total 27648K, used 2609K [0x00000000d5580000, 0x00000000d7480000, 0x0000000100000000)
  eden space 24576K, 0% used [0x00000000d5580000,0x00000000d5580000,0x00000000d6d80000)
  from space 3072K, 84% used [0x00000000d6e00000,0x00000000d708c720,0x00000000d7100000)
  to   space 3584K, 0% used [0x00000000d7100000,0x00000000d7100000,0x00000000d7480000)
 ParOldGen       total 68608K, used 8963K [0x0000000080000000, 0x0000000084300000, 0x00000000d5580000)
  object space 68608K, 13% used [0x0000000080000000,0x00000000808c0c80,0x0000000084300000)
 Metaspace       used 23021K, committed 23744K, reserved 1114112K
  class space    used 2234K, committed 2560K, reserved 1048576K
}
Event: 13.761 GC heap before
{Heap before GC invocations=9 (full 1):
 PSYoungGen      total 27648K, used 27184K [0x00000000d5580000, 0x00000000d7480000, 0x0000000100000000)
  eden space 24576K, 99% used [0x00000000d5580000,0x00000000d6d7fa48,0x00000000d6d80000)
  from space 3072K, 84% used [0x00000000d6e00000,0x00000000d708c720,0x00000000d7100000)
  to   space 3584K, 0% used [0x00000000d7100000,0x00000000d7100000,0x00000000d7480000)
 ParOldGen       total 68608K, used 8963K [0x0000000080000000, 0x0000000084300000, 0x00000000d5580000)
  object space 68608K, 13% used [0x0000000080000000,0x00000000808c0c80,0x0000000084300000)
 Metaspace       used 26734K, committed 27520K, reserved 1114112K
  class space    used 2647K, committed 3008K, reserved 1048576K
}
Event: 13.766 GC heap after
{Heap after GC invocations=9 (full 1):
 PSYoungGen      total 26624K, used 3573K [0x00000000d5580000, 0x00000000d7700000, 0x0000000100000000)
  eden space 23040K, 0% used [0x00000000d5580000,0x00000000d5580000,0x00000000d6c00000)
  from space 3584K, 99% used [0x00000000d7100000,0x00000000d747d7c0,0x00000000d7480000)
  to   space 5120K, 0% used [0x00000000d6c00000,0x00000000d6c00000,0x00000000d7100000)
 ParOldGen       total 68608K, used 9855K [0x0000000080000000, 0x0000000084300000, 0x00000000d5580000)
  object space 68608K, 14% used [0x0000000080000000,0x000000008099fcf0,0x0000000084300000)
 Metaspace       used 26734K, committed 27520K, reserved 1114112K
  class space    used 2647K, committed 3008K, reserved 1048576K
}
Event: 14.537 GC heap before
{Heap before GC invocations=10 (full 1):
 PSYoungGen      total 26624K, used 26613K [0x00000000d5580000, 0x00000000d7700000, 0x0000000100000000)
  eden space 23040K, 100% used [0x00000000d5580000,0x00000000d6c00000,0x00000000d6c00000)
  from space 3584K, 99% used [0x00000000d7100000,0x00000000d747d7c0,0x00000000d7480000)
  to   space 5120K, 0% used [0x00000000d6c00000,0x00000000d6c00000,0x00000000d7100000)
 ParOldGen       total 68608K, used 9855K [0x0000000080000000, 0x0000000084300000, 0x00000000d5580000)
  object space 68608K, 14% used [0x0000000080000000,0x000000008099fcf0,0x0000000084300000)
 Metaspace       used 29608K, committed 30400K, reserved 1114112K
  class space    used 2975K, committed 3328K, reserved 1048576K
}
Event: 14.543 GC heap after
{Heap after GC invocations=10 (full 1):
 PSYoungGen      total 27648K, used 4896K [0x00000000d5580000, 0x00000000d7580000, 0x0000000100000000)
  eden space 22528K, 0% used [0x00000000d5580000,0x00000000d5580000,0x00000000d6b80000)
  from space 5120K, 95% used [0x00000000d6c00000,0x00000000d70c81d8,0x00000000d7100000)
  to   space 4608K, 0% used [0x00000000d7100000,0x00000000d7100000,0x00000000d7580000)
 ParOldGen       total 68608K, used 9863K [0x0000000080000000, 0x0000000084300000, 0x00000000d5580000)
  object space 68608K, 14% used [0x0000000080000000,0x00000000809a1cf0,0x0000000084300000)
 Metaspace       used 29608K, committed 30400K, reserved 1114112K
  class space    used 2975K, committed 3328K, reserved 1048576K
}

Dll operation events (10 events):
Event: 0.153 Loaded shared library c:\Users\muoi\.vscode\extensions\redhat.java-1.47.0-win32-x64\jre\21.0.8-win32-x86_64\bin\java.dll
Event: 0.681 Loaded shared library c:\Users\muoi\.vscode\extensions\redhat.java-1.47.0-win32-x64\jre\21.0.8-win32-x86_64\bin\zip.dll
Event: 0.978 Loaded shared library C:\Users\muoi\.vscode\extensions\redhat.java-1.47.0-win32-x64\jre\21.0.8-win32-x86_64\bin\instrument.dll
Event: 1.090 Loaded shared library C:\Users\muoi\.vscode\extensions\redhat.java-1.47.0-win32-x64\jre\21.0.8-win32-x86_64\bin\net.dll
Event: 1.097 Loaded shared library C:\Users\muoi\.vscode\extensions\redhat.java-1.47.0-win32-x64\jre\21.0.8-win32-x86_64\bin\nio.dll
Event: 1.104 Loaded shared library C:\Users\muoi\.vscode\extensions\redhat.java-1.47.0-win32-x64\jre\21.0.8-win32-x86_64\bin\zip.dll
Event: 1.267 Loaded shared library C:\Users\muoi\.vscode\extensions\redhat.java-1.47.0-win32-x64\jre\21.0.8-win32-x86_64\bin\jimage.dll
Event: 1.807 Loaded shared library c:\Users\muoi\.vscode\extensions\redhat.java-1.47.0-win32-x64\jre\21.0.8-win32-x86_64\bin\verify.dll
Event: 6.271 Loaded shared library C:\Users\muoi\AppData\Roaming\Code\User\globalStorage\redhat.java\1.47.0\config_ss_win\org.eclipse.equinox.launcher\org.eclipse.equinox.launcher.win32.win32.x86_64_1.2.1400.v20250801-0854\eclipse_11916.dll
Event: 9.831 Loaded shared library C:\Users\muoi\AppData\Local\Temp\jna-3363202\jna14678107167714439624.dll

Deoptimization events (20 events):
Event: 15.534 Thread 0x0000027c8a40f8a0 Uncommon trap: trap_request=0xffffff45 fr.pc=0x0000027c36c8abfc relative=0x00000000000000dc
Event: 15.534 Thread 0x0000027c8a40f210 Uncommon trap: trap_request=0xffffff45 fr.pc=0x0000027c36c8abfc relative=0x00000000000000dc
Event: 15.534 Thread 0x0000027c8a40f8a0 Uncommon trap: reason=unstable_if action=reinterpret pc=0x0000027c36c8abfc method=java.util.concurrent.locks.ReentrantReadWriteLock$Sync.tryReleaseShared(I)Z @ 9 c2
Event: 15.534 Thread 0x0000027c8a40f210 Uncommon trap: reason=unstable_if action=reinterpret pc=0x0000027c36c8abfc method=java.util.concurrent.locks.ReentrantReadWriteLock$Sync.tryReleaseShared(I)Z @ 9 c2
Event: 15.535 Thread 0x0000027c8a40f8a0 DEOPT PACKING pc=0x0000027c36c8abfc sp=0x000000d1a82fd660
Event: 15.535 Thread 0x0000027c8a40f210 DEOPT PACKING pc=0x0000027c36c8abfc sp=0x000000d1a72fdbe0
Event: 15.535 Thread 0x0000027c8a40f8a0 DEOPT UNPACKING pc=0x0000027c36593aa2 sp=0x000000d1a82fd5e0 mode 2
Event: 15.535 Thread 0x0000027c8a40f210 DEOPT UNPACKING pc=0x0000027c36593aa2 sp=0x000000d1a72fdb60 mode 2
Event: 15.675 Thread 0x0000027c8a40a9e0 Uncommon trap: trap_request=0xfffffff4 fr.pc=0x0000027c36c6342c relative=0x000000000000036c
Event: 15.675 Thread 0x0000027c8a40a9e0 Uncommon trap: reason=null_check action=make_not_entrant pc=0x0000027c36c6342c method=sun.invoke.util.VerifyType.isNullConversion(Ljava/lang/Class;Ljava/lang/Class;Z)Z @ 67 c2
Event: 15.675 Thread 0x0000027c8a40a9e0 DEOPT PACKING pc=0x0000027c36c6342c sp=0x000000d1a81fc490
Event: 15.675 Thread 0x0000027c8a40a9e0 DEOPT UNPACKING pc=0x0000027c36593aa2 sp=0x000000d1a81fc410 mode 2
Event: 15.679 Thread 0x0000027c8a40a9e0 Uncommon trap: trap_request=0xffffff45 fr.pc=0x0000027c36c87b40 relative=0x0000000000000340
Event: 15.679 Thread 0x0000027c8a40a9e0 Uncommon trap: reason=unstable_if action=reinterpret pc=0x0000027c36c87b40 method=java.lang.invoke.MethodType.genericMethodType(IZ)Ljava/lang/invoke/MethodType; @ 27 c2
Event: 15.679 Thread 0x0000027c8a40a9e0 DEOPT PACKING pc=0x0000027c36c87b40 sp=0x000000d1a81fb7e0
Event: 15.679 Thread 0x0000027c8a40a9e0 DEOPT UNPACKING pc=0x0000027c36593aa2 sp=0x000000d1a81fb6d8 mode 2
Event: 15.892 Thread 0x0000027c8a40f210 Uncommon trap: trap_request=0xffffff45 fr.pc=0x0000027c36c49b04 relative=0x00000000000000c4
Event: 15.892 Thread 0x0000027c8a40f210 Uncommon trap: reason=unstable_if action=reinterpret pc=0x0000027c36c49b04 method=java.lang.invoke.LambdaForm$BasicType.basicType(C)Ljava/lang/invoke/LambdaForm$BasicType; @ 1 c2
Event: 15.892 Thread 0x0000027c8a40f210 DEOPT PACKING pc=0x0000027c36c49b04 sp=0x000000d1a72fc570
Event: 15.892 Thread 0x0000027c8a40f210 DEOPT UNPACKING pc=0x0000027c36593aa2 sp=0x000000d1a72fc4a0 mode 2

Classes loaded (20 events):
Event: 15.786 Loading class java/nio/file/FileTreeWalker$Event
Event: 15.786 Loading class java/nio/file/FileTreeWalker$Event done
Event: 15.786 Loading class java/nio/file/FileTreeWalker$EventType
Event: 15.786 Loading class java/nio/file/FileTreeWalker$EventType done
Event: 15.786 Loading class java/nio/file/Files$3
Event: 15.786 Loading class java/nio/file/Files$3 done
Event: 15.787 Loading class java/nio/file/FileVisitResult
Event: 15.788 Loading class java/nio/file/FileVisitResult done
Event: 15.883 Loading class java/lang/runtime/ObjectMethods
Event: 15.883 Loading class java/lang/runtime/ObjectMethods done
Event: 15.887 Loading class java/lang/invoke/MethodHandleImpl$Makers
Event: 15.887 Loading class java/lang/invoke/MethodHandleImpl$Makers done
Event: 15.887 Loading class java/lang/invoke/MethodHandleImpl$Makers$1
Event: 15.888 Loading class java/lang/invoke/MethodHandleImpl$Makers$1 done
Event: 15.888 Loading class java/lang/invoke/MethodHandleImpl$Makers$2
Event: 15.888 Loading class java/lang/invoke/MethodHandleImpl$Makers$2 done
Event: 15.888 Loading class java/lang/invoke/MethodHandleImpl$Makers$3
Event: 15.888 Loading class java/lang/invoke/MethodHandleImpl$Makers$3 done
Event: 15.893 Loading class java/lang/runtime/ObjectMethods$1
Event: 15.894 Loading class java/lang/runtime/ObjectMethods$1 done

Classes unloaded (7 events):
Event: 11.270 Thread 0x0000027c2bec0b70 Unloading class 0x0000027c44191400 'java/lang/invoke/LambdaForm$MH+0x0000027c44191400'
Event: 11.270 Thread 0x0000027c2bec0b70 Unloading class 0x0000027c44191000 'java/lang/invoke/LambdaForm$MH+0x0000027c44191000'
Event: 11.270 Thread 0x0000027c2bec0b70 Unloading class 0x0000027c44190c00 'java/lang/invoke/LambdaForm$MH+0x0000027c44190c00'
Event: 11.270 Thread 0x0000027c2bec0b70 Unloading class 0x0000027c44190800 'java/lang/invoke/LambdaForm$MH+0x0000027c44190800'
Event: 11.270 Thread 0x0000027c2bec0b70 Unloading class 0x0000027c44190400 'java/lang/invoke/LambdaForm$BMH+0x0000027c44190400'
Event: 11.270 Thread 0x0000027c2bec0b70 Unloading class 0x0000027c44190000 'java/lang/invoke/LambdaForm$DMH+0x0000027c44190000'
Event: 11.270 Thread 0x0000027c2bec0b70 Unloading class 0x0000027c4418ec00 'java/lang/invoke/LambdaForm$DMH+0x0000027c4418ec00'

Classes redefined (0 events):
No events

Internal exceptions (20 events):
Event: 14.095 Thread 0x0000027c29b9b780 Exception <a 'java/lang/NoSuchMethodError'{0x00000000d6032a78}: 'void java.lang.invoke.DirectMethodHandle$Holder.invokeSpecial(java.lang.Object, java.lang.Object, java.lang.Object, java.lang.Object, java.lang.Object, java.lang.Object)'> (0x00000000d6032a78) 
thrown [s\src\hotspot\share\interpreter\linkResolver.cpp, line 773]
Event: 14.096 Thread 0x0000027c29b9b780 Exception <a 'java/lang/IncompatibleClassChangeError'{0x00000000d603abf8}: Found class java.lang.Object, but interface was expected> (0x00000000d603abf8) 
thrown [s\src\hotspot\share\interpreter\linkResolver.cpp, line 840]
Event: 14.097 Thread 0x0000027c29b9b780 Exception <a 'java/lang/IncompatibleClassChangeError'{0x00000000d603c9e8}: Found class java.lang.Object, but interface was expected> (0x00000000d603c9e8) 
thrown [s\src\hotspot\share\interpreter\linkResolver.cpp, line 840]
Event: 14.477 Thread 0x0000027c8a40a9e0 Exception <a 'java/lang/NoSuchMethodError'{0x00000000d66753f8}: 'java.lang.Object java.lang.invoke.DirectMethodHandle$Holder.invokeInterface(java.lang.Object, java.lang.Object, java.lang.Object)'> (0x00000000d66753f8) 
thrown [s\src\hotspot\share\interpreter\linkResolver.cpp, line 773]
Event: 14.514 Thread 0x0000027c8a40a9e0 Exception <a 'java/io/FileNotFoundException'{0x00000000d6710528}> (0x00000000d6710528) 
thrown [s\src\hotspot\share\prims\jni.cpp, line 520]
Event: 14.588 Thread 0x0000027c8a40a9e0 Exception <a 'sun/nio/fs/WindowsException'{0x00000000d566e8d0}> (0x00000000d566e8d0) 
thrown [s\src\hotspot\share\prims\jni.cpp, line 520]
Event: 15.467 Thread 0x0000027c8a40a9e0 Exception <a 'java/lang/IncompatibleClassChangeError'{0x00000000d5943a80}: Found class java.lang.Object, but interface was expected> (0x00000000d5943a80) 
thrown [s\src\hotspot\share\interpreter\linkResolver.cpp, line 840]
Event: 15.502 Thread 0x0000027c8a40a9e0 Exception <a 'java/lang/IncompatibleClassChangeError'{0x00000000d5a5d990}: Found class java.lang.Object, but interface was expected> (0x00000000d5a5d990) 
thrown [s\src\hotspot\share\interpreter\linkResolver.cpp, line 840]
Event: 15.675 Thread 0x0000027c8a40a9e0 Implicit null exception at 0x0000027c36c63191 to 0x0000027c36c63418
Event: 15.675 Thread 0x0000027c8a40a9e0 Exception <a 'java/lang/NoSuchMethodError'{0x00000000d5ef4270}: 'long java.lang.invoke.DirectMethodHandle$Holder.invokeStatic(java.lang.Object, java.lang.Object, int)'> (0x00000000d5ef4270) 
thrown [s\src\hotspot\share\interpreter\linkResolver.cpp, line 773]
Event: 15.676 Thread 0x0000027c8a40a9e0 Exception <a 'java/lang/NoSuchMethodError'{0x00000000d5efe960}: 'java.lang.Object java.lang.invoke.DelegatingMethodHandle$Holder.reinvoke_L(java.lang.Object, int, long, java.lang.Object, java.lang.Object, int, java.lang.Object)'> (0x00000000d5efe960) 
thrown [s\src\hotspot\share\interpreter\linkResolver.cpp, line 773]
Event: 15.884 Thread 0x0000027c8a40f210 Exception <a 'java/lang/NoSuchMethodError'{0x00000000d64d62f0}: 'java.lang.Object java.lang.invoke.DirectMethodHandle$Holder.invokeStaticInit(java.lang.Object, java.lang.Object, java.lang.Object, java.lang.Object, java.lang.Object, java.lang.Object, java.lang.Object)'> (0x00000000d64d62f0) 
thrown [s\src\hotspot\share\interpreter\linkResolver.cpp, line 773]
Event: 15.884 Thread 0x0000027c8a40f8a0 Exception <a 'java/lang/NoSuchMethodError'{0x00000000d64ea3a8}: 'java.lang.Object java.lang.invoke.DirectMethodHandle$Holder.invokeStaticInit(java.lang.Object, java.lang.Object, java.lang.Object, java.lang.Object, java.lang.Object, java.lang.Object, java.lang.Object)'> (0x00000000d64ea3a8) 
thrown [s\src\hotspot\share\interpreter\linkResolver.cpp, line 773]
Event: 15.884 Thread 0x0000027c8a40a9e0 Exception <a 'java/lang/NoSuchMethodError'{0x00000000d64b0d28}: 'java.lang.Object java.lang.invoke.DirectMethodHandle$Holder.invokeStaticInit(java.lang.Object, java.lang.Object, java.lang.Object, java.lang.Object, java.lang.Object, java.lang.Object, java.lang.Object)'> (0x00000000d64b0d28) 
thrown [s\src\hotspot\share\interpreter\linkResolver.cpp, line 773]
Event: 15.886 Thread 0x0000027c8a40f210 Exception <a 'java/lang/NoSuchMethodError'{0x00000000d64f24f0}: 'java.lang.Object java.lang.invoke.Invokers$Holder.invoke_MT(java.lang.Object, java.lang.Object, java.lang.Object, java.lang.Object, java.lang.Object, java.lang.Object, java.lang.Object, java.lang.Object, java.lang.Object, java.lang.Object)'> (0x00000000d64f24f0) 
thrown [s\src\hotspot\share\interpreter\linkResolver.cpp, line 773]
Event: 15.886 Thread 0x0000027c8a40f8a0 Exception <a 'java/lang/NoSuchMethodError'{0x00000000d64ef030}: 'java.lang.Object java.lang.invoke.Invokers$Holder.invoke_MT(java.lang.Object, java.lang.Object, java.lang.Object, java.lang.Object, java.lang.Object, java.lang.Object, java.lang.Object, java.lang.Object, java.lang.Object, java.lang.Object)'> (0x00000000d64ef030) 
thrown [s\src\hotspot\share\interpreter\linkResolver.cpp, line 773]
Event: 15.886 Thread 0x0000027c8a40a9e0 Exception <a 'java/lang/NoSuchMethodError'{0x00000000d64b5500}: 'java.lang.Object java.lang.invoke.Invokers$Holder.invoke_MT(java.lang.Object, java.lang.Object, java.lang.Object, java.lang.Object, java.lang.Object, java.lang.Object, java.lang.Object, java.lang.Object, java.lang.Object, java.lang.Object)'> (0x00000000d64b5500) 
thrown [s\src\hotspot\share\interpreter\linkResolver.cpp, line 773]
Event: 15.894 Thread 0x0000027c8a40f210 Exception <a 'java/lang/NoSuchMethodError'{0x00000000d656f218}: 'int java.lang.invoke.DirectMethodHandle$Holder.invokeVirtual(java.lang.Object, java.lang.Object, java.lang.Object)'> (0x00000000d656f218) 
thrown [s\src\hotspot\share\interpreter\linkResolver.cpp, line 773]
Event: 15.895 Thread 0x0000027c8a40f210 Exception <a 'java/lang/NoSuchMethodError'{0x00000000d65735c0}: 'int java.lang.invoke.DirectMethodHandle$Holder.invokeStaticInit(java.lang.Object, int, int)'> (0x00000000d65735c0) 
thrown [s\src\hotspot\share\interpreter\linkResolver.cpp, line 773]
Event: 15.896 Thread 0x0000027c8a40f210 Exception <a 'java/lang/NoSuchMethodError'{0x00000000d657b050}: 'int java.lang.invoke.DirectMethodHandle$Holder.invokeStaticInit(java.lang.Object, long, long)'> (0x00000000d657b050) 
thrown [s\src\hotspot\share\interpreter\linkResolver.cpp, line 773]

ZGC Phase Switch (0 events):
No events

VM Operations (20 events):
Event: 13.227 Executing VM operation: HandshakeAllThreads (Deoptimize) done
Event: 13.227 Executing VM operation: Cleanup
Event: 13.227 Executing VM operation: Cleanup done
Event: 13.761 Executing VM operation: ParallelGCFailedAllocation (Allocation Failure)
Event: 13.766 Executing VM operation: ParallelGCFailedAllocation (Allocation Failure) done
Event: 14.497 Executing VM operation: HandshakeAllThreads (Deoptimize)
Event: 14.497 Executing VM operation: HandshakeAllThreads (Deoptimize) done
Event: 14.537 Executing VM operation: ParallelGCFailedAllocation (Allocation Failure)
Event: 14.543 Executing VM operation: ParallelGCFailedAllocation (Allocation Failure) done
Event: 15.552 Executing VM operation: Cleanup
Event: 15.552 Executing VM operation: Cleanup done
Event: 15.642 Executing VM operation: HandshakeAllThreads (Deoptimize)
Event: 15.642 Executing VM operation: HandshakeAllThreads (Deoptimize) done
Event: 15.653 Executing VM operation: HandshakeAllThreads (Deoptimize)
Event: 15.653 Executing VM operation: HandshakeAllThreads (Deoptimize) done
Event: 15.709 Executing VM operation: HandshakeAllThreads (Deoptimize)
Event: 15.709 Executing VM operation: HandshakeAllThreads (Deoptimize) done
Event: 15.710 Executing VM operation: HandshakeAllThreads (Deoptimize)
Event: 15.710 Executing VM operation: HandshakeAllThreads (Deoptimize) done
Event: 16.709 Executing VM operation: Cleanup

Memory protections (0 events):
No events

Nmethod flushes (0 events):
No events

Events (20 events):
Event: 12.321 Thread 0x0000027c8ad099a0 Thread exited: 0x0000027c8ad099a0
Event: 12.828 Thread 0x0000027c8a864170 Thread exited: 0x0000027c8a864170
Event: 13.251 Thread 0x0000027c8527bac0 Thread added: 0x0000027c8a862660
Event: 13.579 Thread 0x0000027c29b9b780 Thread added: 0x0000027c8a863ae0
Event: 13.579 Thread 0x0000027c29b9b780 Thread added: 0x0000027c8a864170
Event: 13.580 Thread 0x0000027c29b9b780 Thread added: 0x0000027c8a863450
Event: 13.580 Thread 0x0000027c29b9b780 Thread added: 0x0000027c8a409cc0
Event: 13.580 Thread 0x0000027c29b9b780 Thread added: 0x0000027c8a40d140
Event: 13.580 Thread 0x0000027c29b9b780 Thread added: 0x0000027c8a40b700
Event: 13.581 Thread 0x0000027c29b9b780 Thread added: 0x0000027c8a40b070
Event: 13.581 Thread 0x0000027c29b9b780 Thread added: 0x0000027c8a40bd90
Event: 13.581 Thread 0x0000027c29b9b780 Thread added: 0x0000027c8a40a350
Event: 13.627 Thread 0x0000027c29b9b780 Thread added: 0x0000027c8a40c420
Event: 14.066 Thread 0x0000027c8a248c80 Thread added: 0x0000027c8a40d7d0
Event: 14.131 Thread 0x0000027c29b9b780 Thread added: 0x0000027c8a40de60
Event: 14.131 Thread 0x0000027c29b9b780 Thread added: 0x0000027c8a40a9e0
Event: 15.467 Thread 0x0000027c8a862660 Thread exited: 0x0000027c8a862660
Event: 15.512 Thread 0x0000027c8a40a9e0 Thread added: 0x0000027c8a40f210
Event: 15.515 Thread 0x0000027c8a40a9e0 Thread added: 0x0000027c8a40f8a0
Event: 15.762 Thread 0x0000027c8527bac0 Thread added: 0x0000027c8c08d560


Dynamic libraries:
0x00007ff787590000 - 0x00007ff78759e000 	c:\Users\muoi\.vscode\extensions\redhat.java-1.47.0-win32-x64\jre\21.0.8-win32-x86_64\bin\java.exe
0x00007ffeb7ca0000 - 0x00007ffeb7f08000 	C:\WINDOWS\SYSTEM32\ntdll.dll
0x00007ffeb6f20000 - 0x00007ffeb6fe9000 	C:\WINDOWS\System32\KERNEL32.DLL
0x00007ffeb52f0000 - 0x00007ffeb56e2000 	C:\WINDOWS\System32\KERNELBASE.dll
0x00007ffeb4f00000 - 0x00007ffeb504b000 	C:\WINDOWS\System32\ucrtbase.dll
0x00007ffea03e0000 - 0x00007ffea03f8000 	c:\Users\muoi\.vscode\extensions\redhat.java-1.47.0-win32-x64\jre\21.0.8-win32-x86_64\bin\jli.dll
0x00007ffeb6540000 - 0x00007ffeb6705000 	C:\WINDOWS\System32\USER32.dll
0x00007ffeb4ed0000 - 0x00007ffeb4ef7000 	C:\WINDOWS\System32\win32u.dll
0x00007ffeb5ae0000 - 0x00007ffeb5b0b000 	C:\WINDOWS\System32\GDI32.dll
0x00007ffeb51c0000 - 0x00007ffeb52ed000 	C:\WINDOWS\System32\gdi32full.dll
0x00007ffeb5110000 - 0x00007ffeb51b3000 	C:\WINDOWS\System32\msvcp_win.dll
0x00007ffe9fdd0000 - 0x00007ffea0063000 	C:\WINDOWS\WinSxS\amd64_microsoft.windows.common-controls_6595b64144ccf1df_6.0.26100.6899_none_3e0efeeae32e88c1\COMCTL32.dll
0x00007ffeb6e70000 - 0x00007ffeb6f19000 	C:\WINDOWS\System32\msvcrt.dll
0x00007ffe9ddf0000 - 0x00007ffe9de0e000 	c:\Users\muoi\.vscode\extensions\redhat.java-1.47.0-win32-x64\jre\21.0.8-win32-x86_64\bin\VCRUNTIME140.dll
0x00007ffeb6890000 - 0x00007ffeb68bf000 	C:\WINDOWS\System32\IMM32.DLL
0x00007ffe98540000 - 0x00007ffe9854c000 	c:\Users\muoi\.vscode\extensions\redhat.java-1.47.0-win32-x64\jre\21.0.8-win32-x86_64\bin\vcruntime140_1.dll
0x00007ffe46ac0000 - 0x00007ffe46b4d000 	c:\Users\muoi\.vscode\extensions\redhat.java-1.47.0-win32-x64\jre\21.0.8-win32-x86_64\bin\msvcp140.dll
0x00007ffe28f80000 - 0x00007ffe29d17000 	c:\Users\muoi\.vscode\extensions\redhat.java-1.47.0-win32-x64\jre\21.0.8-win32-x86_64\bin\server\jvm.dll
0x00007ffeb67d0000 - 0x00007ffeb6884000 	C:\WINDOWS\System32\ADVAPI32.dll
0x00007ffeb6490000 - 0x00007ffeb6536000 	C:\WINDOWS\System32\sechost.dll
0x00007ffeb5b20000 - 0x00007ffeb5c38000 	C:\WINDOWS\System32\RPCRT4.dll
0x00007ffeb68d0000 - 0x00007ffeb6944000 	C:\WINDOWS\System32\WS2_32.dll
0x00007ffeb4c90000 - 0x00007ffeb4cee000 	C:\WINDOWS\SYSTEM32\POWRPROF.dll
0x00007ffea0f90000 - 0x00007ffea0fc5000 	C:\WINDOWS\SYSTEM32\WINMM.dll
0x00007ffea3c10000 - 0x00007ffea3c1b000 	C:\WINDOWS\SYSTEM32\VERSION.dll
0x00007ffeb4c70000 - 0x00007ffeb4c84000 	C:\WINDOWS\SYSTEM32\UMPDC.dll
0x00007ffeb3bc0000 - 0x00007ffeb3bdb000 	C:\WINDOWS\SYSTEM32\kernel.appcore.dll
0x00007ffe8f4f0000 - 0x00007ffe8f4fa000 	c:\Users\muoi\.vscode\extensions\redhat.java-1.47.0-win32-x64\jre\21.0.8-win32-x86_64\bin\jimage.dll
0x00007ffeaf3b0000 - 0x00007ffeaf5f2000 	C:\WINDOWS\SYSTEM32\DBGHELP.DLL
0x00007ffeb71d0000 - 0x00007ffeb754b000 	C:\WINDOWS\System32\combase.dll
0x00007ffeb5c40000 - 0x00007ffeb5d17000 	C:\WINDOWS\System32\OLEAUT32.dll
0x00007ffea00c0000 - 0x00007ffea00fc000 	C:\WINDOWS\SYSTEM32\dbgcore.DLL
0x00007ffeb4e30000 - 0x00007ffeb4ec8000 	C:\WINDOWS\System32\bcryptPrimitives.dll
0x00007ffe8b820000 - 0x00007ffe8b82f000 	c:\Users\muoi\.vscode\extensions\redhat.java-1.47.0-win32-x64\jre\21.0.8-win32-x86_64\bin\instrument.dll
0x00007ffe833c0000 - 0x00007ffe833df000 	c:\Users\muoi\.vscode\extensions\redhat.java-1.47.0-win32-x64\jre\21.0.8-win32-x86_64\bin\java.dll
0x00007ffeb5d40000 - 0x00007ffeb648d000 	C:\WINDOWS\System32\SHELL32.dll
0x00007ffeb5780000 - 0x00007ffeb58eb000 	C:\WINDOWS\System32\wintypes.dll
0x00007ffeb2a60000 - 0x00007ffeb32bd000 	C:\WINDOWS\SYSTEM32\windows.storage.dll
0x00007ffeb7780000 - 0x00007ffeb7872000 	C:\WINDOWS\System32\SHCORE.dll
0x00007ffeb5a70000 - 0x00007ffeb5ad2000 	C:\WINDOWS\System32\shlwapi.dll
0x00007ffeb4d50000 - 0x00007ffeb4d79000 	C:\WINDOWS\SYSTEM32\profapi.dll
0x00007ffe833a0000 - 0x00007ffe833b8000 	c:\Users\muoi\.vscode\extensions\redhat.java-1.47.0-win32-x64\jre\21.0.8-win32-x86_64\bin\zip.dll
0x00007ffe8ab20000 - 0x00007ffe8ab30000 	C:\Users\muoi\.vscode\extensions\redhat.java-1.47.0-win32-x64\jre\21.0.8-win32-x86_64\bin\net.dll
0x00007ffeb2220000 - 0x00007ffeb233f000 	C:\WINDOWS\SYSTEM32\WINHTTP.dll
0x00007ffeb4110000 - 0x00007ffeb417b000 	C:\WINDOWS\system32\mswsock.dll
0x00007ffe7d2f0000 - 0x00007ffe7d306000 	C:\Users\muoi\.vscode\extensions\redhat.java-1.47.0-win32-x64\jre\21.0.8-win32-x86_64\bin\nio.dll
0x00007ffe88590000 - 0x00007ffe885a0000 	c:\Users\muoi\.vscode\extensions\redhat.java-1.47.0-win32-x64\jre\21.0.8-win32-x86_64\bin\verify.dll
0x00007ffe569f0000 - 0x00007ffe56a34000 	C:\Users\muoi\AppData\Roaming\Code\User\globalStorage\redhat.java\1.47.0\config_ss_win\org.eclipse.equinox.launcher\org.eclipse.equinox.launcher.win32.win32.x86_64_1.2.1400.v20250801-0854\eclipse_11916.dll
0x00007ffeb7ac0000 - 0x00007ffeb7c58000 	C:\WINDOWS\System32\ole32.dll
0x00007ffeb44f0000 - 0x00007ffeb450b000 	C:\WINDOWS\SYSTEM32\CRYPTSP.dll
0x00007ffeb3b20000 - 0x00007ffeb3b5b000 	C:\WINDOWS\system32\rsaenh.dll
0x00007ffeb41b0000 - 0x00007ffeb41db000 	C:\WINDOWS\SYSTEM32\USERENV.dll
0x00007ffeb4d20000 - 0x00007ffeb4d46000 	C:\WINDOWS\SYSTEM32\bcrypt.dll
0x00007ffeb4350000 - 0x00007ffeb435c000 	C:\WINDOWS\SYSTEM32\CRYPTBASE.dll
0x00007ffeb3610000 - 0x00007ffeb3644000 	C:\WINDOWS\SYSTEM32\IPHLPAPI.DLL
0x00007ffeb5d20000 - 0x00007ffeb5d2a000 	C:\WINDOWS\System32\NSI.dll
0x00007ffe52f40000 - 0x00007ffe52f89000 	C:\Users\muoi\AppData\Local\Temp\jna-3363202\jna14678107167714439624.dll
0x00007ffeb6950000 - 0x00007ffeb6958000 	C:\WINDOWS\System32\PSAPI.DLL
0x00007ffea6870000 - 0x00007ffea688e000 	C:\WINDOWS\SYSTEM32\dhcpcsvc6.DLL
0x00007ffea6840000 - 0x00007ffea6863000 	C:\WINDOWS\SYSTEM32\dhcpcsvc.DLL

JVMTI agents:
c:\Users\muoi\.vscode\extensions\redhat.java-1.47.0-win32-x64\lombok\lombok-1.18.39-4050.jar path:c:\Users\muoi\.vscode\extensions\redhat.java-1.47.0-win32-x64\jre\21.0.8-win32-x86_64\bin\instrument.dll, loaded, initialized, instrumentlib options:none

dbghelp: loaded successfully - version: 4.0.5 - missing functions: none
symbol engine: initialized successfully - sym options: 0x614 - pdb path: .;c:\Users\muoi\.vscode\extensions\redhat.java-1.47.0-win32-x64\jre\21.0.8-win32-x86_64\bin;C:\WINDOWS\SYSTEM32;C:\WINDOWS\WinSxS\amd64_microsoft.windows.common-controls_6595b64144ccf1df_6.0.26100.6899_none_3e0efeeae32e88c1;c:\Users\muoi\.vscode\extensions\redhat.java-1.47.0-win32-x64\jre\21.0.8-win32-x86_64\bin\server;C:\Users\muoi\AppData\Roaming\Code\User\globalStorage\redhat.java\1.47.0\config_ss_win\org.eclipse.equinox.launcher\org.eclipse.equinox.launcher.win32.win32.x86_64_1.2.1400.v20250801-0854;C:\Users\muoi\AppData\Local\Temp\jna-3363202

VM Arguments:
jvm_args: --add-modules=ALL-SYSTEM --add-opens=java.base/java.util=ALL-UNNAMED --add-opens=java.base/java.lang=ALL-UNNAMED --add-opens=java.base/sun.nio.fs=ALL-UNNAMED -Declipse.application=org.eclipse.jdt.ls.core.id1 -Dosgi.bundles.defaultStartLevel=4 -Declipse.product=org.eclipse.jdt.ls.core.product -Djava.import.generatesMetadataFilesAtProjectRoot=false -DDetectVMInstallationsJob.disabled=true -Dfile.encoding=utf8 -XX:+UseParallelGC -XX:GCTimeRatio=4 -XX:AdaptiveSizePolicyWeight=90 -Dsun.zip.disableMemoryMapping=true -Xmx2G -Xms100m -Xlog:disable -javaagent:c:\Users\muoi\.vscode\extensions\redhat.java-1.47.0-win32-x64\lombok\lombok-1.18.39-4050.jar 
java_command: c:\Users\muoi\.vscode\extensions\redhat.java-1.47.0-win32-x64\server\plugins\org.eclipse.equinox.launcher_1.7.100.v20251014-1222.jar -configuration c:\Users\muoi\AppData\Roaming\Code\User\globalStorage\redhat.java\1.47.0\config_ss_win -data c:\Users\muoi\AppData\Roaming\Code\User\workspaceStorage\3b6326af63195a8f6cf2a6cf719f9c90\redhat.java\ss_ws --pipe=\\.\pipe\lsp-dc09f04c2ad3ae64a039b9cde0705c2d-sock
java_class_path (initial): c:\Users\muoi\.vscode\extensions\redhat.java-1.47.0-win32-x64\server\plugins\org.eclipse.equinox.launcher_1.7.100.v20251014-1222.jar
Launcher Type: SUN_STANDARD

[Global flags]
    uintx AdaptiveSizePolicyWeight                 = 90                                        {product} {command line}
     intx CICompilerCount                          = 4                                         {product} {ergonomic}
    uintx GCTimeRatio                              = 4                                         {product} {command line}
   size_t InitialHeapSize                          = 104857600                                 {product} {command line}
   size_t MaxHeapSize                              = 2147483648                                {product} {command line}
   size_t MaxNewSize                               = 715653120                                 {product} {ergonomic}
   size_t MinHeapDeltaBytes                        = 524288                                    {product} {ergonomic}
   size_t MinHeapSize                              = 104857600                                 {product} {command line}
   size_t NewSize                                  = 34603008                                  {product} {ergonomic}
    uintx NonNMethodCodeHeapSize                   = 5839372                                {pd product} {ergonomic}
    uintx NonProfiledCodeHeapSize                  = 122909434                              {pd product} {ergonomic}
   size_t OldSize                                  = 70254592                                  {product} {ergonomic}
    uintx ProfiledCodeHeapSize                     = 122909434                              {pd product} {ergonomic}
    uintx ReservedCodeCacheSize                    = 251658240                              {pd product} {ergonomic}
     bool SegmentedCodeCache                       = true                                      {product} {ergonomic}
   size_t SoftMaxHeapSize                          = 2147483648                             {manageable} {ergonomic}
     bool UseCompressedOops                        = true                           {product lp64_product} {ergonomic}
     bool UseLargePagesIndividualAllocation        = false                                  {pd product} {ergonomic}
     bool UseParallelGC                            = true                                      {product} {command line}

Logging:
Log output configuration:
 #0: stdout all=off uptime,level,tags foldmultilines=false
 #1: stderr all=off uptime,level,tags foldmultilines=false

Environment Variables:
JAVA_HOME=C:\Program Files\Java\jdk-21
PATH=C:\Program Files\Common Files\Oracle\Java\javapath;C:\WINDOWS\system32;C:\WINDOWS;C:\WINDOWS\System32\Wbem;C:\WINDOWS\System32\WindowsPowerShell\v1.0\;C:\WINDOWS\System32\OpenSSH\;c:\Users\muoi\AppData\Local\Programs\cursor\resources\app\bin;C:\Program Files\Git\cmd;C:\Program Files\Java\jdk-21\bin;C:\Users\muoi\AppData\Roaming\nvm;C:\Program Files\nodejs;C:\Users\muoi\Downloads\Auto_Golike_Fram;C:\Program Files\dotnet\;C:\Program Files\Docker\Docker\resources\bin;C:\Users\muoi\Downloads\apache-maven-3.9.11-bin (1)\apache-maven-3.9.11\bin;C:\Users\muoi\Downloads\apache-maven-3.9.11-bin\apache-maven-3.9.11\bin;C:\Program Files\cursor\resources\app\bin;C:\Users\muoi\AppData\Local\Programs\Python\Python312\Scripts\;C:\Users\muoi\AppData\Local\Programs\Python\Python312\;C:\Users\muoi\AppData\Local\Programs\Python\Launcher\;C:\Users\muoi\AppData\Local\Microsoft\WindowsApps;C:\Users\muoi\AppData\Local\Programs\Microsoft VS Code\bin;C:\Users\muoi\AppData\Roaming\nvm;C:\Program Files\nodejs;C:\platform-tools;C:\Users\muoi\.dotnet\tools
USERNAME=muoi
OS=Windows_NT
PROCESSOR_IDENTIFIER=Intel64 Family 6 Model 142 Stepping 10, GenuineIntel
TMP=C:\Users\muoi\AppData\Local\Temp
TEMP=C:\Users\muoi\AppData\Local\Temp




Periodic native trim disabled

---------------  S Y S T E M  ---------------

OS:
 Windows 11 , 64 bit Build 26100 (10.0.26100.6725)
OS uptime: 0 days 1:15 hours
Hyper-V role detected

CPU: total 8 (initial active 8) (4 cores per cpu, 2 threads per core) family 6 model 142 stepping 10 microcode 0xe0, cx8, cmov, fxsr, ht, mmx, 3dnowpref, sse, sse2, sse3, ssse3, sse4.1, sse4.2, popcnt, lzcnt, tsc, tscinvbit, avx, avx2, aes, erms, clmul, bmi1, bmi2, adx, fma, vzeroupper, clflush, clflushopt, hv, rdtscp, f16c
Processor Information for the first 8 processors :
  Max Mhz: 1801, Current Mhz: 1801, Mhz Limit: 1801

Memory: 4k page, system-wide physical 16243M (612M free)
TotalPageFile size 16243M (AvailPageFile size 71M)
current process WorkingSet (physical memory assigned to process): 169M, peak: 169M
current process commit charge ("private bytes"): 300M, peak: 301M

vm_info: OpenJDK 64-Bit Server VM (21.0.8+9-LTS) for windows-amd64 JRE (21.0.8+9-LTS), built on 2025-07-15T00:00:00Z by "admin" with MS VC++ 17.7 (VS2022)

END.
