#
# There is insufficient memory for the Java Runtime Environment to continue.
# Native memory allocation (malloc) failed to allocate 1048576 bytes. Error detail: AllocateHeap
# Possible reasons:
#   The system is out of physical RAM or swap space
#   This process is running with CompressedOops enabled, and the Java Heap may be blocking the growth of the native heap
# Possible solutions:
#   Reduce memory load on the system
#   Increase physical memory or swap space
#   Check if swap backing store is full
#   Decrease Java heap size (-Xmx/-Xms)
#   Decrease number of Java threads
#   Decrease Java thread stack sizes (-Xss)
#   Set larger code cache with -XX:ReservedCodeCacheSize=
#   JVM is running with Unscaled Compressed Oops mode in which the Java heap is
#     placed in the first 4GB address space. The Java Heap base address is the
#     maximum limit for the native heap growth. Please use -XX:HeapBaseMinAddress
#     to set the Java Heap base and to place the Java Heap above 4GB virtual address.
# This output file may be truncated or incomplete.
#
#  Out of Memory Error (allocation.cpp:44), pid=3784, tid=9968
#
# JRE version: OpenJDK Runtime Environment Temurin-21.0.8+9 (21.0.8+9) (build 21.0.8+9-LTS)
# Java VM: OpenJDK 64-Bit Server VM Temurin-21.0.8+9 (21.0.8+9-LTS, mixed mode, sharing, tiered, compressed oops, compressed class ptrs, parallel gc, windows-amd64)
# No core dump will be written. Minidumps are not enabled by default on client versions of Windows
#

---------------  S U M M A R Y ------------

Command Line: --add-modules=ALL-SYSTEM --add-opens=java.base/java.util=ALL-UNNAMED --add-opens=java.base/java.lang=ALL-UNNAMED --add-opens=java.base/sun.nio.fs=ALL-UNNAMED -Declipse.application=org.eclipse.jdt.ls.core.id1 -Dosgi.bundles.defaultStartLevel=4 -Declipse.product=org.eclipse.jdt.ls.core.product -Djava.import.generatesMetadataFilesAtProjectRoot=false -DDetectVMInstallationsJob.disabled=true -Dfile.encoding=utf8 -XX:+UseParallelGC -XX:GCTimeRatio=4 -XX:AdaptiveSizePolicyWeight=90 -Dsun.zip.disableMemoryMapping=true -Xmx2G -Xms100m -Xlog:disable -javaagent:c:\Users\muoi\.vscode\extensions\redhat.java-1.46.0-win32-x64\lombok\lombok-1.18.39-4050.jar -XX:+HeapDumpOnOutOfMemoryError -XX:HeapDumpPath=c:\Users\muoi\AppData\Roaming\Code\User\workspaceStorage\3b6326af63195a8f6cf2a6cf719f9c90\redhat.java -Daether.dependencyCollector.impl=bf c:\Users\muoi\.vscode\extensions\redhat.java-1.46.0-win32-x64\server\plugins\org.eclipse.equinox.launcher_1.7.0.v20250519-0528.jar -configuration c:\Users\muoi\AppData\Roaming\Code\User\globalStorage\redhat.java\1.46.0\config_win -data c:\Users\muoi\AppData\Roaming\Code\User\workspaceStorage\3b6326af63195a8f6cf2a6cf719f9c90\redhat.java\jdt_ws --pipe=\\.\pipe\lsp-d2d2b4b25a2384a1034fe97a4eeec434-sock

Host: Intel(R) Core(TM) i5-8250U CPU @ 1.60GHz, 8 cores, 15G,  Windows 11 , 64 bit Build 26100 (10.0.26100.6725)
Time: Wed Oct 29 09:21:32 2025 SE Asia Standard Time elapsed time: 3921.930698 seconds (0d 1h 5m 21s)

---------------  T H R E A D  ---------------

Current thread (0x00000213c5c07ba0):  JavaThread "Attach Listener" daemon [_thread_in_vm, id=9968, stack(0x000000b8ed000000,0x000000b8ed100000) (1024K)]

Stack: [0x000000b8ed000000,0x000000b8ed100000]
Native frames: (J=compiled Java code, j=interpreted, Vv=VM code, C=native code)
V  [jvm.dll+0x6d2449]
V  [jvm.dll+0x8ae341]
V  [jvm.dll+0x8b08be]
V  [jvm.dll+0x8b0fa3]
V  [jvm.dll+0x280c96]
V  [jvm.dll+0xc0347]
V  [jvm.dll+0x6d2cf9]
V  [jvm.dll+0x131116]
V  [jvm.dll+0x3f2d16]
V  [jvm.dll+0x857e6b]
V  [jvm.dll+0x6d0b0d]
C  [ucrtbase.dll+0x37b0]
C  [KERNEL32.DLL+0x2e8d7]
C  [ntdll.dll+0x8c53c]


---------------  P R O C E S S  ---------------

Threads class SMR info:
_java_thread_list=0x00000214107ebbf0, length=41, elements={
0x00000213acebc180, 0x00000213af25dd10, 0x00000213c5c06270, 0x00000213c5c07050,
0x00000213c5c07ba0, 0x00000213c5c087f0, 0x00000213c5c0b250, 0x00000213c5c0c080,
0x00000213c5c25800, 0x00000213af20ea00, 0x00000214088804b0, 0x000002140d7e13a0,
0x000002140d73d030, 0x000002140d99e210, 0x000002140d7fdac0, 0x000002140dc05920,
0x000002140d9b4cf0, 0x000002140defaaf0, 0x000002140e2a24e0, 0x000002140e1a7ed0,
0x000002140e1a6b20, 0x000002140e1a71b0, 0x000002140e1a7840, 0x000002141102b750,
0x000002141102aa30, 0x000002141102cb00, 0x000002141102b0c0, 0x000002141102c470,
0x000002141102bde0, 0x0000021411029680, 0x000002141102ebd0, 0x000002141102ff80,
0x00000214120a7bc0, 0x00000214120ac3f0, 0x000002140fc1ced0, 0x000002140fc1b490,
0x00000214120a4dd0, 0x00000214120a88e0, 0x00000214120a8f70, 0x00000214120a6ea0,
0x000002141102e540
}

Java Threads: ( => current thread )
  0x00000213acebc180 JavaThread "main"                              [_thread_blocked, id=1820, stack(0x000000b8ec900000,0x000000b8eca00000) (1024K)]
  0x00000213af25dd10 JavaThread "Reference Handler"          daemon [_thread_blocked, id=14644, stack(0x000000b8ecd00000,0x000000b8ece00000) (1024K)]
  0x00000213c5c06270 JavaThread "Finalizer"                  daemon [_thread_blocked, id=8072, stack(0x000000b8ece00000,0x000000b8ecf00000) (1024K)]
  0x00000213c5c07050 JavaThread "Signal Dispatcher"          daemon [_thread_blocked, id=12688, stack(0x000000b8ecf00000,0x000000b8ed000000) (1024K)]
=>0x00000213c5c07ba0 JavaThread "Attach Listener"            daemon [_thread_in_vm, id=9968, stack(0x000000b8ed000000,0x000000b8ed100000) (1024K)]
  0x00000213c5c087f0 JavaThread "Service Thread"             daemon [_thread_blocked, id=16224, stack(0x000000b8ed100000,0x000000b8ed200000) (1024K)]
  0x00000213c5c0b250 JavaThread "Monitor Deflation Thread"   daemon [_thread_blocked, id=16040, stack(0x000000b8ed200000,0x000000b8ed300000) (1024K)]
  0x00000213c5c0c080 JavaThread "C2 CompilerThread0"         daemon [_thread_blocked, id=15572, stack(0x000000b8ed300000,0x000000b8ed400000) (1024K)]
  0x00000213c5c25800 JavaThread "C1 CompilerThread0"         daemon [_thread_blocked, id=14816, stack(0x000000b8ed400000,0x000000b8ed500000) (1024K)]
  0x00000213af20ea00 JavaThread "Common-Cleaner"             daemon [_thread_blocked, id=8952, stack(0x000000b8ed500000,0x000000b8ed600000) (1024K)]
  0x00000214088804b0 JavaThread "Notification Thread"        daemon [_thread_blocked, id=13660, stack(0x000000b8ed700000,0x000000b8ed800000) (1024K)]
  0x000002140d7e13a0 JavaThread "Active Thread: Equinox Container: 47d90004-20af-480f-aa7a-318944abb481"        [_thread_blocked, id=16000, stack(0x000000b8edf00000,0x000000b8ee000000) (1024K)]
  0x000002140d73d030 JavaThread "Refresh Thread: Equinox Container: 47d90004-20af-480f-aa7a-318944abb481" daemon [_thread_blocked, id=14308, stack(0x000000b8ee000000,0x000000b8ee100000) (1024K)]
  0x000002140d99e210 JavaThread "Framework Event Dispatcher: Equinox Container: 47d90004-20af-480f-aa7a-318944abb481" daemon [_thread_blocked, id=14696, stack(0x000000b8ee200000,0x000000b8ee300000) (1024K)]
  0x000002140d7fdac0 JavaThread "Start Level: Equinox Container: 47d90004-20af-480f-aa7a-318944abb481" daemon [_thread_blocked, id=11956, stack(0x000000b8ee300000,0x000000b8ee400000) (1024K)]
  0x000002140dc05920 JavaThread "Bundle File Closer"         daemon [_thread_blocked, id=10644, stack(0x000000b8ee400000,0x000000b8ee500000) (1024K)]
  0x000002140d9b4cf0 JavaThread "SCR Component Actor"        daemon [_thread_blocked, id=11380, stack(0x000000b8ee500000,0x000000b8ee600000) (1024K)]
  0x000002140defaaf0 JavaThread "Worker-JM"                         [_thread_blocked, id=5852, stack(0x000000b8ee600000,0x000000b8ee700000) (1024K)]
  0x000002140e2a24e0 JavaThread "JNA Cleaner"                daemon [_thread_blocked, id=14212, stack(0x000000b8ed600000,0x000000b8ed700000) (1024K)]
  0x000002140e1a7ed0 JavaThread "Java indexing"              daemon [_thread_blocked, id=8796, stack(0x000000b8eea00000,0x000000b8eeb00000) (1024K)]
  0x000002140e1a6b20 JavaThread "Thread-1"                   daemon [_thread_in_native, id=15424, stack(0x000000b8ef000000,0x000000b8ef100000) (1024K)]
  0x000002140e1a71b0 JavaThread "Thread-2"                   daemon [_thread_in_native, id=9788, stack(0x000000b8ef100000,0x000000b8ef200000) (1024K)]
  0x000002140e1a7840 JavaThread "Thread-3"                   daemon [_thread_in_native, id=5676, stack(0x000000b8ef200000,0x000000b8ef300000) (1024K)]
  0x000002141102b750 JavaThread "Thread-4"                   daemon [_thread_in_native, id=13896, stack(0x000000b8ef300000,0x000000b8ef400000) (1024K)]
  0x000002141102aa30 JavaThread "Thread-5"                   daemon [_thread_in_native, id=8644, stack(0x000000b8ef400000,0x000000b8ef500000) (1024K)]
  0x000002141102cb00 JavaThread "Thread-6"                   daemon [_thread_in_native, id=11844, stack(0x000000b8ef500000,0x000000b8ef600000) (1024K)]
  0x000002141102b0c0 JavaThread "Thread-7"                   daemon [_thread_in_native, id=15120, stack(0x000000b8ef600000,0x000000b8ef700000) (1024K)]
  0x000002141102c470 JavaThread "Thread-8"                   daemon [_thread_in_native, id=11112, stack(0x000000b8ef700000,0x000000b8ef800000) (1024K)]
  0x000002141102bde0 JavaThread "Thread-9"                   daemon [_thread_in_native, id=3684, stack(0x000000b8ef800000,0x000000b8ef900000) (1024K)]
  0x0000021411029680 JavaThread "pool-2-thread-1"                   [_thread_blocked, id=14872, stack(0x000000b8ef900000,0x000000b8efa00000) (1024K)]
  0x000002141102ebd0 JavaThread "WorkspaceEventsHandler"            [_thread_blocked, id=10408, stack(0x000000b8efc00000,0x000000b8efd00000) (1024K)]
  0x000002141102ff80 JavaThread "pool-1-thread-1"                   [_thread_blocked, id=3392, stack(0x000000b8efd00000,0x000000b8efe00000) (1024K)]
  0x00000214120a7bc0 JavaThread "Cleaner-0"                  daemon [_thread_blocked, id=8424, stack(0x000000b8f1600000,0x000000b8f1700000) (1024K)]
  0x00000214120ac3f0 JavaThread "Java Debug Server"          daemon [_thread_in_native, id=14440, stack(0x000000b8ee800000,0x000000b8ee900000) (1024K)]
  0x000002140fc1ced0 JavaThread "RxSchedulerPurge-1"         daemon [_thread_blocked, id=5384, stack(0x000000b8f1800000,0x000000b8f1900000) (1024K)]
  0x000002140fc1b490 JavaThread "RxCachedWorkerPoolEvictor-1" daemon [_thread_blocked, id=11200, stack(0x000000b8f1c00000,0x000000b8f1d00000) (1024K)]
  0x00000214120a4dd0 JavaThread "pool-16-thread-5"                  [_thread_in_native, id=16104, stack(0x000000b8f0300000,0x000000b8f0400000) (1024K)]
  0x00000214120a88e0 JavaThread "RxNewThreadScheduler-9"     daemon [_thread_blocked, id=924, stack(0x000000b8f0400000,0x000000b8f0500000) (1024K)]
  0x00000214120a8f70 JavaThread "process reaper (pid 7340)"  daemon [_thread_in_native, id=4496, stack(0x000000b8ec3b0000,0x000000b8ec3d0000) (128K)]
  0x00000214120a6ea0 JavaThread "Worker-10"                         [_thread_blocked, id=13112, stack(0x000000b8ed800000,0x000000b8ed900000) (1024K)]
  0x000002141102e540 JavaThread "Worker-13"                         [_thread_blocked, id=16044, stack(0x000000b8efa00000,0x000000b8efb00000) (1024K)]
Total: 41

Other Threads:
  0x00000213af2418e0 VMThread "VM Thread"                           [id=15552, stack(0x000000b8ecc00000,0x000000b8ecd00000) (1024K)]
  0x00000213c5b1c8d0 WatcherThread "VM Periodic Task Thread"        [id=7496, stack(0x000000b8ecb00000,0x000000b8ecc00000) (1024K)]
  0x00000213af1be250 WorkerThread "GC Thread#0"                     [id=3048, stack(0x000000b8eca00000,0x000000b8ecb00000) (1024K)]
  0x000002140893bbb0 WorkerThread "GC Thread#1"                     [id=15844, stack(0x000000b8ed900000,0x000000b8eda00000) (1024K)]
  0x000002140893bf50 WorkerThread "GC Thread#2"                     [id=16316, stack(0x000000b8eda00000,0x000000b8edb00000) (1024K)]
  0x000002140893c2f0 WorkerThread "GC Thread#3"                     [id=9424, stack(0x000000b8edb00000,0x000000b8edc00000) (1024K)]
  0x000002140893c690 WorkerThread "GC Thread#4"                     [id=16096, stack(0x000000b8edc00000,0x000000b8edd00000) (1024K)]
  0x000002140d7ee570 WorkerThread "GC Thread#5"                     [id=15896, stack(0x000000b8edd00000,0x000000b8ede00000) (1024K)]
  0x000002140d7ee910 WorkerThread "GC Thread#6"                     [id=5156, stack(0x000000b8ede00000,0x000000b8edf00000) (1024K)]
  0x000002140d864030 WorkerThread "GC Thread#7"                     [id=13172, stack(0x000000b8ee100000,0x000000b8ee200000) (1024K)]
Total: 10

Threads with active compile tasks:
Total: 0

VM state: not at safepoint (normal execution)

VM Mutex/Monitor currently owned by a thread: None

Heap address: 0x0000000080000000, size: 2048 MB, Compressed Oops mode: 32-bit

CDS archive(s) mapped at: [0x00000213c6000000-0x00000213c6ba0000-0x00000213c6ba0000), size 12189696, SharedBaseAddress: 0x00000213c6000000, ArchiveRelocationMode: 1.
Compressed class space mapped at: 0x00000213c7000000-0x0000021407000000, reserved size: 1073741824
Narrow klass base: 0x00000213c6000000, Narrow klass shift: 0, Narrow klass range: 0x100000000

GC Precious Log:
 CardTable entry size: 512
 CPUs: 8 total, 8 available
 Memory: 16243M
 Large Page Support: Disabled
 NUMA Support: Disabled
 Compressed Oops: Enabled (32-bit)
 Alignments: Space 512K, Generation 512K, Heap 2M
 Heap Min Capacity: 100M
 Heap Initial Capacity: 100M
 Heap Max Capacity: 2G
 Pre-touch: Disabled
 Parallel Workers: 8

Heap:
 PSYoungGen      total 7680K, used 2491K [0x00000000d5580000, 0x00000000d6480000, 0x0000000100000000)
  eden space 7168K, 32% used [0x00000000d5580000,0x00000000d57bee38,0x00000000d5c80000)
  from space 512K, 37% used [0x00000000d6400000,0x00000000d6430000,0x00000000d6480000)
  to   space 512K, 0% used [0x00000000d6300000,0x00000000d6300000,0x00000000d6380000)
 ParOldGen       total 1233920K, used 1233792K [0x0000000080000000, 0x00000000cb500000, 0x00000000d5580000)
  object space 1233920K, 99% used [0x0000000080000000,0x00000000cb4e0328,0x00000000cb500000)
 Metaspace       used 99315K, committed 101184K, reserved 1179648K
  class space    used 10037K, committed 11008K, reserved 1048576K

Card table byte_map: [0x00000213aeb50000,0x00000213aef60000] _byte_map_base: 0x00000213ae750000

Marking Bits: (ParMarkBitMap*) 0x00007ffa27a1a340
 Begin Bits: [0x00000213c1640000, 0x00000213c3640000)
 End Bits:   [0x00000213c3640000, 0x00000213c5640000)

Polling page: 0x00000213ad070000

Metaspace:

Usage:
  Non-class:     87.19 MB used.
      Class:      9.80 MB used.
       Both:     96.99 MB used.

Virtual space:
  Non-class space:      128.00 MB reserved,      88.06 MB ( 69%) committed,  2 nodes.
      Class space:        1.00 GB reserved,      10.75 MB (  1%) committed,  1 nodes.
             Both:        1.12 GB reserved,      98.81 MB (  9%) committed. 

Chunk freelists:
   Non-Class:  7.84 MB
       Class:  5.43 MB
        Both:  13.28 MB

MaxMetaspaceSize: unlimited
CompressedClassSpaceSize: 1.00 GB
Initial GC threshold: 21.00 MB
Current GC threshold: 163.44 MB
CDS: on
 - commit_granule_bytes: 65536.
 - commit_granule_words: 8192.
 - virtual_space_node_default_size: 8388608.
 - enlarge_chunks_in_place: 1.
 - use_allocation_guard: 0.


Internal statistics:

num_allocs_failed_limit: 9.
num_arena_births: 1904.
num_arena_deaths: 354.
num_vsnodes_births: 3.
num_vsnodes_deaths: 0.
num_space_committed: 1589.
num_space_uncommitted: 7.
num_chunks_returned_to_freelist: 477.
num_chunks_taken_from_freelist: 7066.
num_chunk_merges: 119.
num_chunk_splits: 4086.
num_chunks_enlarged: 2186.
num_inconsistent_stats: 0.

CodeHeap 'non-profiled nmethods': size=120000Kb used=26751Kb max_used=26836Kb free=93248Kb
 bounds [0x00000213b9e60000, 0x00000213bb8c0000, 0x00000213c1390000]
CodeHeap 'profiled nmethods': size=120000Kb used=51834Kb max_used=56348Kb free=68165Kb
 bounds [0x00000213b2390000, 0x00000213b5aa0000, 0x00000213b98c0000]
CodeHeap 'non-nmethods': size=5760Kb used=1552Kb max_used=1693Kb free=4207Kb
 bounds [0x00000213b98c0000, 0x00000213b9b30000, 0x00000213b9e60000]
CodeCache: size=245760Kb, used=80137Kb, max_used=84877Kb, free=165620Kb
 total_blobs=22256, nmethods=21388, adapters=770, full_count=0
Compilation: enabled, stopped_count=0, restarted_count=0

Compilation events (20 events):
Event: 3456.881 Thread 0x00000213c5c0c080 28295   !   4       java.util.concurrent.locks.LockSupport::parkNanos (56 bytes)
Event: 3456.888 Thread 0x00000213c5c0c080 nmethod 28295 0x00000213bae39490 code [0x00000213bae39640, 0x00000213bae397b8]
Event: 3512.774 Thread 0x00000213c5c25800 28296       1       org.eclipse.osgi.internal.location.BasicLocation::isReadOnly (5 bytes)
Event: 3512.775 Thread 0x00000213c5c25800 nmethod 28296 0x00000213baf15f90 code [0x00000213baf16120, 0x00000213baf161f0]
Event: 3517.068 Thread 0x00000213c5c0c080 28297       4       java.security.AccessController::doPrivileged (9 bytes)
Event: 3517.069 Thread 0x00000213c5c0c080 nmethod 28297 0x00000213baf15c10 code [0x00000213baf15da0, 0x00000213baf15e60]
Event: 3798.876 Thread 0x00000213c5c0c080 28298       4       java.util.concurrent.locks.AbstractQueuedSynchronizer::acquire (20 bytes)
Event: 3798.878 Thread 0x00000213c5c0c080 nmethod 28298 0x00000213baf15810 code [0x00000213baf159a0, 0x00000213baf15ae8]
Event: 3843.875 Thread 0x00000213c5c0c080 28299       4       java.util.concurrent.locks.AbstractQueuedSynchronizer$ConditionObject::enableWait (84 bytes)
Event: 3843.878 Thread 0x00000213c5c0c080 nmethod 28299 0x00000213baf15090 code [0x00000213baf15260, 0x00000213baf15578]
Event: 3844.877 Thread 0x00000213c5c0c080 28300   !   4       java.util.concurrent.locks.AbstractQueuedSynchronizer$ConditionObject::newConditionNode (78 bytes)
Event: 3844.881 Thread 0x00000213c5c0c080 nmethod 28300 0x00000213baf14810 code [0x00000213baf14a00, 0x00000213baf14da0]
Event: 3860.282 Thread 0x00000213c5c25800 28301       3       java.lang.ProcessHandleImpl::<init> (15 bytes)
Event: 3860.282 Thread 0x00000213c5c25800 nmethod 28301 0x00000213b3fbc490 code [0x00000213b3fbc640, 0x00000213b3fbc7b0]
Event: 3877.129 Thread 0x00000213c5c25800 28302       1       com.sun.jna.internal.Cleaner::access$200 (5 bytes)
Event: 3877.129 Thread 0x00000213c5c25800 nmethod 28302 0x00000213baf14510 code [0x00000213baf146a0, 0x00000213baf14750]
Event: 3920.288 Thread 0x00000213c5c25800 28303       3       java.lang.ProcessHandleImpl::get (51 bytes)
Event: 3920.290 Thread 0x00000213c5c25800 nmethod 28303 0x00000213b3cba090 code [0x00000213b3cba2a0, 0x00000213b3cba8a8]
Event: 3920.290 Thread 0x00000213c5c25800 28304       3       java.lang.ProcessHandleImpl::isAlive (44 bytes)
Event: 3920.291 Thread 0x00000213c5c25800 nmethod 28304 0x00000213b4012710 code [0x00000213b40128c0, 0x00000213b4012b20]

GC Heap History (20 events):
Event: 2606.122 GC heap before
{Heap before GC invocations=4278 (full 6):
 PSYoungGen      total 8192K, used 8000K [0x00000000d5580000, 0x00000000d6780000, 0x0000000100000000)
  eden space 7168K, 100% used [0x00000000d5580000,0x00000000d5c80000,0x00000000d5c80000)
  from space 1024K, 81% used [0x00000000d6680000,0x00000000d6750020,0x00000000d6780000)
  to   space 4096K, 0% used [0x00000000d5f80000,0x00000000d5f80000,0x00000000d6380000)
 ParOldGen       total 1228800K, used 1228403K [0x0000000080000000, 0x00000000cb000000, 0x00000000d5580000)
  object space 1228800K, 99% used [0x0000000080000000,0x00000000caf9cee8,0x00000000cb000000)
 Metaspace       used 99302K, committed 101120K, reserved 1179648K
  class space    used 10037K, committed 11008K, reserved 1048576K
}
Event: 2606.126 GC heap after
{Heap after GC invocations=4278 (full 6):
 PSYoungGen      total 11264K, used 628K [0x00000000d5580000, 0x00000000d6700000, 0x0000000100000000)
  eden space 7168K, 0% used [0x00000000d5580000,0x00000000d5580000,0x00000000d5c80000)
  from space 4096K, 15% used [0x00000000d5f80000,0x00000000d601d200,0x00000000d6380000)
  to   space 1536K, 0% used [0x00000000d6580000,0x00000000d6580000,0x00000000d6700000)
 ParOldGen       total 1229312K, used 1229003K [0x0000000080000000, 0x00000000cb080000, 0x00000000d5580000)
  object space 1229312K, 99% used [0x0000000080000000,0x00000000cb032ee8,0x00000000cb080000)
 Metaspace       used 99302K, committed 101120K, reserved 1179648K
  class space    used 10037K, committed 11008K, reserved 1048576K
}
Event: 2606.139 GC heap before
{Heap before GC invocations=4279 (full 6):
 PSYoungGen      total 11264K, used 7796K [0x00000000d5580000, 0x00000000d6700000, 0x0000000100000000)
  eden space 7168K, 100% used [0x00000000d5580000,0x00000000d5c80000,0x00000000d5c80000)
  from space 4096K, 15% used [0x00000000d5f80000,0x00000000d601d200,0x00000000d6380000)
  to   space 1536K, 0% used [0x00000000d6580000,0x00000000d6580000,0x00000000d6700000)
 ParOldGen       total 1229312K, used 1229003K [0x0000000080000000, 0x00000000cb080000, 0x00000000d5580000)
  object space 1229312K, 99% used [0x0000000080000000,0x00000000cb032ee8,0x00000000cb080000)
 Metaspace       used 99304K, committed 101120K, reserved 1179648K
  class space    used 10037K, committed 11008K, reserved 1048576K
}
Event: 2606.142 GC heap after
{Heap after GC invocations=4279 (full 6):
 PSYoungGen      total 8192K, used 836K [0x00000000d5580000, 0x00000000d6680000, 0x0000000100000000)
  eden space 7168K, 0% used [0x00000000d5580000,0x00000000d5580000,0x00000000d5c80000)
  from space 1024K, 81% used [0x00000000d6580000,0x00000000d6651210,0x00000000d6680000)
  to   space 1024K, 0% used [0x00000000d6480000,0x00000000d6480000,0x00000000d6580000)
 ParOldGen       total 1229824K, used 1229544K [0x0000000080000000, 0x00000000cb100000, 0x00000000d5580000)
  object space 1229824K, 99% used [0x0000000080000000,0x00000000cb0ba0f8,0x00000000cb100000)
 Metaspace       used 99304K, committed 101120K, reserved 1179648K
  class space    used 10037K, committed 11008K, reserved 1048576K
}
Event: 2606.369 GC heap before
{Heap before GC invocations=4280 (full 6):
 PSYoungGen      total 8192K, used 8004K [0x00000000d5580000, 0x00000000d6680000, 0x0000000100000000)
  eden space 7168K, 100% used [0x00000000d5580000,0x00000000d5c80000,0x00000000d5c80000)
  from space 1024K, 81% used [0x00000000d6580000,0x00000000d6651210,0x00000000d6680000)
  to   space 1024K, 0% used [0x00000000d6480000,0x00000000d6480000,0x00000000d6580000)
 ParOldGen       total 1229824K, used 1229544K [0x0000000080000000, 0x00000000cb100000, 0x00000000d5580000)
  object space 1229824K, 99% used [0x0000000080000000,0x00000000cb0ba0f8,0x00000000cb100000)
 Metaspace       used 99305K, committed 101120K, reserved 1179648K
  class space    used 10037K, committed 11008K, reserved 1048576K
}
Event: 2606.373 GC heap after
{Heap after GC invocations=4280 (full 6):
 PSYoungGen      total 8192K, used 256K [0x00000000d5580000, 0x00000000d6600000, 0x0000000100000000)
  eden space 7168K, 0% used [0x00000000d5580000,0x00000000d5580000,0x00000000d5c80000)
  from space 1024K, 25% used [0x00000000d6480000,0x00000000d64c0000,0x00000000d6580000)
  to   space 512K, 0% used [0x00000000d6580000,0x00000000d6580000,0x00000000d6600000)
 ParOldGen       total 1230336K, used 1229888K [0x0000000080000000, 0x00000000cb180000, 0x00000000d5580000)
  object space 1230336K, 99% used [0x0000000080000000,0x00000000cb1100f8,0x00000000cb180000)
 Metaspace       used 99305K, committed 101120K, reserved 1179648K
  class space    used 10037K, committed 11008K, reserved 1048576K
}
Event: 2606.385 GC heap before
{Heap before GC invocations=4281 (full 6):
 PSYoungGen      total 8192K, used 7424K [0x00000000d5580000, 0x00000000d6600000, 0x0000000100000000)
  eden space 7168K, 100% used [0x00000000d5580000,0x00000000d5c80000,0x00000000d5c80000)
  from space 1024K, 25% used [0x00000000d6480000,0x00000000d64c0000,0x00000000d6580000)
  to   space 512K, 0% used [0x00000000d6580000,0x00000000d6580000,0x00000000d6600000)
 ParOldGen       total 1230336K, used 1229888K [0x0000000080000000, 0x00000000cb180000, 0x00000000d5580000)
  object space 1230336K, 99% used [0x0000000080000000,0x00000000cb1100f8,0x00000000cb180000)
 Metaspace       used 99305K, committed 101120K, reserved 1179648K
  class space    used 10037K, committed 11008K, reserved 1048576K
}
Event: 2606.389 GC heap after
{Heap after GC invocations=4281 (full 6):
 PSYoungGen      total 7680K, used 192K [0x00000000d5580000, 0x00000000d6600000, 0x0000000100000000)
  eden space 7168K, 0% used [0x00000000d5580000,0x00000000d5580000,0x00000000d5c80000)
  from space 512K, 37% used [0x00000000d6580000,0x00000000d65b0000,0x00000000d6600000)
  to   space 512K, 0% used [0x00000000d6500000,0x00000000d6500000,0x00000000d6580000)
 ParOldGen       total 1230336K, used 1229976K [0x0000000080000000, 0x00000000cb180000, 0x00000000d5580000)
  object space 1230336K, 99% used [0x0000000080000000,0x00000000cb1260f8,0x00000000cb180000)
 Metaspace       used 99305K, committed 101120K, reserved 1179648K
  class space    used 10037K, committed 11008K, reserved 1048576K
}
Event: 2606.534 GC heap before
{Heap before GC invocations=4282 (full 6):
 PSYoungGen      total 7680K, used 7360K [0x00000000d5580000, 0x00000000d6600000, 0x0000000100000000)
  eden space 7168K, 100% used [0x00000000d5580000,0x00000000d5c80000,0x00000000d5c80000)
  from space 512K, 37% used [0x00000000d6580000,0x00000000d65b0000,0x00000000d6600000)
  to   space 512K, 0% used [0x00000000d6500000,0x00000000d6500000,0x00000000d6580000)
 ParOldGen       total 1230336K, used 1229976K [0x0000000080000000, 0x00000000cb180000, 0x00000000d5580000)
  object space 1230336K, 99% used [0x0000000080000000,0x00000000cb1260f8,0x00000000cb180000)
 Metaspace       used 99305K, committed 101120K, reserved 1179648K
  class space    used 10037K, committed 11008K, reserved 1048576K
}
Event: 2606.539 GC heap after
{Heap after GC invocations=4282 (full 6):
 PSYoungGen      total 7680K, used 505K [0x00000000d5580000, 0x00000000d6600000, 0x0000000100000000)
  eden space 7168K, 0% used [0x00000000d5580000,0x00000000d5580000,0x00000000d5c80000)
  from space 512K, 98% used [0x00000000d6500000,0x00000000d657e410,0x00000000d6580000)
  to   space 512K, 0% used [0x00000000d6580000,0x00000000d6580000,0x00000000d6600000)
 ParOldGen       total 1230336K, used 1230216K [0x0000000080000000, 0x00000000cb180000, 0x00000000d5580000)
  object space 1230336K, 99% used [0x0000000080000000,0x00000000cb162108,0x00000000cb180000)
 Metaspace       used 99305K, committed 101120K, reserved 1179648K
  class space    used 10037K, committed 11008K, reserved 1048576K
}
Event: 2606.552 GC heap before
{Heap before GC invocations=4283 (full 6):
 PSYoungGen      total 7680K, used 7673K [0x00000000d5580000, 0x00000000d6600000, 0x0000000100000000)
  eden space 7168K, 100% used [0x00000000d5580000,0x00000000d5c80000,0x00000000d5c80000)
  from space 512K, 98% used [0x00000000d6500000,0x00000000d657e410,0x00000000d6580000)
  to   space 512K, 0% used [0x00000000d6580000,0x00000000d6580000,0x00000000d6600000)
 ParOldGen       total 1230336K, used 1230216K [0x0000000080000000, 0x00000000cb180000, 0x00000000d5580000)
  object space 1230336K, 99% used [0x0000000080000000,0x00000000cb162108,0x00000000cb180000)
 Metaspace       used 99311K, committed 101184K, reserved 1179648K
  class space    used 10037K, committed 11008K, reserved 1048576K
}
Event: 2606.557 GC heap after
{Heap after GC invocations=4283 (full 6):
 PSYoungGen      total 7680K, used 500K [0x00000000d5580000, 0x00000000d6600000, 0x0000000100000000)
  eden space 7168K, 0% used [0x00000000d5580000,0x00000000d5580000,0x00000000d5c80000)
  from space 512K, 97% used [0x00000000d6580000,0x00000000d65fd200,0x00000000d6600000)
  to   space 2048K, 0% used [0x00000000d6200000,0x00000000d6200000,0x00000000d6400000)
 ParOldGen       total 1231360K, used 1231309K [0x0000000080000000, 0x00000000cb280000, 0x00000000d5580000)
  object space 1231360K, 99% used [0x0000000080000000,0x00000000cb273568,0x00000000cb280000)
 Metaspace       used 99311K, committed 101184K, reserved 1179648K
  class space    used 10037K, committed 11008K, reserved 1048576K
}
Event: 2606.567 GC heap before
{Heap before GC invocations=4284 (full 6):
 PSYoungGen      total 7680K, used 7668K [0x00000000d5580000, 0x00000000d6600000, 0x0000000100000000)
  eden space 7168K, 100% used [0x00000000d5580000,0x00000000d5c80000,0x00000000d5c80000)
  from space 512K, 97% used [0x00000000d6580000,0x00000000d65fd200,0x00000000d6600000)
  to   space 2048K, 0% used [0x00000000d6200000,0x00000000d6200000,0x00000000d6400000)
 ParOldGen       total 1231360K, used 1231309K [0x0000000080000000, 0x00000000cb280000, 0x00000000d5580000)
  object space 1231360K, 99% used [0x0000000080000000,0x00000000cb273568,0x00000000cb280000)
 Metaspace       used 99311K, committed 101184K, reserved 1179648K
  class space    used 10037K, committed 11008K, reserved 1048576K
}
Event: 2606.571 GC heap after
{Heap after GC invocations=4284 (full 6):
 PSYoungGen      total 9216K, used 916K [0x00000000d5580000, 0x00000000d6600000, 0x0000000100000000)
  eden space 7168K, 0% used [0x00000000d5580000,0x00000000d5580000,0x00000000d5c80000)
  from space 2048K, 44% used [0x00000000d6200000,0x00000000d62e5200,0x00000000d6400000)
  to   space 1536K, 0% used [0x00000000d6480000,0x00000000d6480000,0x00000000d6600000)
 ParOldGen       total 1231872K, used 1231846K [0x0000000080000000, 0x00000000cb300000, 0x00000000d5580000)
  object space 1231872K, 99% used [0x0000000080000000,0x00000000cb2f9a40,0x00000000cb300000)
 Metaspace       used 99311K, committed 101184K, reserved 1179648K
  class space    used 10037K, committed 11008K, reserved 1048576K
}
Event: 2606.698 GC heap before
{Heap before GC invocations=4285 (full 6):
 PSYoungGen      total 9216K, used 8084K [0x00000000d5580000, 0x00000000d6600000, 0x0000000100000000)
  eden space 7168K, 100% used [0x00000000d5580000,0x00000000d5c80000,0x00000000d5c80000)
  from space 2048K, 44% used [0x00000000d6200000,0x00000000d62e5200,0x00000000d6400000)
  to   space 1536K, 0% used [0x00000000d6480000,0x00000000d6480000,0x00000000d6600000)
 ParOldGen       total 1231872K, used 1231846K [0x0000000080000000, 0x00000000cb300000, 0x00000000d5580000)
  object space 1231872K, 99% used [0x0000000080000000,0x00000000cb2f9a40,0x00000000cb300000)
 Metaspace       used 99311K, committed 101184K, reserved 1179648K
  class space    used 10037K, committed 11008K, reserved 1048576K
}
Event: 2606.701 GC heap after
{Heap after GC invocations=4285 (full 6):
 PSYoungGen      total 8704K, used 1249K [0x00000000d5580000, 0x00000000d6600000, 0x0000000100000000)
  eden space 7168K, 0% used [0x00000000d5580000,0x00000000d5580000,0x00000000d5c80000)
  from space 1536K, 81% used [0x00000000d6480000,0x00000000d65b8450,0x00000000d6600000)
  to   space 1536K, 0% used [0x00000000d6300000,0x00000000d6300000,0x00000000d6480000)
 ParOldGen       total 1232896K, used 1232595K [0x0000000080000000, 0x00000000cb400000, 0x00000000d5580000)
  object space 1232896K, 99% used [0x0000000080000000,0x00000000cb3b4c50,0x00000000cb400000)
 Metaspace       used 99311K, committed 101184K, reserved 1179648K
  class space    used 10037K, committed 11008K, reserved 1048576K
}
Event: 2615.001 GC heap before
{Heap before GC invocations=4286 (full 6):
 PSYoungGen      total 8704K, used 8417K [0x00000000d5580000, 0x00000000d6600000, 0x0000000100000000)
  eden space 7168K, 100% used [0x00000000d5580000,0x00000000d5c80000,0x00000000d5c80000)
  from space 1536K, 81% used [0x00000000d6480000,0x00000000d65b8450,0x00000000d6600000)
  to   space 1536K, 0% used [0x00000000d6300000,0x00000000d6300000,0x00000000d6480000)
 ParOldGen       total 1232896K, used 1232595K [0x0000000080000000, 0x00000000cb400000, 0x00000000d5580000)
  object space 1232896K, 99% used [0x0000000080000000,0x00000000cb3b4c50,0x00000000cb400000)
 Metaspace       used 99312K, committed 101184K, reserved 1179648K
  class space    used 10037K, committed 11008K, reserved 1048576K
}
Event: 2615.005 GC heap after
{Heap after GC invocations=4286 (full 6):
 PSYoungGen      total 7680K, used 250K [0x00000000d5580000, 0x00000000d6500000, 0x0000000100000000)
  eden space 7168K, 0% used [0x00000000d5580000,0x00000000d5580000,0x00000000d5c80000)
  from space 512K, 48% used [0x00000000d6300000,0x00000000d633e900,0x00000000d6380000)
  to   space 1024K, 0% used [0x00000000d6400000,0x00000000d6400000,0x00000000d6500000)
 ParOldGen       total 1233920K, used 1233752K [0x0000000080000000, 0x00000000cb500000, 0x00000000d5580000)
  object space 1233920K, 99% used [0x0000000080000000,0x00000000cb4d6328,0x00000000cb500000)
 Metaspace       used 99312K, committed 101184K, reserved 1179648K
  class space    used 10037K, committed 11008K, reserved 1048576K
}
Event: 2615.016 GC heap before
{Heap before GC invocations=4287 (full 6):
 PSYoungGen      total 7680K, used 7418K [0x00000000d5580000, 0x00000000d6500000, 0x0000000100000000)
  eden space 7168K, 100% used [0x00000000d5580000,0x00000000d5c80000,0x00000000d5c80000)
  from space 512K, 48% used [0x00000000d6300000,0x00000000d633e900,0x00000000d6380000)
  to   space 1024K, 0% used [0x00000000d6400000,0x00000000d6400000,0x00000000d6500000)
 ParOldGen       total 1233920K, used 1233752K [0x0000000080000000, 0x00000000cb500000, 0x00000000d5580000)
  object space 1233920K, 99% used [0x0000000080000000,0x00000000cb4d6328,0x00000000cb500000)
 Metaspace       used 99312K, committed 101184K, reserved 1179648K
  class space    used 10037K, committed 11008K, reserved 1048576K
}
Event: 2615.020 GC heap after
{Heap after GC invocations=4287 (full 6):
 PSYoungGen      total 7680K, used 192K [0x00000000d5580000, 0x00000000d6480000, 0x0000000100000000)
  eden space 7168K, 0% used [0x00000000d5580000,0x00000000d5580000,0x00000000d5c80000)
  from space 512K, 37% used [0x00000000d6400000,0x00000000d6430000,0x00000000d6480000)
  to   space 512K, 0% used [0x00000000d6300000,0x00000000d6300000,0x00000000d6380000)
 ParOldGen       total 1233920K, used 1233792K [0x0000000080000000, 0x00000000cb500000, 0x00000000d5580000)
  object space 1233920K, 99% used [0x0000000080000000,0x00000000cb4e0328,0x00000000cb500000)
 Metaspace       used 99312K, committed 101184K, reserved 1179648K
  class space    used 10037K, committed 11008K, reserved 1048576K
}

Dll operation events (12 events):
Event: 0.014 Loaded shared library c:\Users\muoi\.vscode\extensions\redhat.java-1.46.0-win32-x64\jre\21.0.8-win32-x86_64\bin\java.dll
Event: 0.138 Loaded shared library c:\Users\muoi\.vscode\extensions\redhat.java-1.46.0-win32-x64\jre\21.0.8-win32-x86_64\bin\zip.dll
Event: 0.191 Loaded shared library C:\Users\muoi\.vscode\extensions\redhat.java-1.46.0-win32-x64\jre\21.0.8-win32-x86_64\bin\instrument.dll
Event: 0.202 Loaded shared library C:\Users\muoi\.vscode\extensions\redhat.java-1.46.0-win32-x64\jre\21.0.8-win32-x86_64\bin\net.dll
Event: 0.208 Loaded shared library C:\Users\muoi\.vscode\extensions\redhat.java-1.46.0-win32-x64\jre\21.0.8-win32-x86_64\bin\nio.dll
Event: 0.214 Loaded shared library C:\Users\muoi\.vscode\extensions\redhat.java-1.46.0-win32-x64\jre\21.0.8-win32-x86_64\bin\zip.dll
Event: 0.248 Loaded shared library C:\Users\muoi\.vscode\extensions\redhat.java-1.46.0-win32-x64\jre\21.0.8-win32-x86_64\bin\jimage.dll
Event: 0.424 Loaded shared library c:\Users\muoi\.vscode\extensions\redhat.java-1.46.0-win32-x64\jre\21.0.8-win32-x86_64\bin\verify.dll
Event: 2.089 Loaded shared library C:\Users\muoi\AppData\Roaming\Code\User\globalStorage\redhat.java\1.46.0\config_win\org.eclipse.equinox.launcher\org.eclipse.equinox.launcher.win32.win32.x86_64_1.2.1400.v20250801-0854\eclipse_11916.dll
Event: 4.645 Loaded shared library C:\Users\muoi\AppData\Local\Temp\jna-3363202\jna17319404825993204250.dll
Event: 78.909 Loaded shared library C:\Users\muoi\.vscode\extensions\redhat.java-1.46.0-win32-x64\jre\21.0.8-win32-x86_64\bin\extnet.dll
Event: 78.974 Loaded shared library C:\Users\muoi\.vscode\extensions\redhat.java-1.46.0-win32-x64\jre\21.0.8-win32-x86_64\bin\sunmscapi.dll

Deoptimization events (20 events):
Event: 2606.648 Thread 0x00000214120a7530 Uncommon trap: trap_request=0xffffff45 fr.pc=0x00000213ba79789c relative=0x0000000000000cfc
Event: 2606.648 Thread 0x00000214120a7530 Uncommon trap: reason=unstable_if action=reinterpret pc=0x00000213ba79789c method=org.eclipse.jdt.internal.core.OverflowingLRUCache.makeSpace(I)Z @ 87 c2
Event: 2606.648 Thread 0x00000214120a7530 DEOPT PACKING pc=0x00000213ba79789c sp=0x000000b8ec6fe330
Event: 2606.648 Thread 0x00000214120a7530 DEOPT UNPACKING pc=0x00000213b9913aa2 sp=0x000000b8ec6fe288 mode 2
Event: 2606.799 Thread 0x00000214120a7530 Uncommon trap: trap_request=0xffffffd6 fr.pc=0x00000213baadb4d4 relative=0x00000000000010b4
Event: 2606.799 Thread 0x00000214120a7530 Uncommon trap: reason=array_check action=maybe_recompile pc=0x00000213baadb4d4 method=java.util.TimSort.mergeHi(IIII)V @ 250 c2
Event: 2606.799 Thread 0x00000214120a7530 DEOPT PACKING pc=0x00000213baadb4d4 sp=0x000000b8ec6fdc70
Event: 2606.799 Thread 0x00000214120a7530 DEOPT UNPACKING pc=0x00000213b9913aa2 sp=0x000000b8ec6fdc38 mode 2
Event: 2606.800 Thread 0x00000214120a7530 Uncommon trap: trap_request=0xffffffd6 fr.pc=0x00000213baad8d40 relative=0x0000000000001220
Event: 2606.800 Thread 0x00000214120a7530 Uncommon trap: reason=array_check action=maybe_recompile pc=0x00000213baad8d40 method=java.util.TimSort.mergeLo(IIII)V @ 245 c2
Event: 2606.800 Thread 0x00000214120a7530 DEOPT PACKING pc=0x00000213baad8d40 sp=0x000000b8ec6fdc60
Event: 2606.800 Thread 0x00000214120a7530 DEOPT UNPACKING pc=0x00000213b9913aa2 sp=0x000000b8ec6fdc40 mode 2
Event: 2606.800 Thread 0x00000214120a7530 Uncommon trap: trap_request=0xffffffd6 fr.pc=0x00000213baadb4d4 relative=0x00000000000010b4
Event: 2606.800 Thread 0x00000214120a7530 Uncommon trap: reason=array_check action=maybe_recompile pc=0x00000213baadb4d4 method=java.util.TimSort.mergeHi(IIII)V @ 250 c2
Event: 2606.800 Thread 0x00000214120a7530 DEOPT PACKING pc=0x00000213baadb4d4 sp=0x000000b8ec6fdc70
Event: 2606.800 Thread 0x00000214120a7530 DEOPT UNPACKING pc=0x00000213b9913aa2 sp=0x000000b8ec6fdc38 mode 2
Event: 2606.800 Thread 0x00000214120a7530 Uncommon trap: trap_request=0xffffffd6 fr.pc=0x00000213baad8d40 relative=0x0000000000001220
Event: 2606.800 Thread 0x00000214120a7530 Uncommon trap: reason=array_check action=maybe_recompile pc=0x00000213baad8d40 method=java.util.TimSort.mergeLo(IIII)V @ 245 c2
Event: 2606.800 Thread 0x00000214120a7530 DEOPT PACKING pc=0x00000213baad8d40 sp=0x000000b8ec6fdc60
Event: 2606.800 Thread 0x00000214120a7530 DEOPT UNPACKING pc=0x00000213b9913aa2 sp=0x000000b8ec6fdc40 mode 2

Classes loaded (20 events):
Event: 2105.884 Loading class jdk/internal/module/IllegalAccessLogger
Event: 2105.884 Loading class jdk/internal/module/IllegalAccessLogger done
Event: 2112.929 Loading class jdk/internal/module/IllegalAccessLogger
Event: 2112.929 Loading class jdk/internal/module/IllegalAccessLogger done
Event: 2201.540 Loading class jdk/internal/module/IllegalAccessLogger
Event: 2201.540 Loading class jdk/internal/module/IllegalAccessLogger done
Event: 2241.098 Loading class jdk/internal/module/IllegalAccessLogger
Event: 2241.098 Loading class jdk/internal/module/IllegalAccessLogger done
Event: 2286.799 Loading class jdk/internal/module/IllegalAccessLogger
Event: 2286.799 Loading class jdk/internal/module/IllegalAccessLogger done
Event: 2305.603 Loading class jdk/internal/module/IllegalAccessLogger
Event: 2305.603 Loading class jdk/internal/module/IllegalAccessLogger done
Event: 2336.907 Loading class jdk/internal/module/IllegalAccessLogger
Event: 2336.907 Loading class jdk/internal/module/IllegalAccessLogger done
Event: 2338.455 Loading class jdk/internal/module/IllegalAccessLogger
Event: 2338.455 Loading class jdk/internal/module/IllegalAccessLogger done
Event: 2340.939 Loading class jdk/internal/module/IllegalAccessLogger
Event: 2340.939 Loading class jdk/internal/module/IllegalAccessLogger done
Event: 2493.093 Loading class jdk/internal/module/IllegalAccessLogger
Event: 2493.093 Loading class jdk/internal/module/IllegalAccessLogger done

Classes unloaded (20 events):
Event: 2201.635 Thread 0x00000213af2418e0 Unloading class 0x00000213c701ec00 'java/lang/invoke/LambdaForm$MH+0x00000213c701ec00'
Event: 2201.635 Thread 0x00000213af2418e0 Unloading class 0x00000213c7018800 'java/lang/invoke/LambdaForm$MH+0x00000213c7018800'
Event: 2201.635 Thread 0x00000213af2418e0 Unloading class 0x00000213c700d800 'java/lang/invoke/LambdaForm$MH+0x00000213c700d800'
Event: 2201.635 Thread 0x00000213af2418e0 Unloading class 0x00000213c700d400 'java/lang/invoke/LambdaForm$MH+0x00000213c700d400'
Event: 2201.635 Thread 0x00000213af2418e0 Unloading class 0x00000213c700d000 'java/lang/invoke/LambdaForm$MH+0x00000213c700d000'
Event: 2201.635 Thread 0x00000213af2418e0 Unloading class 0x00000213c700cc00 'java/lang/invoke/LambdaForm$MH+0x00000213c700cc00'
Event: 2201.635 Thread 0x00000213af2418e0 Unloading class 0x00000213c700c800 'java/lang/invoke/LambdaForm$BMH+0x00000213c700c800'
Event: 2201.635 Thread 0x00000213af2418e0 Unloading class 0x00000213c700c000 'java/lang/invoke/LambdaForm$DMH+0x00000213c700c000'
Event: 2201.635 Thread 0x00000213af2418e0 Unloading class 0x00000213c7008c00 'java/lang/invoke/LambdaForm$MH+0x00000213c7008c00'
Event: 2201.635 Thread 0x00000213af2418e0 Unloading class 0x00000213c7008800 'java/lang/invoke/LambdaForm$MH+0x00000213c7008800'
Event: 2201.635 Thread 0x00000213af2418e0 Unloading class 0x00000213c7008400 'java/lang/invoke/LambdaForm$MH+0x00000213c7008400'
Event: 2201.635 Thread 0x00000213af2418e0 Unloading class 0x00000213c7007000 'java/lang/invoke/LambdaForm$MH+0x00000213c7007000'
Event: 2201.635 Thread 0x00000213af2418e0 Unloading class 0x00000213c7006800 'java/lang/invoke/LambdaForm$MH+0x00000213c7006800'
Event: 2201.635 Thread 0x00000213af2418e0 Unloading class 0x00000213c7006400 'java/lang/invoke/LambdaForm$MH+0x00000213c7006400'
Event: 2201.635 Thread 0x00000213af2418e0 Unloading class 0x00000213c7006000 'java/lang/invoke/LambdaForm$MH+0x00000213c7006000'
Event: 2201.635 Thread 0x00000213af2418e0 Unloading class 0x00000213c7005c00 'java/lang/invoke/LambdaForm$BMH+0x00000213c7005c00'
Event: 2201.635 Thread 0x00000213af2418e0 Unloading class 0x00000213c7004800 'java/lang/invoke/LambdaForm$DMH+0x00000213c7004800'
Event: 2201.635 Thread 0x00000213af2418e0 Unloading class 0x00000213c7002400 'java/lang/invoke/LambdaForm$MH+0x00000213c7002400'
Event: 2201.635 Thread 0x00000213af2418e0 Unloading class 0x00000213c7002000 'java/lang/invoke/LambdaForm$MH+0x00000213c7002000'
Event: 2201.635 Thread 0x00000213af2418e0 Unloading class 0x00000213c7001800 'java/lang/invoke/LambdaForm$MH+0x00000213c7001800'

Classes redefined (0 events):
No events

Internal exceptions (20 events):
Event: 2286.683 Thread 0x000002140e1a7ed0 Exception <a 'sun/nio/fs/WindowsException'{0x00000000d5849740}> (0x00000000d5849740) 
thrown [s\src\hotspot\share\prims\jni.cpp, line 520]
Event: 2286.899 Thread 0x000002140e1a7ed0 Exception <a 'sun/nio/fs/WindowsException'{0x00000000d57500c0}> (0x00000000d57500c0) 
thrown [s\src\hotspot\share\prims\jni.cpp, line 520]
Event: 2290.963 Thread 0x000002141102e540 Exception <a 'java/lang/ClassNotFoundException'{0x00000000d59075b8}: sun/net/www/protocol/jdt/Handler> (0x00000000d59075b8) 
thrown [s\src\hotspot\share\classfile\systemDictionary.cpp, line 312]
Event: 2290.963 Thread 0x000002141102e540 Exception <a 'java/lang/ClassNotFoundException'{0x00000000d5909af0}: sun/net/www/protocol/jdt/Handler> (0x00000000d5909af0) 
thrown [s\src\hotspot\share\classfile\systemDictionary.cpp, line 312]
Event: 2290.964 Thread 0x000002141102e540 Exception <a 'java/lang/ClassNotFoundException'{0x00000000d590c1d8}: sun/net/www/protocol/jdt/Handler> (0x00000000d590c1d8) 
thrown [s\src\hotspot\share\classfile\systemDictionary.cpp, line 312]
Event: 2305.486 Thread 0x000002140e1a7ed0 Exception <a 'sun/nio/fs/WindowsException'{0x00000000d581e140}> (0x00000000d581e140) 
thrown [s\src\hotspot\share\prims\jni.cpp, line 520]
Event: 2305.706 Thread 0x000002140e1a7ed0 Exception <a 'sun/nio/fs/WindowsException'{0x00000000d57914e8}> (0x00000000d57914e8) 
thrown [s\src\hotspot\share\prims\jni.cpp, line 520]
Event: 2322.209 Thread 0x00000214120a6ea0 Exception <a 'sun/nio/fs/WindowsException'{0x00000000d58afd48}> (0x00000000d58afd48) 
thrown [s\src\hotspot\share\prims\jni.cpp, line 520]
Event: 2322.209 Thread 0x00000214120a6ea0 Exception <a 'sun/nio/fs/WindowsException'{0x00000000d58b0630}> (0x00000000d58b0630) 
thrown [s\src\hotspot\share\prims\jni.cpp, line 520]
Event: 2336.767 Thread 0x000002140e1a7ed0 Exception <a 'sun/nio/fs/WindowsException'{0x00000000d559c740}> (0x00000000d559c740) 
thrown [s\src\hotspot\share\prims\jni.cpp, line 520]
Event: 2336.931 Thread 0x000002140e1a8560 Implicit null exception at 0x00000213ba1df0f7 to 0x00000213ba1dfb30
Event: 2337.030 Thread 0x000002140e1a7ed0 Exception <a 'sun/nio/fs/WindowsException'{0x00000000d57685e8}> (0x00000000d57685e8) 
thrown [s\src\hotspot\share\prims\jni.cpp, line 520]
Event: 2338.319 Thread 0x000002140e1a7ed0 Exception <a 'sun/nio/fs/WindowsException'{0x00000000d5783148}> (0x00000000d5783148) 
thrown [s\src\hotspot\share\prims\jni.cpp, line 520]
Event: 2338.546 Thread 0x000002140e1a7ed0 Exception <a 'sun/nio/fs/WindowsException'{0x00000000d55dfd08}> (0x00000000d55dfd08) 
thrown [s\src\hotspot\share\prims\jni.cpp, line 520]
Event: 2340.784 Thread 0x000002140e1a7ed0 Exception <a 'sun/nio/fs/WindowsException'{0x00000000d56813e0}> (0x00000000d56813e0) 
thrown [s\src\hotspot\share\prims\jni.cpp, line 520]
Event: 2341.164 Thread 0x000002140e1a7ed0 Exception <a 'sun/nio/fs/WindowsException'{0x00000000d560a578}> (0x00000000d560a578) 
thrown [s\src\hotspot\share\prims\jni.cpp, line 520]
Event: 2489.838 Thread 0x000002140e1a7ed0 Exception <a 'sun/nio/fs/WindowsException'{0x00000000d5c1ed20}> (0x00000000d5c1ed20) 
thrown [s\src\hotspot\share\prims\jni.cpp, line 520]
Event: 2490.036 Thread 0x000002140e1a7ed0 Exception <a 'sun/nio/fs/WindowsException'{0x00000000d55b1560}> (0x00000000d55b1560) 
thrown [s\src\hotspot\share\prims\jni.cpp, line 520]
Event: 2636.804 Thread 0x00000214120a6ea0 Exception <a 'sun/nio/fs/WindowsException'{0x00000000d55c7d40}> (0x00000000d55c7d40) 
thrown [s\src\hotspot\share\prims\jni.cpp, line 520]
Event: 2636.805 Thread 0x00000214120a6ea0 Exception <a 'sun/nio/fs/WindowsException'{0x00000000d55c8608}> (0x00000000d55c8608) 
thrown [s\src\hotspot\share\prims\jni.cpp, line 520]

ZGC Phase Switch (0 events):
No events

VM Operations (20 events):
Event: 3307.812 Executing VM operation: RendezvousGCThreads
Event: 3307.812 Executing VM operation: RendezvousGCThreads done
Event: 3367.855 Executing VM operation: HandshakeAllThreads (HandshakeForDeflation)
Event: 3367.855 Executing VM operation: HandshakeAllThreads (HandshakeForDeflation) done
Event: 3367.855 Executing VM operation: RendezvousGCThreads
Event: 3367.855 Executing VM operation: RendezvousGCThreads done
Event: 3547.271 Executing VM operation: Cleanup
Event: 3547.271 Executing VM operation: Cleanup done
Event: 3548.425 Executing VM operation: HandshakeAllThreads (HandshakeForDeflation)
Event: 3548.425 Executing VM operation: HandshakeAllThreads (HandshakeForDeflation) done
Event: 3548.425 Executing VM operation: RendezvousGCThreads
Event: 3548.425 Executing VM operation: RendezvousGCThreads done
Event: 3608.486 Executing VM operation: HandshakeAllThreads (HandshakeForDeflation)
Event: 3608.487 Executing VM operation: HandshakeAllThreads (HandshakeForDeflation) done
Event: 3608.487 Executing VM operation: RendezvousGCThreads
Event: 3608.487 Executing VM operation: RendezvousGCThreads done
Event: 3909.114 Executing VM operation: HandshakeAllThreads (HandshakeForDeflation)
Event: 3909.114 Executing VM operation: HandshakeAllThreads (HandshakeForDeflation) done
Event: 3909.114 Executing VM operation: RendezvousGCThreads
Event: 3909.114 Executing VM operation: RendezvousGCThreads done

Memory protections (0 events):
No events

Nmethod flushes (20 events):
Event: 2201.693 Thread 0x00000213af2418e0 flushing  nmethod 0x00000213b52c0110
Event: 2201.693 Thread 0x00000213af2418e0 flushing  nmethod 0x00000213b52c4510
Event: 2201.693 Thread 0x00000213af2418e0 flushing  nmethod 0x00000213b52cf590
Event: 2201.693 Thread 0x00000213af2418e0 flushing  nmethod 0x00000213b52d3b10
Event: 2201.693 Thread 0x00000213af2418e0 flushing osr nmethod 0x00000213b52e1d10
Event: 2201.693 Thread 0x00000213af2418e0 flushing  nmethod 0x00000213b52e8310
Event: 2201.693 Thread 0x00000213af2418e0 flushing  nmethod 0x00000213b530d290
Event: 2201.693 Thread 0x00000213af2418e0 flushing  nmethod 0x00000213b5311390
Event: 2201.693 Thread 0x00000213af2418e0 flushing  nmethod 0x00000213b5341790
Event: 2201.693 Thread 0x00000213af2418e0 flushing  nmethod 0x00000213b5383d90
Event: 2201.693 Thread 0x00000213af2418e0 flushing  nmethod 0x00000213b5387610
Event: 2201.693 Thread 0x00000213af2418e0 flushing  nmethod 0x00000213b53c7c90
Event: 2201.693 Thread 0x00000213af2418e0 flushing  nmethod 0x00000213b53cc610
Event: 2201.693 Thread 0x00000213af2418e0 flushing osr nmethod 0x00000213b53cce90
Event: 2201.693 Thread 0x00000213af2418e0 flushing  nmethod 0x00000213b53dc710
Event: 2201.693 Thread 0x00000213af2418e0 flushing  nmethod 0x00000213b540d010
Event: 2201.693 Thread 0x00000213af2418e0 flushing  nmethod 0x00000213b540e110
Event: 2201.693 Thread 0x00000213af2418e0 flushing  nmethod 0x00000213b5429a90
Event: 2201.693 Thread 0x00000213af2418e0 flushing  nmethod 0x00000213b5434590
Event: 2201.693 Thread 0x00000213af2418e0 flushing  nmethod 0x00000213b5504b90

Events (20 events):
Event: 2489.069 Thread 0x00000214120ab6d0 Thread added: 0x000002141102e540
Event: 2493.094 Thread 0x00000214120a6ea0 Thread added: 0x000002141102d190
Event: 2548.669 Thread 0x0000021411b730a0 Thread exited: 0x0000021411b730a0
Event: 2550.011 Thread 0x00000214120a8250 Thread exited: 0x00000214120a8250
Event: 2551.486 Thread 0x00000214120ab6d0 Thread exited: 0x00000214120ab6d0
Event: 2553.105 Thread 0x000002141102d190 Thread exited: 0x000002141102d190
Event: 2586.784 Thread 0x000002140fc1ae00 Thread exited: 0x000002140fc1ae00
Event: 2605.584 Thread 0x0000021411b74450 Thread exited: 0x0000021411b74450
Event: 2636.805 Thread 0x00000214120a6ea0 Thread added: 0x000002141102d190
Event: 2636.806 Thread 0x000002141102d190 Thread exited: 0x000002141102d190
Event: 2636.877 Thread 0x0000021411029d10 Thread exited: 0x0000021411029d10
Event: 2638.440 Thread 0x000002141102a3a0 Thread exited: 0x000002141102a3a0
Event: 2640.895 Thread 0x000002141102deb0 Thread exited: 0x000002141102deb0
Event: 2675.019 Thread 0x00000214120a7530 Thread exited: 0x00000214120a7530
Event: 2735.029 Thread 0x00000214120aa320 Thread exited: 0x00000214120aa320
Event: 2789.945 Thread 0x000002141102f260 Thread exited: 0x000002141102f260
Event: 2795.044 Thread 0x00000214120aa9b0 Thread exited: 0x00000214120aa9b0
Event: 2855.060 Thread 0x00000214120a9600 Thread exited: 0x00000214120a9600
Event: 2915.070 Thread 0x00000214120a5af0 Thread exited: 0x00000214120a5af0
Event: 2975.073 Thread 0x00000214120ab040 Thread exited: 0x00000214120ab040


Dynamic libraries:
0x00007ff716290000 - 0x00007ff71629e000 	c:\Users\muoi\.vscode\extensions\redhat.java-1.46.0-win32-x64\jre\21.0.8-win32-x86_64\bin\java.exe
0x00007ffabd1a0000 - 0x00007ffabd408000 	C:\WINDOWS\SYSTEM32\ntdll.dll
0x00007ffabb940000 - 0x00007ffabba09000 	C:\WINDOWS\System32\KERNEL32.DLL
0x00007ffaba480000 - 0x00007ffaba872000 	C:\WINDOWS\System32\KERNELBASE.dll
0x00007ffaba330000 - 0x00007ffaba47b000 	C:\WINDOWS\System32\ucrtbase.dll
0x00007ffaa5960000 - 0x00007ffaa5978000 	c:\Users\muoi\.vscode\extensions\redhat.java-1.46.0-win32-x64\jre\21.0.8-win32-x86_64\bin\jli.dll
0x00007ffaa59d0000 - 0x00007ffaa59ee000 	c:\Users\muoi\.vscode\extensions\redhat.java-1.46.0-win32-x64\jre\21.0.8-win32-x86_64\bin\VCRUNTIME140.dll
0x00007ffabcd90000 - 0x00007ffabcf55000 	C:\WINDOWS\System32\USER32.dll
0x00007ffabaf40000 - 0x00007ffabaf67000 	C:\WINDOWS\System32\win32u.dll
0x00007ffaa4f20000 - 0x00007ffaa51b3000 	C:\WINDOWS\WinSxS\amd64_microsoft.windows.common-controls_6595b64144ccf1df_6.0.26100.6899_none_3e0efeeae32e88c1\COMCTL32.dll
0x00007ffabc810000 - 0x00007ffabc83b000 	C:\WINDOWS\System32\GDI32.dll
0x00007ffabc220000 - 0x00007ffabc2c9000 	C:\WINDOWS\System32\msvcrt.dll
0x00007ffabaa00000 - 0x00007ffabab2d000 	C:\WINDOWS\System32\gdi32full.dll
0x00007ffababf0000 - 0x00007ffabac93000 	C:\WINDOWS\System32\msvcp_win.dll
0x00007ffabaf70000 - 0x00007ffabaf9f000 	C:\WINDOWS\System32\IMM32.DLL
0x00007ffaa6c60000 - 0x00007ffaa6c6c000 	c:\Users\muoi\.vscode\extensions\redhat.java-1.46.0-win32-x64\jre\21.0.8-win32-x86_64\bin\vcruntime140_1.dll
0x00007ffa88830000 - 0x00007ffa888bd000 	c:\Users\muoi\.vscode\extensions\redhat.java-1.46.0-win32-x64\jre\21.0.8-win32-x86_64\bin\msvcp140.dll
0x00007ffa26d60000 - 0x00007ffa27af7000 	c:\Users\muoi\.vscode\extensions\redhat.java-1.46.0-win32-x64\jre\21.0.8-win32-x86_64\bin\server\jvm.dll
0x00007ffabccd0000 - 0x00007ffabcd84000 	C:\WINDOWS\System32\ADVAPI32.dll
0x00007ffabc600000 - 0x00007ffabc6a6000 	C:\WINDOWS\System32\sechost.dll
0x00007ffabc4b0000 - 0x00007ffabc5c8000 	C:\WINDOWS\System32\RPCRT4.dll
0x00007ffabb790000 - 0x00007ffabb804000 	C:\WINDOWS\System32\WS2_32.dll
0x00007ffaba190000 - 0x00007ffaba1ee000 	C:\WINDOWS\SYSTEM32\POWRPROF.dll
0x00007ffaa7480000 - 0x00007ffaa74b5000 	C:\WINDOWS\SYSTEM32\WINMM.dll
0x00007ffaa92e0000 - 0x00007ffaa92eb000 	C:\WINDOWS\SYSTEM32\VERSION.dll
0x00007ffaba170000 - 0x00007ffaba184000 	C:\WINDOWS\SYSTEM32\UMPDC.dll
0x00007ffab90c0000 - 0x00007ffab90db000 	C:\WINDOWS\SYSTEM32\kernel.appcore.dll
0x00007ffaa5750000 - 0x00007ffaa575a000 	c:\Users\muoi\.vscode\extensions\redhat.java-1.46.0-win32-x64\jre\21.0.8-win32-x86_64\bin\jimage.dll
0x00007ffab4890000 - 0x00007ffab4ad2000 	C:\WINDOWS\SYSTEM32\DBGHELP.DLL
0x00007ffabc840000 - 0x00007ffabcbbb000 	C:\WINDOWS\System32\combase.dll
0x00007ffabc6b0000 - 0x00007ffabc787000 	C:\WINDOWS\System32\OLEAUT32.dll
0x00007ffaa73d0000 - 0x00007ffaa740c000 	C:\WINDOWS\SYSTEM32\dbgcore.DLL
0x00007ffabae10000 - 0x00007ffabaea8000 	C:\WINDOWS\System32\bcryptPrimitives.dll
0x00007ffaa5740000 - 0x00007ffaa574f000 	c:\Users\muoi\.vscode\extensions\redhat.java-1.46.0-win32-x64\jre\21.0.8-win32-x86_64\bin\instrument.dll
0x00007ffaa2b30000 - 0x00007ffaa2b4f000 	c:\Users\muoi\.vscode\extensions\redhat.java-1.46.0-win32-x64\jre\21.0.8-win32-x86_64\bin\java.dll
0x00007ffabafb0000 - 0x00007ffabb6fd000 	C:\WINDOWS\System32\SHELL32.dll
0x00007ffabaca0000 - 0x00007ffabae0b000 	C:\WINDOWS\System32\wintypes.dll
0x00007ffab7f60000 - 0x00007ffab87bd000 	C:\WINDOWS\SYSTEM32\windows.storage.dll
0x00007ffabb840000 - 0x00007ffabb932000 	C:\WINDOWS\System32\SHCORE.dll
0x00007ffabc790000 - 0x00007ffabc7f2000 	C:\WINDOWS\System32\shlwapi.dll
0x00007ffaba250000 - 0x00007ffaba279000 	C:\WINDOWS\SYSTEM32\profapi.dll
0x00007ffaa0cc0000 - 0x00007ffaa0cd8000 	c:\Users\muoi\.vscode\extensions\redhat.java-1.46.0-win32-x64\jre\21.0.8-win32-x86_64\bin\zip.dll
0x00007ffaa3920000 - 0x00007ffaa3930000 	C:\Users\muoi\.vscode\extensions\redhat.java-1.46.0-win32-x64\jre\21.0.8-win32-x86_64\bin\net.dll
0x00007ffab75c0000 - 0x00007ffab76df000 	C:\WINDOWS\SYSTEM32\WINHTTP.dll
0x00007ffab9610000 - 0x00007ffab967b000 	C:\WINDOWS\system32\mswsock.dll
0x00007ffa9a890000 - 0x00007ffa9a8a6000 	C:\Users\muoi\.vscode\extensions\redhat.java-1.46.0-win32-x64\jre\21.0.8-win32-x86_64\bin\nio.dll
0x00007ffaa2da0000 - 0x00007ffaa2db0000 	c:\Users\muoi\.vscode\extensions\redhat.java-1.46.0-win32-x64\jre\21.0.8-win32-x86_64\bin\verify.dll
0x00007ffa85240000 - 0x00007ffa85284000 	C:\Users\muoi\AppData\Roaming\Code\User\globalStorage\redhat.java\1.46.0\config_win\org.eclipse.equinox.launcher\org.eclipse.equinox.launcher.win32.win32.x86_64_1.2.1400.v20250801-0854\eclipse_11916.dll
0x00007ffabba10000 - 0x00007ffabbba8000 	C:\WINDOWS\System32\ole32.dll
0x00007ffab99f0000 - 0x00007ffab9a0b000 	C:\WINDOWS\SYSTEM32\CRYPTSP.dll
0x00007ffab9020000 - 0x00007ffab905b000 	C:\WINDOWS\system32\rsaenh.dll
0x00007ffab96b0000 - 0x00007ffab96db000 	C:\WINDOWS\SYSTEM32\USERENV.dll
0x00007ffaba220000 - 0x00007ffaba246000 	C:\WINDOWS\SYSTEM32\bcrypt.dll
0x00007ffab9850000 - 0x00007ffab985c000 	C:\WINDOWS\SYSTEM32\CRYPTBASE.dll
0x00007ffab8b10000 - 0x00007ffab8b44000 	C:\WINDOWS\SYSTEM32\IPHLPAPI.DLL
0x00007ffabc800000 - 0x00007ffabc80a000 	C:\WINDOWS\System32\NSI.dll
0x00007ffa85060000 - 0x00007ffa850a9000 	C:\Users\muoi\AppData\Local\Temp\jna-3363202\jna17319404825993204250.dll
0x00007ffabcf60000 - 0x00007ffabcf68000 	C:\WINDOWS\System32\PSAPI.DLL
0x00007ffaabd30000 - 0x00007ffaabd4e000 	C:\WINDOWS\SYSTEM32\dhcpcsvc6.DLL
0x00007ffaabd00000 - 0x00007ffaabd23000 	C:\WINDOWS\SYSTEM32\dhcpcsvc.DLL
0x00007ffab8bb0000 - 0x00007ffab8cd6000 	C:\WINDOWS\SYSTEM32\DNSAPI.dll
0x00007ffaaf970000 - 0x00007ffaaf97b000 	C:\Windows\System32\rasadhlp.dll
0x00007ffaaaaa0000 - 0x00007ffaaab26000 	C:\WINDOWS\System32\fwpuclnt.dll
0x00007ffab3890000 - 0x00007ffab3899000 	C:\Users\muoi\.vscode\extensions\redhat.java-1.46.0-win32-x64\jre\21.0.8-win32-x86_64\bin\extnet.dll
0x00007ffab0870000 - 0x00007ffab087e000 	C:\Users\muoi\.vscode\extensions\redhat.java-1.46.0-win32-x64\jre\21.0.8-win32-x86_64\bin\sunmscapi.dll
0x00007ffaba880000 - 0x00007ffaba9f7000 	C:\WINDOWS\System32\CRYPT32.dll
0x00007ffab9b40000 - 0x00007ffab9b70000 	C:\WINDOWS\SYSTEM32\ncrypt.dll
0x00007ffab9af0000 - 0x00007ffab9b2f000 	C:\WINDOWS\SYSTEM32\NTASN1.dll

JVMTI agents:
c:\Users\muoi\.vscode\extensions\redhat.java-1.46.0-win32-x64\lombok\lombok-1.18.39-4050.jar path:c:\Users\muoi\.vscode\extensions\redhat.java-1.46.0-win32-x64\jre\21.0.8-win32-x86_64\bin\instrument.dll, loaded, initialized, instrumentlib options:none

dbghelp: loaded successfully - version: 4.0.5 - missing functions: none
symbol engine: initialized successfully - sym options: 0x614 - pdb path: .;c:\Users\muoi\.vscode\extensions\redhat.java-1.46.0-win32-x64\jre\21.0.8-win32-x86_64\bin;C:\WINDOWS\SYSTEM32;C:\WINDOWS\WinSxS\amd64_microsoft.windows.common-controls_6595b64144ccf1df_6.0.26100.6899_none_3e0efeeae32e88c1;c:\Users\muoi\.vscode\extensions\redhat.java-1.46.0-win32-x64\jre\21.0.8-win32-x86_64\bin\server;C:\Users\muoi\AppData\Roaming\Code\User\globalStorage\redhat.java\1.46.0\config_win\org.eclipse.equinox.launcher\org.eclipse.equinox.launcher.win32.win32.x86_64_1.2.1400.v20250801-0854;C:\Users\muoi\AppData\Local\Temp\jna-3363202

VM Arguments:
jvm_args: --add-modules=ALL-SYSTEM --add-opens=java.base/java.util=ALL-UNNAMED --add-opens=java.base/java.lang=ALL-UNNAMED --add-opens=java.base/sun.nio.fs=ALL-UNNAMED -Declipse.application=org.eclipse.jdt.ls.core.id1 -Dosgi.bundles.defaultStartLevel=4 -Declipse.product=org.eclipse.jdt.ls.core.product -Djava.import.generatesMetadataFilesAtProjectRoot=false -DDetectVMInstallationsJob.disabled=true -Dfile.encoding=utf8 -XX:+UseParallelGC -XX:GCTimeRatio=4 -XX:AdaptiveSizePolicyWeight=90 -Dsun.zip.disableMemoryMapping=true -Xmx2G -Xms100m -Xlog:disable -javaagent:c:\Users\muoi\.vscode\extensions\redhat.java-1.46.0-win32-x64\lombok\lombok-1.18.39-4050.jar -XX:+HeapDumpOnOutOfMemoryError -XX:HeapDumpPath=c:\Users\muoi\AppData\Roaming\Code\User\workspaceStorage\3b6326af63195a8f6cf2a6cf719f9c90\redhat.java -Daether.dependencyCollector.impl=bf 
java_command: c:\Users\muoi\.vscode\extensions\redhat.java-1.46.0-win32-x64\server\plugins\org.eclipse.equinox.launcher_1.7.0.v20250519-0528.jar -configuration c:\Users\muoi\AppData\Roaming\Code\User\globalStorage\redhat.java\1.46.0\config_win -data c:\Users\muoi\AppData\Roaming\Code\User\workspaceStorage\3b6326af63195a8f6cf2a6cf719f9c90\redhat.java\jdt_ws --pipe=\\.\pipe\lsp-d2d2b4b25a2384a1034fe97a4eeec434-sock
java_class_path (initial): c:\Users\muoi\.vscode\extensions\redhat.java-1.46.0-win32-x64\server\plugins\org.eclipse.equinox.launcher_1.7.0.v20250519-0528.jar
Launcher Type: SUN_STANDARD

[Global flags]
    uintx AdaptiveSizePolicyWeight                 = 90                                        {product} {command line}
     intx CICompilerCount                          = 4                                         {product} {ergonomic}
    uintx GCTimeRatio                              = 4                                         {product} {command line}
     bool HeapDumpOnOutOfMemoryError               = true                                   {manageable} {command line}
    ccstr HeapDumpPath                             = c:\Users\muoi\AppData\Roaming\Code\User\workspaceStorage\3b6326af63195a8f6cf2a6cf719f9c90\redhat.java         {manageable} {command line}
   size_t InitialHeapSize                          = 104857600                                 {product} {command line}
   size_t MaxHeapSize                              = 2147483648                                {product} {command line}
   size_t MaxNewSize                               = 715653120                                 {product} {ergonomic}
   size_t MinHeapDeltaBytes                        = 524288                                    {product} {ergonomic}
   size_t MinHeapSize                              = 104857600                                 {product} {command line}
   size_t NewSize                                  = 34603008                                  {product} {ergonomic}
    uintx NonNMethodCodeHeapSize                   = 5839372                                {pd product} {ergonomic}
    uintx NonProfiledCodeHeapSize                  = 122909434                              {pd product} {ergonomic}
   size_t OldSize                                  = 70254592                                  {product} {ergonomic}
    uintx ProfiledCodeHeapSize                     = 122909434                              {pd product} {ergonomic}
    uintx ReservedCodeCacheSize                    = 251658240                              {pd product} {ergonomic}
     bool SegmentedCodeCache                       = true                                      {product} {ergonomic}
   size_t SoftMaxHeapSize                          = 2147483648                             {manageable} {ergonomic}
     bool UseCompressedOops                        = true                           {product lp64_product} {ergonomic}
     bool UseLargePagesIndividualAllocation        = false                                  {pd product} {ergonomic}
     bool UseParallelGC                            = true                                      {product} {command line}

Logging:
Log output configuration:
 #0: stdout all=off uptime,level,tags foldmultilines=false
 #1: stderr all=off uptime,level,tags foldmultilines=false

Environment Variables:
JAVA_HOME=C:\Program Files\Java\jdk-21
PATH=C:\Program Files\Common Files\Oracle\Java\javapath;C:\WINDOWS\system32;C:\WINDOWS;C:\WINDOWS\System32\Wbem;C:\WINDOWS\System32\WindowsPowerShell\v1.0\;C:\WINDOWS\System32\OpenSSH\;c:\Users\muoi\AppData\Local\Programs\cursor\resources\app\bin;C:\Program Files\Git\cmd;C:\Program Files\Java\jdk-21\bin;C:\Users\muoi\AppData\Roaming\nvm;C:\Program Files\nodejs;C:\Users\muoi\Downloads\Auto_Golike_Fram;C:\Program Files\dotnet\;C:\Program Files\Docker\Docker\resources\bin;C:\Users\muoi\Downloads\apache-maven-3.9.11-bin (1)\apache-maven-3.9.11\bin;C:\Users\muoi\Downloads\apache-maven-3.9.11-bin\apache-maven-3.9.11\bin;C:\Users\muoi\AppData\Local\Programs\Python\Python312\Scripts\;C:\Users\muoi\AppData\Local\Programs\Python\Python312\;C:\Users\muoi\AppData\Local\Programs\Python\Launcher\;C:\Users\muoi\AppData\Local\Microsoft\WindowsApps;C:\Users\muoi\AppData\Local\Programs\Microsoft VS Code\bin;C:\Users\muoi\AppData\Local\Programs\cursor\resources\app\bin;C:\Users\muoi\AppData\Roaming\nvm;C:\Program Files\nodejs;C:\platform-tools;C:\Users\muoi\.dotnet\tools
USERNAME=muoi
OS=Windows_NT
PROCESSOR_IDENTIFIER=Intel64 Family 6 Model 142 Stepping 10, GenuineIntel
TMP=C:\Users\muoi\AppData\Local\Temp
TEMP=C:\Users\muoi\AppData\Local\Temp




Periodic native trim disabled

---------------  S Y S T E M  ---------------

OS:
 Windows 11 , 64 bit Build 26100 (10.0.26100.6725)
OS uptime: 0 days 1:55 hours
Hyper-V role detected

CPU: total 8 (initial active 8) (4 cores per cpu, 2 threads per core) family 6 model 142 stepping 10 microcode 0xe0, cx8, cmov, fxsr, ht, mmx, 3dnowpref, sse, sse2, sse3, ssse3, sse4.1, sse4.2, popcnt, lzcnt, tsc, tscinvbit, avx, avx2, aes, erms, clmul, bmi1, bmi2, adx, fma, vzeroupper, clflush, clflushopt, hv, rdtscp, f16c
Processor Information for the first 8 processors :
  Max Mhz: 1801, Current Mhz: 1801, Mhz Limit: 1801

Memory: 4k page, system-wide physical 16243M (3986M free)
TotalPageFile size 16243M (AvailPageFile size 298M)
current process WorkingSet (physical memory assigned to process): 1236M, peak: 1650M
current process commit charge ("private bytes"): 1635M, peak: 1799M

vm_info: OpenJDK 64-Bit Server VM (21.0.8+9-LTS) for windows-amd64 JRE (21.0.8+9-LTS), built on 2025-07-15T00:00:00Z by "admin" with MS VC++ 17.7 (VS2022)

END.
