#
# There is insufficient memory for the Java Runtime Environment to continue.
# Native memory allocation (malloc) failed to allocate 301536 bytes. Error detail: Chunk::new
# Possible reasons:
#   The system is out of physical RAM or swap space
#   This process is running with CompressedOops enabled, and the Java Heap may be blocking the growth of the native heap
# Possible solutions:
#   Reduce memory load on the system
#   Increase physical memory or swap space
#   Check if swap backing store is full
#   Decrease Java heap size (-Xmx/-Xms)
#   Decrease number of Java threads
#   Decrease Java thread stack sizes (-Xss)
#   Set larger code cache with -XX:ReservedCodeCacheSize=
#   JVM is running with Unscaled Compressed Oops mode in which the Java heap is
#     placed in the first 4GB address space. The Java Heap base address is the
#     maximum limit for the native heap growth. Please use -XX:HeapBaseMinAddress
#     to set the Java Heap base and to place the Java Heap above 4GB virtual address.
# This output file may be truncated or incomplete.
#
#  Out of Memory Error (arena.cpp:168), pid=18668, tid=16452
#
# JRE version: OpenJDK Runtime Environment Temurin-21.0.9+10 (21.0.9+10) (build 21.0.9+10-LTS)
# Java VM: OpenJDK 64-Bit Server VM Temurin-21.0.9+10 (21.0.9+10-LTS, mixed mode, sharing, tiered, compressed oops, compressed class ptrs, parallel gc, windows-amd64)
# No core dump will be written. Minidumps are not enabled by default on client versions of Windows
#

---------------  S U M M A R Y ------------

Command Line: --add-modules=ALL-SYSTEM --add-opens=java.base/java.util=ALL-UNNAMED --add-opens=java.base/java.lang=ALL-UNNAMED --add-opens=java.base/sun.nio.fs=ALL-UNNAMED -Declipse.application=org.eclipse.jdt.ls.core.id1 -Dosgi.bundles.defaultStartLevel=4 -Declipse.product=org.eclipse.jdt.ls.core.product -Djava.import.generatesMetadataFilesAtProjectRoot=false -DDetectVMInstallationsJob.disabled=true -Dfile.encoding=utf8 -XX:+UseParallelGC -XX:GCTimeRatio=4 -XX:AdaptiveSizePolicyWeight=90 -Dsun.zip.disableMemoryMapping=true -Xmx2G -Xms100m -Xlog:disable -javaagent:c:\Users\muoi\.vscode\extensions\redhat.java-1.49.0-win32-x64\lombok\lombok-1.18.39-4050.jar c:\Users\muoi\.vscode\extensions\redhat.java-1.49.0-win32-x64\server\plugins\org.eclipse.equinox.launcher_1.7.100.v20251111-0406.jar -configuration c:\Users\muoi\AppData\Roaming\Code\User\globalStorage\redhat.java\1.49.0\config_ss_win -data c:\Users\muoi\AppData\Roaming\Code\User\workspaceStorage\3b6326af63195a8f6cf2a6cf719f9c90\redhat.java\ss_ws --pipe=\\.\pipe\lsp-166a641294ad63b03b2b4e9a42e37529-sock

Host: Intel(R) Core(TM) i5-8250U CPU @ 1.60GHz, 8 cores, 15G,  Windows 11 , 64 bit Build 26100 (10.0.26100.7019)
Time: Sun Nov 23 23:45:42 2025 SE Asia Standard Time elapsed time: 6.568400 seconds (0d 0h 0m 6s)

---------------  T H R E A D  ---------------

Current thread (0x0000015dffc05450):  JavaThread "C2 CompilerThread1" daemon [_thread_in_native, id=16452, stack(0x0000002b91000000,0x0000002b91100000) (1024K)]


Current CompileTask:
C2:6568 1291       4       java.io.DataInputStream::readUTF (501 bytes)

Stack: [0x0000002b91000000,0x0000002b91100000]
Native frames: (J=compiled Java code, j=interpreted, Vv=VM code, C=native code)
V  [jvm.dll+0x6d6e29]
V  [jvm.dll+0x8b4b76]
V  [jvm.dll+0x8b712e]
V  [jvm.dll+0x8b7813]
V  [jvm.dll+0x283d86]
V  [jvm.dll+0xc66ed]
V  [jvm.dll+0xc6c31]
V  [jvm.dll+0x2facee]
V  [jvm.dll+0x5fde44]
V  [jvm.dll+0x255557]
V  [jvm.dll+0x25591d]
V  [jvm.dll+0x24df40]
V  [jvm.dll+0x24b482]
V  [jvm.dll+0x1cb13e]
V  [jvm.dll+0x25b29d]
V  [jvm.dll+0x25982a]
V  [jvm.dll+0x3f7ea6]
V  [jvm.dll+0x85e9ad]
V  [jvm.dll+0x6d565d]
C  [ucrtbase.dll+0x37b0]
C  [KERNEL32.DLL+0x2e8d7]
C  [ntdll.dll+0x8c53c]


---------------  P R O C E S S  ---------------

Threads class SMR info:
_java_thread_list=0x0000015dd835d070, length=13, elements={
0x0000015dfa5c4f10, 0x0000015dfa53a690, 0x0000015dfa53cc90, 0x0000015dfa53e710,
0x0000015dfa53f710, 0x0000015dfa5431f0, 0x0000015dfa545eb0, 0x0000015dfa5599f0,
0x0000015dfa55c4a0, 0x0000015dffa09d40, 0x0000015dffb20950, 0x0000015dffc05450,
0x0000015dffc046b0
}

Java Threads: ( => current thread )
  0x0000015dfa5c4f10 JavaThread "main"                              [_thread_in_vm, id=5924, stack(0x0000002b90400000,0x0000002b90500000) (1024K)]
  0x0000015dfa53a690 JavaThread "Reference Handler"          daemon [_thread_blocked, id=19876, stack(0x0000002b90800000,0x0000002b90900000) (1024K)]
  0x0000015dfa53cc90 JavaThread "Finalizer"                  daemon [_thread_blocked, id=17152, stack(0x0000002b90900000,0x0000002b90a00000) (1024K)]
  0x0000015dfa53e710 JavaThread "Signal Dispatcher"          daemon [_thread_blocked, id=15300, stack(0x0000002b90a00000,0x0000002b90b00000) (1024K)]
  0x0000015dfa53f710 JavaThread "Attach Listener"            daemon [_thread_blocked, id=3532, stack(0x0000002b90b00000,0x0000002b90c00000) (1024K)]
  0x0000015dfa5431f0 JavaThread "Service Thread"             daemon [_thread_blocked, id=9936, stack(0x0000002b90c00000,0x0000002b90d00000) (1024K)]
  0x0000015dfa545eb0 JavaThread "Monitor Deflation Thread"   daemon [_thread_blocked, id=3996, stack(0x0000002b90d00000,0x0000002b90e00000) (1024K)]
  0x0000015dfa5599f0 JavaThread "C2 CompilerThread0"         daemon [_thread_in_native, id=20224, stack(0x0000002b90e00000,0x0000002b90f00000) (1024K)]
  0x0000015dfa55c4a0 JavaThread "C1 CompilerThread0"         daemon [_thread_blocked, id=16108, stack(0x0000002b90f00000,0x0000002b91000000) (1024K)]
  0x0000015dffa09d40 JavaThread "Common-Cleaner"             daemon [_thread_blocked, id=20248, stack(0x0000002b91100000,0x0000002b91200000) (1024K)]
  0x0000015dffb20950 JavaThread "Notification Thread"        daemon [_thread_blocked, id=17552, stack(0x0000002b91200000,0x0000002b91300000) (1024K)]
=>0x0000015dffc05450 JavaThread "C2 CompilerThread1"         daemon [_thread_in_native, id=16452, stack(0x0000002b91000000,0x0000002b91100000) (1024K)]
  0x0000015dffc046b0 JavaThread "C2 CompilerThread2"         daemon [_thread_blocked, id=13156, stack(0x0000002b91300000,0x0000002b91400000) (1024K)]
Total: 13

Other Threads:
  0x0000015dfa661bd0 VMThread "VM Thread"                           [id=17316, stack(0x0000002b90700000,0x0000002b90800000) (1024K)]
  0x0000015dfa44ca00 WatcherThread "VM Periodic Task Thread"        [id=18336, stack(0x0000002b90600000,0x0000002b90700000) (1024K)]
  0x0000015dfa5e36a0 WorkerThread "GC Thread#0"                     [id=2680, stack(0x0000002b90500000,0x0000002b90600000) (1024K)]
  0x0000015dffc07550 WorkerThread "GC Thread#1"                     [id=11696, stack(0x0000002b91400000,0x0000002b91500000) (1024K)]
  0x0000015dffc078f0 WorkerThread "GC Thread#2"                     [id=6408, stack(0x0000002b91500000,0x0000002b91600000) (1024K)]
  0x0000015dd874f790 WorkerThread "GC Thread#3"                     [id=17788, stack(0x0000002b91600000,0x0000002b91700000) (1024K)]
  0x0000015dd874fb30 WorkerThread "GC Thread#4"                     [id=16144, stack(0x0000002b91700000,0x0000002b91800000) (1024K)]
  0x0000015dd874fed0 WorkerThread "GC Thread#5"                     [id=19804, stack(0x0000002b91800000,0x0000002b91900000) (1024K)]
  0x0000015dd8750270 WorkerThread "GC Thread#6"                     [id=13780, stack(0x0000002b91900000,0x0000002b91a00000) (1024K)]
Total: 9

Threads with active compile tasks:
C2 CompilerThread0  6624 1324       4       lombok.launch.PackageShader::apply (252 bytes)
C2 CompilerThread1  6624 1291       4       java.io.DataInputStream::readUTF (501 bytes)
Total: 2

VM state: not at safepoint (normal execution)

VM Mutex/Monitor currently owned by a thread: None

Heap address: 0x0000000080000000, size: 2048 MB, Compressed Oops mode: 32-bit

CDS archive(s) mapped at: [0x0000015d93000000-0x0000015d93ba0000-0x0000015d93ba0000), size 12189696, SharedBaseAddress: 0x0000015d93000000, ArchiveRelocationMode: 1.
Compressed class space mapped at: 0x0000015d94000000-0x0000015dd4000000, reserved size: 1073741824
Narrow klass base: 0x0000015d93000000, Narrow klass shift: 0, Narrow klass range: 0x100000000

GC Precious Log:
 CardTable entry size: 512
 CPUs: 8 total, 8 available
 Memory: 16243M
 Large Page Support: Disabled
 NUMA Support: Disabled
 Compressed Oops: Enabled (32-bit)
 Alignments: Space 512K, Generation 512K, Heap 2M
 Heap Min Capacity: 100M
 Heap Initial Capacity: 100M
 Heap Max Capacity: 2G
 Pre-touch: Disabled
 Parallel Workers: 8

Heap:
 PSYoungGen      total 29696K, used 11303K [0x00000000d5580000, 0x00000000d7680000, 0x0000000100000000)
  eden space 25600K, 31% used [0x00000000d5580000,0x00000000d5d4fea8,0x00000000d6e80000)
  from space 4096K, 80% used [0x00000000d6e80000,0x00000000d71b9e98,0x00000000d7280000)
  to   space 4096K, 0% used [0x00000000d7280000,0x00000000d7280000,0x00000000d7680000)
 ParOldGen       total 68608K, used 16K [0x0000000080000000, 0x0000000084300000, 0x00000000d5580000)
  object space 68608K, 0% used [0x0000000080000000,0x0000000080004000,0x0000000084300000)
 Metaspace       used 5974K, committed 6272K, reserved 1114112K
  class space    used 618K, committed 768K, reserved 1048576K

Card table byte_map: [0x0000015df9f60000,0x0000015dfa370000] _byte_map_base: 0x0000015df9b60000

Marking Bits: (ParMarkBitMap*) 0x00007ff9a7ad2460
 Begin Bits: [0x0000015d8f000000, 0x0000015d91000000)
 End Bits:   [0x0000015d91000000, 0x0000015d93000000)

Polling page: 0x0000015df8450000

Metaspace:

Usage:
  Non-class:      5.23 MB used.
      Class:    618.11 KB used.
       Both:      5.83 MB used.

Virtual space:
  Non-class space:       64.00 MB reserved,       5.38 MB (  8%) committed,  1 nodes.
      Class space:        1.00 GB reserved,     768.00 KB ( <1%) committed,  1 nodes.
             Both:        1.06 GB reserved,       6.12 MB ( <1%) committed. 

Chunk freelists:
   Non-Class:  10.08 MB
       Class:  15.08 MB
        Both:  25.16 MB

MaxMetaspaceSize: unlimited
CompressedClassSpaceSize: 1.00 GB
Initial GC threshold: 21.00 MB
Current GC threshold: 21.00 MB
CDS: on
 - commit_granule_bytes: 65536.
 - commit_granule_words: 8192.
 - virtual_space_node_default_size: 8388608.
 - enlarge_chunks_in_place: 1.
 - use_allocation_guard: 0.


Internal statistics:

num_allocs_failed_limit: 0.
num_arena_births: 190.
num_arena_deaths: 0.
num_vsnodes_births: 2.
num_vsnodes_deaths: 0.
num_space_committed: 98.
num_space_uncommitted: 0.
num_chunks_returned_to_freelist: 0.
num_chunks_taken_from_freelist: 313.
num_chunk_merges: 0.
num_chunk_splits: 200.
num_chunks_enlarged: 125.
num_inconsistent_stats: 0.

CodeHeap 'non-profiled nmethods': size=120000Kb used=524Kb max_used=524Kb free=119475Kb
 bounds [0x0000015d87ad0000, 0x0000015d87d40000, 0x0000015d8f000000]
CodeHeap 'profiled nmethods': size=120000Kb used=2230Kb max_used=2230Kb free=117769Kb
 bounds [0x0000015d80000000, 0x0000015d80270000, 0x0000015d87530000]
CodeHeap 'non-nmethods': size=5760Kb used=1206Kb max_used=1233Kb free=4553Kb
 bounds [0x0000015d87530000, 0x0000015d877a0000, 0x0000015d87ad0000]
CodeCache: size=245760Kb, used=3960Kb, max_used=3987Kb, free=241797Kb
 total_blobs=1792, nmethods=1321, adapters=378, full_count=0
Compilation: enabled, stopped_count=0, restarted_count=0

Compilation events (20 events):
Event: 4.539 Thread 0x0000015dfa55c4a0 1318       3       org.eclipse.osgi.container.ModuleRevisionBuilder::unmodifiableMap (86 bytes)
Event: 4.540 Thread 0x0000015dffc046b0 nmethod 1307 0x0000015d87b4b510 code [0x0000015d87b4b740, 0x0000015d87b4bf70]
Event: 4.543 Thread 0x0000015dfa55c4a0 nmethod 1318 0x0000015d80229610 code [0x0000015d802298c0, 0x0000015d8022a708]
Event: 4.546 Thread 0x0000015dfa55c4a0 1319       1       org.eclipse.osgi.container.ModuleRevisionBuilder$GenericInfo::getNamespace (5 bytes)
Event: 4.547 Thread 0x0000015dfa55c4a0 nmethod 1319 0x0000015d87b4c610 code [0x0000015d87b4c7a0, 0x0000015d87b4c868]
Event: 4.547 Thread 0x0000015dfa55c4a0 1320       3       java.util.Collections::emptyMap (4 bytes)
Event: 4.547 Thread 0x0000015dfa55c4a0 nmethod 1320 0x0000015d8022aa90 code [0x0000015d8022ac20, 0x0000015d8022ad18]
Event: 4.548 Thread 0x0000015dfa55c4a0 1321       1       java.util.Collections$EmptyMap::size (2 bytes)
Event: 4.548 Thread 0x0000015dfa55c4a0 nmethod 1321 0x0000015d87b4c910 code [0x0000015d87b4caa0, 0x0000015d87b4cb68]
Event: 4.548 Thread 0x0000015dffc046b0 1298       4       java.util.concurrent.locks.ReentrantLock$NonfairSync::initialTryLock (58 bytes)
Event: 4.549 Thread 0x0000015dfa55c4a0 1322       3       sun.net.www.protocol.jar.Handler::parseURL (173 bytes)
Event: 4.550 Thread 0x0000015dfa55c4a0 nmethod 1322 0x0000015d8022ad90 code [0x0000015d8022b040, 0x0000015d8022ba00]
Event: 4.551 Thread 0x0000015dffc046b0 nmethod 1298 0x0000015d87b4cc10 code [0x0000015d87b4cda0, 0x0000015d87b4ce90]
Event: 4.551 Thread 0x0000015dffc046b0 1299       4       java.io.BufferedInputStream::getBufIfOpen (61 bytes)
Event: 4.552 Thread 0x0000015dfa55c4a0 1323       3       java.util.Base64$Decoder::decodeBlock (186 bytes)
Event: 4.552 Thread 0x0000015dffc046b0 nmethod 1299 0x0000015d87b4cf10 code [0x0000015d87b4d0a0, 0x0000015d87b4d178]
Event: 4.552 Thread 0x0000015dffc046b0 1301       4       java.io.BufferedInputStream::read1 (121 bytes)
Event: 4.553 Thread 0x0000015dfa55c4a0 nmethod 1323 0x0000015d8022be90 code [0x0000015d8022c060, 0x0000015d8022c4d0]
Event: 4.555 Thread 0x0000015dffc046b0 nmethod 1301 0x0000015d87b4d210 code [0x0000015d87b4d3e0, 0x0000015d87b4d720]
Event: 4.555 Thread 0x0000015dffc046b0 1306   !   4       java.io.BufferedInputStream::read (69 bytes)

GC Heap History (2 events):
Event: 2.198 GC heap before
{Heap before GC invocations=1 (full 0):
 PSYoungGen      total 29696K, used 25600K [0x00000000d5580000, 0x00000000d7680000, 0x0000000100000000)
  eden space 25600K, 100% used [0x00000000d5580000,0x00000000d6e80000,0x00000000d6e80000)
  from space 4096K, 0% used [0x00000000d7280000,0x00000000d7280000,0x00000000d7680000)
  to   space 4096K, 0% used [0x00000000d6e80000,0x00000000d6e80000,0x00000000d7280000)
 ParOldGen       total 68608K, used 0K [0x0000000080000000, 0x0000000084300000, 0x00000000d5580000)
  object space 68608K, 0% used [0x0000000080000000,0x0000000080000000,0x0000000084300000)
 Metaspace       used 4331K, committed 4544K, reserved 1114112K
  class space    used 472K, committed 576K, reserved 1048576K
}
Event: 2.207 GC heap after
{Heap after GC invocations=1 (full 0):
 PSYoungGen      total 29696K, used 3303K [0x00000000d5580000, 0x00000000d7680000, 0x0000000100000000)
  eden space 25600K, 0% used [0x00000000d5580000,0x00000000d5580000,0x00000000d6e80000)
  from space 4096K, 80% used [0x00000000d6e80000,0x00000000d71b9e98,0x00000000d7280000)
  to   space 4096K, 0% used [0x00000000d7280000,0x00000000d7280000,0x00000000d7680000)
 ParOldGen       total 68608K, used 16K [0x0000000080000000, 0x0000000084300000, 0x00000000d5580000)
  object space 68608K, 0% used [0x0000000080000000,0x0000000080004000,0x0000000084300000)
 Metaspace       used 4331K, committed 4544K, reserved 1114112K
  class space    used 472K, committed 576K, reserved 1048576K
}

Dll operation events (8 events):
Event: 0.016 Loaded shared library c:\Users\muoi\.vscode\extensions\redhat.java-1.49.0-win32-x64\jre\21.0.9-win32-x86_64\bin\java.dll
Event: 0.085 Loaded shared library c:\Users\muoi\.vscode\extensions\redhat.java-1.49.0-win32-x64\jre\21.0.9-win32-x86_64\bin\zip.dll
Event: 0.116 Loaded shared library C:\Users\muoi\.vscode\extensions\redhat.java-1.49.0-win32-x64\jre\21.0.9-win32-x86_64\bin\instrument.dll
Event: 0.121 Loaded shared library C:\Users\muoi\.vscode\extensions\redhat.java-1.49.0-win32-x64\jre\21.0.9-win32-x86_64\bin\net.dll
Event: 0.124 Loaded shared library C:\Users\muoi\.vscode\extensions\redhat.java-1.49.0-win32-x64\jre\21.0.9-win32-x86_64\bin\nio.dll
Event: 0.128 Loaded shared library C:\Users\muoi\.vscode\extensions\redhat.java-1.49.0-win32-x64\jre\21.0.9-win32-x86_64\bin\zip.dll
Event: 0.154 Loaded shared library C:\Users\muoi\.vscode\extensions\redhat.java-1.49.0-win32-x64\jre\21.0.9-win32-x86_64\bin\jimage.dll
Event: 0.283 Loaded shared library c:\Users\muoi\.vscode\extensions\redhat.java-1.49.0-win32-x64\jre\21.0.9-win32-x86_64\bin\verify.dll

Deoptimization events (20 events):
Event: 2.282 Thread 0x0000015dfa5c4f10 Uncommon trap: trap_request=0xffffff45 fr.pc=0x0000015d87b39850 relative=0x0000000000000290
Event: 2.282 Thread 0x0000015dfa5c4f10 Uncommon trap: reason=unstable_if action=reinterpret pc=0x0000015d87b39850 method=java.util.HashMap.hash(Ljava/lang/Object;)I @ 1 c2
Event: 2.282 Thread 0x0000015dfa5c4f10 DEOPT PACKING pc=0x0000015d87b39850 sp=0x0000002b904fea40
Event: 2.282 Thread 0x0000015dfa5c4f10 DEOPT UNPACKING pc=0x0000015d87583aa2 sp=0x0000002b904fe8d8 mode 2
Event: 2.284 Thread 0x0000015dfa5c4f10 Uncommon trap: trap_request=0xffffff45 fr.pc=0x0000015d87b3072c relative=0x000000000000034c
Event: 2.284 Thread 0x0000015dfa5c4f10 Uncommon trap: reason=unstable_if action=reinterpret pc=0x0000015d87b3072c method=java.util.HashMap.hash(Ljava/lang/Object;)I @ 1 c2
Event: 2.284 Thread 0x0000015dfa5c4f10 DEOPT PACKING pc=0x0000015d87b3072c sp=0x0000002b904fe9b0
Event: 2.284 Thread 0x0000015dfa5c4f10 DEOPT UNPACKING pc=0x0000015d87583aa2 sp=0x0000002b904fe8b8 mode 2
Event: 2.284 Thread 0x0000015dfa5c4f10 Uncommon trap: trap_request=0xffffff45 fr.pc=0x0000015d87b2f8d4 relative=0x00000000000000b4
Event: 2.284 Thread 0x0000015dfa5c4f10 Uncommon trap: reason=unstable_if action=reinterpret pc=0x0000015d87b2f8d4 method=java.util.HashMap.hash(Ljava/lang/Object;)I @ 1 c2
Event: 2.284 Thread 0x0000015dfa5c4f10 DEOPT PACKING pc=0x0000015d87b2f8d4 sp=0x0000002b904fea60
Event: 2.284 Thread 0x0000015dfa5c4f10 DEOPT UNPACKING pc=0x0000015d87583aa2 sp=0x0000002b904fe9f8 mode 2
Event: 2.284 Thread 0x0000015dfa5c4f10 Uncommon trap: trap_request=0xffffffde fr.pc=0x0000015d87b12854 relative=0x00000000000005b4
Event: 2.284 Thread 0x0000015dfa5c4f10 Uncommon trap: reason=class_check action=maybe_recompile pc=0x0000015d87b12854 method=java.util.Collections$UnmodifiableCollection$1.<init>(Ljava/util/Collections$UnmodifiableCollection;)V @ 17 c2
Event: 2.284 Thread 0x0000015dfa5c4f10 DEOPT PACKING pc=0x0000015d87b12854 sp=0x0000002b904fea90
Event: 2.284 Thread 0x0000015dfa5c4f10 DEOPT UNPACKING pc=0x0000015d87583aa2 sp=0x0000002b904fe9d8 mode 2
Event: 2.400 Thread 0x0000015dfa5c4f10 Uncommon trap: trap_request=0xffffff45 fr.pc=0x0000015d87b1587c relative=0x000000000000019c
Event: 2.400 Thread 0x0000015dfa5c4f10 Uncommon trap: reason=unstable_if action=reinterpret pc=0x0000015d87b1587c method=java.lang.invoke.VarHandle.checkAccessModeThenIsDirect(Ljava/lang/invoke/VarHandle$AccessDescriptor;)Z @ 4 c2
Event: 2.400 Thread 0x0000015dfa5c4f10 DEOPT PACKING pc=0x0000015d87b1587c sp=0x0000002b904fea40
Event: 2.400 Thread 0x0000015dfa5c4f10 DEOPT UNPACKING pc=0x0000015d87583aa2 sp=0x0000002b904fe998 mode 2

Classes loaded (20 events):
Event: 2.458 Loading class java/util/AbstractQueue done
Event: 2.458 Loading class java/util/concurrent/SynchronousQueue done
Event: 2.458 Loading class java/util/concurrent/SynchronousQueue$Transferer
Event: 2.458 Loading class java/util/concurrent/LinkedTransferQueue
Event: 2.459 Loading class java/util/concurrent/TransferQueue
Event: 2.459 Loading class java/util/concurrent/TransferQueue done
Event: 2.459 Loading class java/util/concurrent/LinkedTransferQueue done
Event: 2.459 Loading class java/util/concurrent/SynchronousQueue$Transferer done
Event: 2.459 Loading class java/util/concurrent/LinkedTransferQueue$DualNode
Event: 2.459 Loading class java/util/concurrent/LinkedTransferQueue$DualNode done
Event: 2.460 Loading class java/util/concurrent/RejectedExecutionHandler
Event: 2.460 Loading class java/util/concurrent/RejectedExecutionHandler done
Event: 2.460 Loading class java/util/concurrent/LinkedBlockingQueue
Event: 2.460 Loading class java/util/concurrent/LinkedBlockingQueue done
Event: 2.460 Loading class java/util/concurrent/LinkedBlockingQueue$Node
Event: 2.460 Loading class java/util/concurrent/LinkedBlockingQueue$Node done
Event: 2.469 Loading class java/util/concurrent/Semaphore$NonfairSync
Event: 2.469 Loading class java/util/concurrent/Semaphore$Sync
Event: 2.469 Loading class java/util/concurrent/Semaphore$Sync done
Event: 2.469 Loading class java/util/concurrent/Semaphore$NonfairSync done

Classes unloaded (0 events):
No events

Classes redefined (0 events):
No events

Internal exceptions (20 events):
Event: 0.751 Thread 0x0000015dfa5c4f10 Exception <a 'java/io/FileNotFoundException'{0x00000000d64c9ad8}> (0x00000000d64c9ad8) 
thrown [s\src\hotspot\share\prims\jni.cpp, line 520]
Event: 0.751 Thread 0x0000015dfa5c4f10 Exception <a 'java/io/FileNotFoundException'{0x00000000d64ca750}> (0x00000000d64ca750) 
thrown [s\src\hotspot\share\prims\jni.cpp, line 520]
Event: 0.752 Thread 0x0000015dfa5c4f10 Exception <a 'java/io/FileNotFoundException'{0x00000000d64cb290}> (0x00000000d64cb290) 
thrown [s\src\hotspot\share\prims\jni.cpp, line 520]
Event: 0.758 Thread 0x0000015dfa5c4f10 Implicit null exception at 0x0000015d87afe4a4 to 0x0000015d87afea70
Event: 0.763 Thread 0x0000015dfa5c4f10 Exception <a 'java/io/FileNotFoundException'{0x00000000d65053f0}> (0x00000000d65053f0) 
thrown [s\src\hotspot\share\prims\jni.cpp, line 520]
Event: 0.778 Thread 0x0000015dfa5c4f10 Exception <a 'java/lang/NoSuchMethodError'{0x00000000d65409b0}: 'java.lang.Object java.lang.invoke.DirectMethodHandle$Holder.invokeInterface(java.lang.Object, java.lang.Object)'> (0x00000000d65409b0) 
thrown [s\src\hotspot\share\interpreter\linkResolver.cpp, line 773]
Event: 0.788 Thread 0x0000015dfa5c4f10 Exception <a 'java/lang/NoSuchMethodError'{0x00000000d6554420}: 'java.lang.Object java.lang.invoke.Invokers$Holder.invokeExact_MT(java.lang.Object, java.lang.Object, java.lang.Object, java.lang.Object, java.lang.Object, java.lang.Object)'> (0x00000000d6554420) 
thrown [s\src\hotspot\share\interpreter\linkResolver.cpp, line 773]
Event: 0.794 Thread 0x0000015dfa5c4f10 Exception <a 'java/lang/NoSuchMethodError'{0x00000000d656b4f8}: 'int java.lang.invoke.DirectMethodHandle$Holder.invokeStatic(java.lang.Object, java.lang.Object, java.lang.Object, java.lang.Object, java.lang.Object)'> (0x00000000d656b4f8) 
thrown [s\src\hotspot\share\interpreter\linkResolver.cpp, line 773]
Event: 0.839 Thread 0x0000015dfa5c4f10 Exception <a 'java/lang/NoSuchMethodError'{0x00000000d6602000}: 'java.lang.Object java.lang.invoke.DirectMethodHandle$Holder.invokeInterface(java.lang.Object, java.lang.Object, int)'> (0x00000000d6602000) 
thrown [s\src\hotspot\share\interpreter\linkResolver.cpp, line 773]
Event: 1.072 Thread 0x0000015dfa5c4f10 Exception <a 'java/lang/NoSuchMethodError'{0x00000000d6a6d3b0}: 'java.lang.ClassLoader java.lang.ClassLoader.getPlatformClassLoader(java.lang.Class)'> (0x00000000d6a6d3b0) 
thrown [s\src\hotspot\share\interpreter\linkResolver.cpp, line 773]
Event: 2.210 Thread 0x0000015dfa5c4f10 Exception <a 'java/lang/ClassNotFoundException'{0x00000000d5588510}: sun/net/www/protocol/c/Handler> (0x00000000d5588510) 
thrown [s\src\hotspot\share\classfile\systemDictionary.cpp, line 312]
Event: 2.210 Thread 0x0000015dfa5c4f10 Exception <a 'java/lang/ClassNotFoundException'{0x00000000d5589888}: sun/net/www/protocol/d/Handler> (0x00000000d5589888) 
thrown [s\src\hotspot\share\classfile\systemDictionary.cpp, line 312]
Event: 2.211 Thread 0x0000015dfa5c4f10 Exception <a 'java/lang/ClassNotFoundException'{0x00000000d558aa40}: sun/net/www/protocol/c/Handler> (0x00000000d558aa40) 
thrown [s\src\hotspot\share\classfile\systemDictionary.cpp, line 312]
Event: 2.225 Thread 0x0000015dfa5c4f10 Exception <a 'java/io/FileNotFoundException'{0x00000000d55af488}> (0x00000000d55af488) 
thrown [s\src\hotspot\share\prims\jni.cpp, line 520]
Event: 2.282 Thread 0x0000015dfa5c4f10 Implicit null exception at 0x0000015d87b2d849 to 0x0000015d87b2e218
Event: 2.282 Thread 0x0000015dfa5c4f10 Implicit null exception at 0x0000015d87b3961a to 0x0000015d87b39838
Event: 2.282 Thread 0x0000015dfa5c4f10 Exception <a 'java/lang/NoSuchMethodError'{0x00000000d56de940}: 'void java.lang.invoke.DirectMethodHandle$Holder.invokeStatic(java.lang.Object, java.lang.Object, java.lang.Object, java.lang.Object)'> (0x00000000d56de940) 
thrown [s\src\hotspot\share\interpreter\linkResolver.cpp, line 773]
Event: 2.284 Thread 0x0000015dfa5c4f10 Implicit null exception at 0x0000015d87b30440 to 0x0000015d87b30714
Event: 2.284 Thread 0x0000015dfa5c4f10 Implicit null exception at 0x0000015d87b2f840 to 0x0000015d87b2f8c5
Event: 2.420 Thread 0x0000015dfa5c4f10 Exception <a 'java/lang/NoSuchMethodError'{0x00000000d5991d58}: 'void java.lang.invoke.DirectMethodHandle$Holder.invokeSpecial(java.lang.Object, java.lang.Object, java.lang.Object)'> (0x00000000d5991d58) 
thrown [s\src\hotspot\share\interpreter\linkResolver.cpp, line 773]

ZGC Phase Switch (0 events):
No events

VM Operations (18 events):
Event: 0.084 Executing VM operation: HandshakeAllThreads (Deoptimize)
Event: 0.084 Executing VM operation: HandshakeAllThreads (Deoptimize) done
Event: 0.165 Executing VM operation: HandshakeAllThreads (Deoptimize)
Event: 0.165 Executing VM operation: HandshakeAllThreads (Deoptimize) done
Event: 0.652 Executing VM operation: HandshakeAllThreads (Deoptimize)
Event: 0.652 Executing VM operation: HandshakeAllThreads (Deoptimize) done
Event: 0.684 Executing VM operation: HandshakeAllThreads (Deoptimize)
Event: 0.684 Executing VM operation: HandshakeAllThreads (Deoptimize) done
Event: 1.698 Executing VM operation: Cleanup
Event: 2.140 Executing VM operation: Cleanup done
Event: 2.173 Executing VM operation: HandshakeAllThreads (Deoptimize)
Event: 2.173 Executing VM operation: HandshakeAllThreads (Deoptimize) done
Event: 2.198 Executing VM operation: ParallelGCFailedAllocation (Allocation Failure)
Event: 2.207 Executing VM operation: ParallelGCFailedAllocation (Allocation Failure) done
Event: 3.222 Executing VM operation: Cleanup
Event: 3.488 Executing VM operation: Cleanup done
Event: 4.494 Executing VM operation: Cleanup
Event: 4.494 Executing VM operation: Cleanup done

Memory protections (0 events):
No events

Nmethod flushes (0 events):
No events

Events (17 events):
Event: 0.030 Thread 0x0000015dfa5c4f10 Thread added: 0x0000015dfa5c4f10
Event: 0.047 Thread 0x0000015dfa5c4f10 Thread added: 0x0000015dfa53a690
Event: 0.048 Thread 0x0000015dfa5c4f10 Thread added: 0x0000015dfa53cc90
Event: 0.048 Thread 0x0000015dfa5c4f10 Thread added: 0x0000015dfa53e710
Event: 0.048 Thread 0x0000015dfa5c4f10 Thread added: 0x0000015dfa53f710
Event: 0.048 Thread 0x0000015dfa5c4f10 Thread added: 0x0000015dfa5431f0
Event: 0.048 Thread 0x0000015dfa5c4f10 Thread added: 0x0000015dfa545eb0
Event: 0.048 Thread 0x0000015dfa5c4f10 Thread added: 0x0000015dfa5599f0
Event: 0.049 Thread 0x0000015dfa5c4f10 Thread added: 0x0000015dfa55c4a0
Event: 0.103 Thread 0x0000015dfa55c4a0 Thread added: 0x0000015dff9fc670
Event: 0.118 Thread 0x0000015dfa5c4f10 Thread added: 0x0000015dffa09d40
Event: 0.438 Thread 0x0000015dfa5c4f10 Thread added: 0x0000015dffb20950
Event: 0.539 Thread 0x0000015dfa5599f0 Thread added: 0x0000015dffc046b0
Event: 2.271 Thread 0x0000015dffc046b0 Thread exited: 0x0000015dffc046b0
Event: 3.497 Thread 0x0000015dff9fc670 Thread exited: 0x0000015dff9fc670
Event: 3.505 Thread 0x0000015dfa55c4a0 Thread added: 0x0000015dffc05450
Event: 3.509 Thread 0x0000015dfa5599f0 Thread added: 0x0000015dffc046b0


Dynamic libraries:
0x00007ff7afa70000 - 0x00007ff7afa7e000 	c:\Users\muoi\.vscode\extensions\redhat.java-1.49.0-win32-x64\jre\21.0.9-win32-x86_64\bin\java.exe
0x00007ffa14d60000 - 0x00007ffa14fc8000 	C:\WINDOWS\SYSTEM32\ntdll.dll
0x00007ffa14580000 - 0x00007ffa14649000 	C:\WINDOWS\System32\KERNEL32.DLL
0x00007ffa12650000 - 0x00007ffa12a48000 	C:\WINDOWS\System32\KERNELBASE.dll
0x00007ffa11eb0000 - 0x00007ffa11ffb000 	C:\WINDOWS\System32\ucrtbase.dll
0x00007ff9e5090000 - 0x00007ff9e50ae000 	c:\Users\muoi\.vscode\extensions\redhat.java-1.49.0-win32-x64\jre\21.0.9-win32-x86_64\bin\VCRUNTIME140.dll
0x00007ff9e7dd0000 - 0x00007ff9e7de8000 	c:\Users\muoi\.vscode\extensions\redhat.java-1.49.0-win32-x64\jre\21.0.9-win32-x86_64\bin\jli.dll
0x00007ffa130b0000 - 0x00007ffa13277000 	C:\WINDOWS\System32\USER32.dll
0x00007ff9fdb40000 - 0x00007ff9fddd4000 	C:\WINDOWS\WinSxS\amd64_microsoft.windows.common-controls_6595b64144ccf1df_6.0.26100.7019_none_3e06ffa0e335b8a8\COMCTL32.dll
0x00007ffa122b0000 - 0x00007ffa122d7000 	C:\WINDOWS\System32\win32u.dll
0x00007ffa12f70000 - 0x00007ffa13019000 	C:\WINDOWS\System32\msvcrt.dll
0x00007ffa14c50000 - 0x00007ffa14c7b000 	C:\WINDOWS\System32\GDI32.dll
0x00007ffa12180000 - 0x00007ffa122ac000 	C:\WINDOWS\System32\gdi32full.dll
0x00007ffa12a50000 - 0x00007ffa12af3000 	C:\WINDOWS\System32\msvcp_win.dll
0x00007ffa13fe0000 - 0x00007ffa14011000 	C:\WINDOWS\System32\IMM32.DLL
0x00007ffa0bfd0000 - 0x00007ffa0bfdc000 	c:\Users\muoi\.vscode\extensions\redhat.java-1.49.0-win32-x64\jre\21.0.9-win32-x86_64\bin\vcruntime140_1.dll
0x00007ff9b8af0000 - 0x00007ff9b8b7d000 	c:\Users\muoi\.vscode\extensions\redhat.java-1.49.0-win32-x64\jre\21.0.9-win32-x86_64\bin\msvcp140.dll
0x00007ff9a6e10000 - 0x00007ff9a7bb0000 	c:\Users\muoi\.vscode\extensions\redhat.java-1.49.0-win32-x64\jre\21.0.9-win32-x86_64\bin\server\jvm.dll
0x00007ffa144c0000 - 0x00007ffa14574000 	C:\WINDOWS\System32\ADVAPI32.dll
0x00007ffa13380000 - 0x00007ffa13426000 	C:\WINDOWS\System32\sechost.dll
0x00007ffa12ce0000 - 0x00007ffa12df8000 	C:\WINDOWS\System32\RPCRT4.dll
0x00007ffa14ca0000 - 0x00007ffa14d14000 	C:\WINDOWS\System32\WS2_32.dll
0x00007ffa11d10000 - 0x00007ffa11d6e000 	C:\WINDOWS\SYSTEM32\POWRPROF.dll
0x00007ff9fe710000 - 0x00007ff9fe745000 	C:\WINDOWS\SYSTEM32\WINMM.dll
0x00007ffa0bfc0000 - 0x00007ffa0bfcb000 	C:\WINDOWS\SYSTEM32\VERSION.dll
0x00007ffa11cf0000 - 0x00007ffa11d04000 	C:\WINDOWS\SYSTEM32\UMPDC.dll
0x00007ffa10c30000 - 0x00007ffa10c4b000 	C:\WINDOWS\SYSTEM32\kernel.appcore.dll
0x00007ffa0b2d0000 - 0x00007ffa0b2da000 	c:\Users\muoi\.vscode\extensions\redhat.java-1.49.0-win32-x64\jre\21.0.9-win32-x86_64\bin\jimage.dll
0x00007ffa0c3d0000 - 0x00007ffa0c612000 	C:\WINDOWS\SYSTEM32\DBGHELP.DLL
0x00007ffa14890000 - 0x00007ffa14c1b000 	C:\WINDOWS\System32\combase.dll
0x00007ffa13f00000 - 0x00007ffa13fd7000 	C:\WINDOWS\System32\OLEAUT32.dll
0x00007ff9fe3c0000 - 0x00007ff9fe3fc000 	C:\WINDOWS\SYSTEM32\dbgcore.DLL
0x00007ffa125a0000 - 0x00007ffa12645000 	C:\WINDOWS\System32\bcryptPrimitives.dll
0x00007ffa08ea0000 - 0x00007ffa08eaf000 	c:\Users\muoi\.vscode\extensions\redhat.java-1.49.0-win32-x64\jre\21.0.9-win32-x86_64\bin\instrument.dll
0x00007ff9e1380000 - 0x00007ff9e13a0000 	c:\Users\muoi\.vscode\extensions\redhat.java-1.49.0-win32-x64\jre\21.0.9-win32-x86_64\bin\java.dll
0x00007ffa137a0000 - 0x00007ffa13eef000 	C:\WINDOWS\System32\SHELL32.dll
0x00007ffa12430000 - 0x00007ffa1259b000 	C:\WINDOWS\System32\wintypes.dll
0x00007ffa0fab0000 - 0x00007ffa1030d000 	C:\WINDOWS\SYSTEM32\windows.storage.dll
0x00007ffa14700000 - 0x00007ffa147f2000 	C:\WINDOWS\System32\SHCORE.dll
0x00007ffa13040000 - 0x00007ffa130a7000 	C:\WINDOWS\System32\shlwapi.dll
0x00007ffa11dd0000 - 0x00007ffa11df9000 	C:\WINDOWS\SYSTEM32\profapi.dll
0x00007ff9de080000 - 0x00007ff9de098000 	c:\Users\muoi\.vscode\extensions\redhat.java-1.49.0-win32-x64\jre\21.0.9-win32-x86_64\bin\zip.dll
0x00007ffa0c820000 - 0x00007ffa0c830000 	C:\Users\muoi\.vscode\extensions\redhat.java-1.49.0-win32-x64\jre\21.0.9-win32-x86_64\bin\net.dll
0x00007ffa0f0e0000 - 0x00007ffa0f208000 	C:\WINDOWS\SYSTEM32\WINHTTP.dll
0x00007ffa11180000 - 0x00007ffa111eb000 	C:\WINDOWS\system32\mswsock.dll
0x00007ff9dd7e0000 - 0x00007ff9dd7f6000 	C:\Users\muoi\.vscode\extensions\redhat.java-1.49.0-win32-x64\jre\21.0.9-win32-x86_64\bin\nio.dll
0x00007ffa07e80000 - 0x00007ffa07e90000 	c:\Users\muoi\.vscode\extensions\redhat.java-1.49.0-win32-x64\jre\21.0.9-win32-x86_64\bin\verify.dll

JVMTI agents:
c:\Users\muoi\.vscode\extensions\redhat.java-1.49.0-win32-x64\lombok\lombok-1.18.39-4050.jar path:c:\Users\muoi\.vscode\extensions\redhat.java-1.49.0-win32-x64\jre\21.0.9-win32-x86_64\bin\instrument.dll, loaded, initialized, instrumentlib options:none

dbghelp: loaded successfully - version: 4.0.5 - missing functions: none
symbol engine: initialized successfully - sym options: 0x614 - pdb path: .;c:\Users\muoi\.vscode\extensions\redhat.java-1.49.0-win32-x64\jre\21.0.9-win32-x86_64\bin;C:\WINDOWS\SYSTEM32;C:\WINDOWS\WinSxS\amd64_microsoft.windows.common-controls_6595b64144ccf1df_6.0.26100.7019_none_3e06ffa0e335b8a8;c:\Users\muoi\.vscode\extensions\redhat.java-1.49.0-win32-x64\jre\21.0.9-win32-x86_64\bin\server

VM Arguments:
jvm_args: --add-modules=ALL-SYSTEM --add-opens=java.base/java.util=ALL-UNNAMED --add-opens=java.base/java.lang=ALL-UNNAMED --add-opens=java.base/sun.nio.fs=ALL-UNNAMED -Declipse.application=org.eclipse.jdt.ls.core.id1 -Dosgi.bundles.defaultStartLevel=4 -Declipse.product=org.eclipse.jdt.ls.core.product -Djava.import.generatesMetadataFilesAtProjectRoot=false -DDetectVMInstallationsJob.disabled=true -Dfile.encoding=utf8 -XX:+UseParallelGC -XX:GCTimeRatio=4 -XX:AdaptiveSizePolicyWeight=90 -Dsun.zip.disableMemoryMapping=true -Xmx2G -Xms100m -Xlog:disable -javaagent:c:\Users\muoi\.vscode\extensions\redhat.java-1.49.0-win32-x64\lombok\lombok-1.18.39-4050.jar 
java_command: c:\Users\muoi\.vscode\extensions\redhat.java-1.49.0-win32-x64\server\plugins\org.eclipse.equinox.launcher_1.7.100.v20251111-0406.jar -configuration c:\Users\muoi\AppData\Roaming\Code\User\globalStorage\redhat.java\1.49.0\config_ss_win -data c:\Users\muoi\AppData\Roaming\Code\User\workspaceStorage\3b6326af63195a8f6cf2a6cf719f9c90\redhat.java\ss_ws --pipe=\\.\pipe\lsp-166a641294ad63b03b2b4e9a42e37529-sock
java_class_path (initial): c:\Users\muoi\.vscode\extensions\redhat.java-1.49.0-win32-x64\server\plugins\org.eclipse.equinox.launcher_1.7.100.v20251111-0406.jar
Launcher Type: SUN_STANDARD

[Global flags]
    uintx AdaptiveSizePolicyWeight                 = 90                                        {product} {command line}
     intx CICompilerCount                          = 4                                         {product} {ergonomic}
    uintx GCTimeRatio                              = 4                                         {product} {command line}
   size_t InitialHeapSize                          = 104857600                                 {product} {command line}
   size_t MaxHeapSize                              = 2147483648                                {product} {command line}
   size_t MaxNewSize                               = 715653120                                 {product} {ergonomic}
   size_t MinHeapDeltaBytes                        = 524288                                    {product} {ergonomic}
   size_t MinHeapSize                              = 104857600                                 {product} {command line}
   size_t NewSize                                  = 34603008                                  {product} {ergonomic}
    uintx NonNMethodCodeHeapSize                   = 5839372                                {pd product} {ergonomic}
    uintx NonProfiledCodeHeapSize                  = 122909434                              {pd product} {ergonomic}
   size_t OldSize                                  = 70254592                                  {product} {ergonomic}
    uintx ProfiledCodeHeapSize                     = 122909434                              {pd product} {ergonomic}
    uintx ReservedCodeCacheSize                    = 251658240                              {pd product} {ergonomic}
     bool SegmentedCodeCache                       = true                                      {product} {ergonomic}
   size_t SoftMaxHeapSize                          = 2147483648                             {manageable} {ergonomic}
     bool UseCompressedOops                        = true                           {product lp64_product} {ergonomic}
     bool UseLargePagesIndividualAllocation        = false                                  {pd product} {ergonomic}
     bool UseParallelGC                            = true                                      {product} {command line}

Logging:
Log output configuration:
 #0: stdout all=off uptime,level,tags foldmultilines=false
 #1: stderr all=off uptime,level,tags foldmultilines=false

Release file:
JAVA_VERSION="21.0.9" 
MODULES="java.base java.compiler java.datatransfer java.xml java.prefs java.desktop java.instrument java.logging java.management java.security.sasl java.naming java.rmi java.management.rmi java.net.http java.scripting java.security.jgss java.transaction.xa java.sql java.sql.rowset java.xml.crypto java.se java.smartcardio jdk.accessibility jdk.internal.jvmstat jdk.attach jdk.charsets jdk.internal.opt jdk.zipfs jdk.compiler jdk.crypto.ec jdk.crypto.cryptoki jdk.crypto.mscapi jdk.dynalink jdk.internal.ed jdk.editpad jdk.hotspot.agent jdk.httpserver jdk.internal.le jdk.internal.vm.ci jdk.internal.vm.compiler jdk.internal.vm.compiler.management jdk.jartool jdk.javadoc jdk.jcmd jdk.management jdk.management.agent jdk.jconsole jdk.jdeps jdk.jdwp.agent jdk.jdi jdk.jfr jdk.jshell jdk.jsobject jdk.jstatd jdk.localedata jdk.management.jfr jdk.naming.dns jdk.naming.rmi jdk.net jdk.nio.mapmode jdk.random jdk.sctp jdk.security.auth jdk.security.jgss jdk.unsupported jdk.unsupported.desktop jdk.xml.dom" 

Environment Variables:
JAVA_HOME=C:\Program Files\Java\jdk-21
PATH=C:\Program Files\Microsoft\jdk-17.0.16.8-hotspot\bin;C:\Users\muoi\Downloads\dotnet-sdk-8.0.416-win-x64.exe;C:\Program Files\dotnet\;C:\Program Files\Git\cmd;C:\Program Files\Microsoft SQL Server\170\Tools\Binn\;C:\Program Files\Microsoft SQL Server\Client SDK\ODBC\170\Tools\Binn\;C:\Windows\System32\WindowsPowerShell\v1.0\powershell.exe;C:\Users\muoi\AppData\Local\Programs\Python\Python312\Scripts\;C:\Users\muoi\AppData\Local\Programs\Python\Python312\;C:\Users\muoi\AppData\Local\Programs\Python\Launcher\;C:\Users\muoi\AppData\Local\Microsoft\WindowsApps;C:\Users\muoi\AppData\Local\Programs\Microsoft VS Code\bin;C:\Users\muoi\AppData\Roaming\nvm;C:\Program Files\nodejs;C:\platform-tools;C:\Users\muoi\.dotnet\tools;D:\IntelliJ IDEA 2025.2.5\bin
USERNAME=muoi
OS=Windows_NT
PROCESSOR_IDENTIFIER=Intel64 Family 6 Model 142 Stepping 10, GenuineIntel
TMP=C:\Users\muoi\AppData\Local\Temp
TEMP=C:\Users\muoi\AppData\Local\Temp




Periodic native trim disabled

---------------  S Y S T E M  ---------------

OS:
 Windows 11 , 64 bit Build 26100 (10.0.26100.7019)
OS uptime: 0 days 9:06 hours
Hyper-V role detected

CPU: total 8 (initial active 8) (4 cores per cpu, 2 threads per core) family 6 model 142 stepping 10 microcode 0xe0, cx8, cmov, fxsr, ht, mmx, 3dnowpref, sse, sse2, sse3, ssse3, sse4.1, sse4.2, popcnt, lzcnt, tsc, tscinvbit, avx, avx2, aes, erms, clmul, bmi1, bmi2, adx, fma, vzeroupper, clflush, clflushopt, hv, rdtscp, f16c
Processor Information for the first 8 processors :
  Max Mhz: 1801, Current Mhz: 1801, Mhz Limit: 1801

Memory: 4k page, system-wide physical 16243M (3932M free)
TotalPageFile size 16243M (AvailPageFile size 16M)
current process WorkingSet (physical memory assigned to process): 87M, peak: 87M
current process commit charge ("private bytes"): 239M, peak: 239M

vm_info: OpenJDK 64-Bit Server VM (21.0.9+10-LTS) for windows-amd64 JRE (21.0.9+10-LTS), built on 2025-10-21T00:00:00Z by "admin" with unknown MS VC++:1942

END.
