#
# There is insufficient memory for the Java Runtime Environment to continue.
# Native memory allocation (malloc) failed to allocate 222128 bytes. Error detail: Chunk::new
# Possible reasons:
#   The system is out of physical RAM or swap space
#   This process is running with CompressedOops enabled, and the Java Heap may be blocking the growth of the native heap
# Possible solutions:
#   Reduce memory load on the system
#   Increase physical memory or swap space
#   Check if swap backing store is full
#   Decrease Java heap size (-Xmx/-Xms)
#   Decrease number of Java threads
#   Decrease Java thread stack sizes (-Xss)
#   Set larger code cache with -XX:ReservedCodeCacheSize=
#   JVM is running with Unscaled Compressed Oops mode in which the Java heap is
#     placed in the first 4GB address space. The Java Heap base address is the
#     maximum limit for the native heap growth. Please use -XX:HeapBaseMinAddress
#     to set the Java Heap base and to place the Java Heap above 4GB virtual address.
# This output file may be truncated or incomplete.
#
#  Out of Memory Error (arena.cpp:168), pid=3812, tid=19168
#
# JRE version: OpenJDK Runtime Environment Temurin-21.0.9+10 (21.0.9+10) (build 21.0.9+10-LTS)
# Java VM: OpenJDK 64-Bit Server VM Temurin-21.0.9+10 (21.0.9+10-LTS, mixed mode, sharing, tiered, compressed oops, compressed class ptrs, parallel gc, windows-amd64)
# No core dump will be written. Minidumps are not enabled by default on client versions of Windows
#

---------------  S U M M A R Y ------------

Command Line: --add-modules=ALL-SYSTEM --add-opens=java.base/java.util=ALL-UNNAMED --add-opens=java.base/java.lang=ALL-UNNAMED --add-opens=java.base/sun.nio.fs=ALL-UNNAMED -Declipse.application=org.eclipse.jdt.ls.core.id1 -Dosgi.bundles.defaultStartLevel=4 -Declipse.product=org.eclipse.jdt.ls.core.product -Djava.import.generatesMetadataFilesAtProjectRoot=false -DDetectVMInstallationsJob.disabled=true -Dfile.encoding=utf8 -XX:+UseParallelGC -XX:GCTimeRatio=4 -XX:AdaptiveSizePolicyWeight=90 -Dsun.zip.disableMemoryMapping=true -Xmx2G -Xms100m -Xlog:disable -javaagent:c:\Users\muoi\.vscode\extensions\redhat.java-1.49.0-win32-x64\lombok\lombok-1.18.39-4050.jar -XX:+HeapDumpOnOutOfMemoryError -XX:HeapDumpPath=c:\Users\muoi\AppData\Roaming\Code\User\workspaceStorage\3b6326af63195a8f6cf2a6cf719f9c90\redhat.java -Daether.dependencyCollector.impl=bf c:\Users\muoi\.vscode\extensions\redhat.java-1.49.0-win32-x64\server\plugins\org.eclipse.equinox.launcher_1.7.100.v20251111-0406.jar -configuration c:\Users\muoi\AppData\Roaming\Code\User\globalStorage\redhat.java\1.49.0\config_win -data c:\Users\muoi\AppData\Roaming\Code\User\workspaceStorage\3b6326af63195a8f6cf2a6cf719f9c90\redhat.java\jdt_ws --pipe=\\.\pipe\lsp-6215dad81ab068ffcc6f5eb7b97cec14-sock

Host: Intel(R) Core(TM) i5-8250U CPU @ 1.60GHz, 8 cores, 15G,  Windows 11 , 64 bit Build 26100 (10.0.26100.7019)
Time: Sat Nov 22 00:50:06 2025 SE Asia Standard Time elapsed time: 4.209728 seconds (0d 0h 0m 4s)

---------------  T H R E A D  ---------------

Current thread (0x000002885ce87080):  JavaThread "C2 CompilerThread1" daemon [_thread_in_native, id=19168, stack(0x000000d233e00000,0x000000d233f00000) (1024K)]


Current CompileTask:
C2:4209 1292       4       java.io.DataInputStream::readFully (59 bytes)

Stack: [0x000000d233e00000,0x000000d233f00000]
Native frames: (J=compiled Java code, j=interpreted, Vv=VM code, C=native code)
V  [jvm.dll+0x6d6e29]
V  [jvm.dll+0x8b4b76]
V  [jvm.dll+0x8b712e]
V  [jvm.dll+0x8b7813]
V  [jvm.dll+0x283d86]
V  [jvm.dll+0xc66ed]
V  [jvm.dll+0xc6c31]
V  [jvm.dll+0x3be53b]
V  [jvm.dll+0x38ab92]
V  [jvm.dll+0x389fda]
V  [jvm.dll+0x24bfa0]
V  [jvm.dll+0x24b580]
V  [jvm.dll+0x1cb13e]
V  [jvm.dll+0x25b29d]
V  [jvm.dll+0x25982a]
V  [jvm.dll+0x3f7ea6]
V  [jvm.dll+0x85e9ad]
V  [jvm.dll+0x6d565d]
C  [ucrtbase.dll+0x37b0]
C  [KERNEL32.DLL+0x2e8d7]
C  [ntdll.dll+0x8c53c]


---------------  P R O C E S S  ---------------

Threads class SMR info:
_java_thread_list=0x000002885cb29760, length=13, elements={
0x0000028841c0c060, 0x0000028844266bc0, 0x000002884426aef0, 0x000002884426e250,
0x0000028844123f70, 0x0000028844126020, 0x000002884412abc0, 0x000002884412da00,
0x0000028844153df0, 0x000002885c5501a0, 0x000002885c6fb5f0, 0x000002885ce87080,
0x000002885cd07760
}

Java Threads: ( => current thread )
  0x0000028841c0c060 JavaThread "main"                              [_thread_in_native, id=8340, stack(0x000000d233100000,0x000000d233200000) (1024K)]
  0x0000028844266bc0 JavaThread "Reference Handler"          daemon [_thread_blocked, id=7368, stack(0x000000d233500000,0x000000d233600000) (1024K)]
  0x000002884426aef0 JavaThread "Finalizer"                  daemon [_thread_blocked, id=14256, stack(0x000000d233600000,0x000000d233700000) (1024K)]
  0x000002884426e250 JavaThread "Signal Dispatcher"          daemon [_thread_blocked, id=2808, stack(0x000000d233700000,0x000000d233800000) (1024K)]
  0x0000028844123f70 JavaThread "Attach Listener"            daemon [_thread_blocked, id=17236, stack(0x000000d233800000,0x000000d233900000) (1024K)]
  0x0000028844126020 JavaThread "Service Thread"             daemon [_thread_blocked, id=10120, stack(0x000000d233900000,0x000000d233a00000) (1024K)]
  0x000002884412abc0 JavaThread "Monitor Deflation Thread"   daemon [_thread_blocked, id=2692, stack(0x000000d233a00000,0x000000d233b00000) (1024K)]
  0x000002884412da00 JavaThread "C2 CompilerThread0"         daemon [_thread_in_native, id=15744, stack(0x000000d233b00000,0x000000d233c00000) (1024K)]
  0x0000028844153df0 JavaThread "C1 CompilerThread0"         daemon [_thread_blocked, id=11508, stack(0x000000d233c00000,0x000000d233d00000) (1024K)]
  0x000002885c5501a0 JavaThread "Common-Cleaner"             daemon [_thread_blocked, id=7300, stack(0x000000d233d00000,0x000000d233e00000) (1024K)]
  0x000002885c6fb5f0 JavaThread "Notification Thread"        daemon [_thread_blocked, id=11884, stack(0x000000d233f00000,0x000000d234000000) (1024K)]
=>0x000002885ce87080 JavaThread "C2 CompilerThread1"         daemon [_thread_in_native, id=19168, stack(0x000000d233e00000,0x000000d233f00000) (1024K)]
  0x000002885cd07760 JavaThread "C2 CompilerThread2"         daemon [_thread_in_native, id=11200, stack(0x000000d234600000,0x000000d234700000) (1024K)]
Total: 13

Other Threads:
  0x0000028844250a70 VMThread "VM Thread"                           [id=6268, stack(0x000000d233400000,0x000000d233500000) (1024K)]
  0x000002884403ca00 WatcherThread "VM Periodic Task Thread"        [id=19268, stack(0x000000d233300000,0x000000d233400000) (1024K)]
  0x00000288441ce1c0 WorkerThread "GC Thread#0"                     [id=17968, stack(0x000000d233200000,0x000000d233300000) (1024K)]
  0x000002885c76b5b0 WorkerThread "GC Thread#1"                     [id=9616, stack(0x000000d234000000,0x000000d234100000) (1024K)]
  0x000002885c76b950 WorkerThread "GC Thread#2"                     [id=14584, stack(0x000000d234100000,0x000000d234200000) (1024K)]
  0x000002885c76bcf0 WorkerThread "GC Thread#3"                     [id=12720, stack(0x000000d234200000,0x000000d234300000) (1024K)]
  0x000002885c76c090 WorkerThread "GC Thread#4"                     [id=9096, stack(0x000000d234300000,0x000000d234400000) (1024K)]
  0x0000028861175d80 WorkerThread "GC Thread#5"                     [id=18952, stack(0x000000d234400000,0x000000d234500000) (1024K)]
  0x0000028861176120 WorkerThread "GC Thread#6"                     [id=11032, stack(0x000000d234500000,0x000000d234600000) (1024K)]
Total: 9

Threads with active compile tasks:
C2 CompilerThread0  4249 1280       4       java.io.DataInputStream::readUTF (501 bytes)
C1 CompilerThread0  4249 1322       3       java.net.URL::toString (5 bytes)
C2 CompilerThread1  4249 1292       4       java.io.DataInputStream::readFully (59 bytes)
C2 CompilerThread2  4250 1304   !   4       java.io.BufferedInputStream::read (54 bytes)
Total: 4

VM state: not at safepoint (normal execution)

VM Mutex/Monitor currently owned by a thread: None

Heap address: 0x0000000080000000, size: 2048 MB, Compressed Oops mode: 32-bit

CDS archive(s) mapped at: [0x0000028800000000-0x0000028800ba0000-0x0000028800ba0000), size 12189696, SharedBaseAddress: 0x0000028800000000, ArchiveRelocationMode: 1.
Compressed class space mapped at: 0x0000028801000000-0x0000028841000000, reserved size: 1073741824
Narrow klass base: 0x0000028800000000, Narrow klass shift: 0, Narrow klass range: 0x100000000

GC Precious Log:
 CardTable entry size: 512
 CPUs: 8 total, 8 available
 Memory: 16243M
 Large Page Support: Disabled
 NUMA Support: Disabled
 Compressed Oops: Enabled (32-bit)
 Alignments: Space 512K, Generation 512K, Heap 2M
 Heap Min Capacity: 100M
 Heap Initial Capacity: 100M
 Heap Max Capacity: 2G
 Pre-touch: Disabled
 Parallel Workers: 8

Heap:
 PSYoungGen      total 29696K, used 11436K [0x00000000d5580000, 0x00000000d7680000, 0x0000000100000000)
  eden space 25600K, 31% used [0x00000000d5580000,0x00000000d5d76f38,0x00000000d6e80000)
  from space 4096K, 80% used [0x00000000d6e80000,0x00000000d71b4148,0x00000000d7280000)
  to   space 4096K, 0% used [0x00000000d7280000,0x00000000d7280000,0x00000000d7680000)
 ParOldGen       total 68608K, used 8K [0x0000000080000000, 0x0000000084300000, 0x00000000d5580000)
  object space 68608K, 0% used [0x0000000080000000,0x0000000080002000,0x0000000084300000)
 Metaspace       used 5993K, committed 6272K, reserved 1114112K
  class space    used 617K, committed 768K, reserved 1048576K

Card table byte_map: [0x0000028843b50000,0x0000028843f60000] _byte_map_base: 0x0000028843750000

Marking Bits: (ParMarkBitMap*) 0x00007fffe5ca2460
 Begin Bits: [0x0000028856660000, 0x0000028858660000)
 End Bits:   [0x0000028858660000, 0x000002885a660000)

Polling page: 0x0000028841ee0000

Metaspace:

Usage:
  Non-class:      5.25 MB used.
      Class:    617.55 KB used.
       Both:      5.85 MB used.

Virtual space:
  Non-class space:       64.00 MB reserved,       5.38 MB (  8%) committed,  1 nodes.
      Class space:        1.00 GB reserved,     768.00 KB ( <1%) committed,  1 nodes.
             Both:        1.06 GB reserved,       6.12 MB ( <1%) committed. 

Chunk freelists:
   Non-Class:  10.08 MB
       Class:  15.08 MB
        Both:  25.16 MB

MaxMetaspaceSize: unlimited
CompressedClassSpaceSize: 1.00 GB
Initial GC threshold: 21.00 MB
Current GC threshold: 21.00 MB
CDS: on
 - commit_granule_bytes: 65536.
 - commit_granule_words: 8192.
 - virtual_space_node_default_size: 8388608.
 - enlarge_chunks_in_place: 1.
 - use_allocation_guard: 0.


Internal statistics:

num_allocs_failed_limit: 0.
num_arena_births: 190.
num_arena_deaths: 0.
num_vsnodes_births: 2.
num_vsnodes_deaths: 0.
num_space_committed: 98.
num_space_uncommitted: 0.
num_chunks_returned_to_freelist: 0.
num_chunks_taken_from_freelist: 313.
num_chunk_merges: 0.
num_chunk_splits: 200.
num_chunks_enlarged: 125.
num_inconsistent_stats: 0.

CodeHeap 'non-profiled nmethods': size=120000Kb used=512Kb max_used=512Kb free=119487Kb
 bounds [0x000002884ee80000, 0x000002884f0f0000, 0x00000288563b0000]
CodeHeap 'profiled nmethods': size=120000Kb used=2233Kb max_used=2233Kb free=117766Kb
 bounds [0x00000288473b0000, 0x0000028847620000, 0x000002884e8e0000]
CodeHeap 'non-nmethods': size=5760Kb used=1210Kb max_used=1233Kb free=4549Kb
 bounds [0x000002884e8e0000, 0x000002884eb50000, 0x000002884ee80000]
CodeCache: size=245760Kb, used=3955Kb, max_used=3978Kb, free=241802Kb
 total_blobs=1784, nmethods=1313, adapters=378, full_count=0
Compilation: enabled, stopped_count=0, restarted_count=0

Compilation events (20 events):
Event: 2.179 Thread 0x0000028844153df0 1298       3       org.eclipse.osgi.container.ModuleDatabase$Persistence::readMapValue (111 bytes)
Event: 2.181 Thread 0x0000028844153df0 nmethod 1298 0x00000288475cb210 code [0x00000288475cb5a0, 0x00000288475cc8f8]
Event: 2.181 Thread 0x0000028844153df0 1299       3       org.eclipse.osgi.container.ModuleDatabase$Persistence::readVersion0 (96 bytes)
Event: 2.184 Thread 0x0000028844153df0 nmethod 1299 0x00000288475cd010 code [0x00000288475cd460, 0x00000288475cf280]
Event: 2.184 Thread 0x0000028844153df0 1302       3       org.eclipse.osgi.container.ModuleDatabase$Persistence::readMap (118 bytes)
Event: 2.186 Thread 0x0000028844153df0 nmethod 1302 0x00000288475cfc90 code [0x00000288475d0040, 0x00000288475d15c8]
Event: 2.186 Thread 0x0000028844153df0 1300       3       org.eclipse.osgi.container.ModuleDatabase$Persistence::readIndexedMap (16 bytes)
Event: 2.186 Thread 0x000002885cd07760 1294       4       java.io.BufferedInputStream::implRead (112 bytes)
Event: 2.187 Thread 0x0000028844153df0 nmethod 1300 0x00000288475d1f10 code [0x00000288475d2140, 0x00000288475d2838]
Event: 2.187 Thread 0x0000028844153df0 1301       3       java.util.Collections::unmodifiableMap (22 bytes)
Event: 2.187 Thread 0x0000028844153df0 nmethod 1301 0x00000288475d2b90 code [0x00000288475d2d80, 0x00000288475d31d0]
Event: 2.188 Thread 0x0000028844153df0 1303       3       java.util.Collections$UnmodifiableMap::<init> (22 bytes)
Event: 2.188 Thread 0x0000028844153df0 nmethod 1303 0x00000288475d3390 code [0x00000288475d3540, 0x00000288475d37c0]
Event: 2.188 Thread 0x0000028844153df0 1308       3       org.eclipse.osgi.container.ModuleDatabase$Persistence::readListValue (97 bytes)
Event: 2.191 Thread 0x0000028844153df0 nmethod 1308 0x00000288475d3910 code [0x00000288475d3c80, 0x00000288475d4f50]
Event: 2.192 Thread 0x0000028844153df0 1311       3       org.eclipse.osgi.container.ModuleDatabase$Persistence::readList (78 bytes)
Event: 2.194 Thread 0x0000028844153df0 nmethod 1311 0x00000288475d5690 code [0x00000288475d59c0, 0x00000288475d6b68]
Event: 2.194 Thread 0x0000028844153df0 1309       3       org.eclipse.osgi.container.ModuleDatabase$Persistence::readVersion (7 bytes)
Event: 2.194 Thread 0x0000028844153df0 nmethod 1309 0x00000288475d7390 code [0x00000288475d7540, 0x00000288475d7660]
Event: 2.196 Thread 0x0000028844153df0 1312       3       sun.net.www.protocol.jar.Handler::checkNestedProtocol (18 bytes)

GC Heap History (2 events):
Event: 1.679 GC heap before
{Heap before GC invocations=1 (full 0):
 PSYoungGen      total 29696K, used 25600K [0x00000000d5580000, 0x00000000d7680000, 0x0000000100000000)
  eden space 25600K, 100% used [0x00000000d5580000,0x00000000d6e80000,0x00000000d6e80000)
  from space 4096K, 0% used [0x00000000d7280000,0x00000000d7280000,0x00000000d7680000)
  to   space 4096K, 0% used [0x00000000d6e80000,0x00000000d6e80000,0x00000000d7280000)
 ParOldGen       total 68608K, used 0K [0x0000000080000000, 0x0000000084300000, 0x00000000d5580000)
  object space 68608K, 0% used [0x0000000080000000,0x0000000080000000,0x0000000084300000)
 Metaspace       used 4351K, committed 4608K, reserved 1114112K
  class space    used 473K, committed 576K, reserved 1048576K
}
Event: 1.694 GC heap after
{Heap after GC invocations=1 (full 0):
 PSYoungGen      total 29696K, used 3280K [0x00000000d5580000, 0x00000000d7680000, 0x0000000100000000)
  eden space 25600K, 0% used [0x00000000d5580000,0x00000000d5580000,0x00000000d6e80000)
  from space 4096K, 80% used [0x00000000d6e80000,0x00000000d71b4148,0x00000000d7280000)
  to   space 4096K, 0% used [0x00000000d7280000,0x00000000d7280000,0x00000000d7680000)
 ParOldGen       total 68608K, used 8K [0x0000000080000000, 0x0000000084300000, 0x00000000d5580000)
  object space 68608K, 0% used [0x0000000080000000,0x0000000080002000,0x0000000084300000)
 Metaspace       used 4351K, committed 4608K, reserved 1114112K
  class space    used 473K, committed 576K, reserved 1048576K
}

Dll operation events (8 events):
Event: 0.019 Loaded shared library c:\Users\muoi\.vscode\extensions\redhat.java-1.49.0-win32-x64\jre\21.0.9-win32-x86_64\bin\java.dll
Event: 0.189 Loaded shared library c:\Users\muoi\.vscode\extensions\redhat.java-1.49.0-win32-x64\jre\21.0.9-win32-x86_64\bin\zip.dll
Event: 0.226 Loaded shared library C:\Users\muoi\.vscode\extensions\redhat.java-1.49.0-win32-x64\jre\21.0.9-win32-x86_64\bin\instrument.dll
Event: 0.236 Loaded shared library C:\Users\muoi\.vscode\extensions\redhat.java-1.49.0-win32-x64\jre\21.0.9-win32-x86_64\bin\net.dll
Event: 0.240 Loaded shared library C:\Users\muoi\.vscode\extensions\redhat.java-1.49.0-win32-x64\jre\21.0.9-win32-x86_64\bin\nio.dll
Event: 0.246 Loaded shared library C:\Users\muoi\.vscode\extensions\redhat.java-1.49.0-win32-x64\jre\21.0.9-win32-x86_64\bin\zip.dll
Event: 0.289 Loaded shared library C:\Users\muoi\.vscode\extensions\redhat.java-1.49.0-win32-x64\jre\21.0.9-win32-x86_64\bin\jimage.dll
Event: 0.424 Loaded shared library c:\Users\muoi\.vscode\extensions\redhat.java-1.49.0-win32-x64\jre\21.0.9-win32-x86_64\bin\verify.dll

Deoptimization events (20 events):
Event: 1.864 Thread 0x0000028841c0c060 Uncommon trap: trap_request=0xffffff45 fr.pc=0x000002884eee42d0 relative=0x0000000000000290
Event: 1.864 Thread 0x0000028841c0c060 Uncommon trap: reason=unstable_if action=reinterpret pc=0x000002884eee42d0 method=java.util.HashMap.hash(Ljava/lang/Object;)I @ 1 c2
Event: 1.864 Thread 0x0000028841c0c060 DEOPT PACKING pc=0x000002884eee42d0 sp=0x000000d2331fec10
Event: 1.864 Thread 0x0000028841c0c060 DEOPT UNPACKING pc=0x000002884e933aa2 sp=0x000000d2331feaa8 mode 2
Event: 1.870 Thread 0x0000028841c0c060 Uncommon trap: trap_request=0xffffff45 fr.pc=0x000002884eee06ac relative=0x000000000000034c
Event: 1.870 Thread 0x0000028841c0c060 Uncommon trap: reason=unstable_if action=reinterpret pc=0x000002884eee06ac method=java.util.HashMap.hash(Ljava/lang/Object;)I @ 1 c2
Event: 1.870 Thread 0x0000028841c0c060 DEOPT PACKING pc=0x000002884eee06ac sp=0x000000d2331feb80
Event: 1.870 Thread 0x0000028841c0c060 DEOPT UNPACKING pc=0x000002884e933aa2 sp=0x000000d2331fea88 mode 2
Event: 1.870 Thread 0x0000028841c0c060 Uncommon trap: trap_request=0xffffff45 fr.pc=0x000002884eee0054 relative=0x00000000000000b4
Event: 1.870 Thread 0x0000028841c0c060 Uncommon trap: reason=unstable_if action=reinterpret pc=0x000002884eee0054 method=java.util.HashMap.hash(Ljava/lang/Object;)I @ 1 c2
Event: 1.870 Thread 0x0000028841c0c060 DEOPT PACKING pc=0x000002884eee0054 sp=0x000000d2331fec30
Event: 1.870 Thread 0x0000028841c0c060 DEOPT UNPACKING pc=0x000002884e933aa2 sp=0x000000d2331febc8 mode 2
Event: 1.870 Thread 0x0000028841c0c060 Uncommon trap: trap_request=0xffffffde fr.pc=0x000002884eec9d54 relative=0x00000000000005b4
Event: 1.870 Thread 0x0000028841c0c060 Uncommon trap: reason=class_check action=maybe_recompile pc=0x000002884eec9d54 method=java.util.Collections$UnmodifiableCollection$1.<init>(Ljava/util/Collections$UnmodifiableCollection;)V @ 17 c2
Event: 1.870 Thread 0x0000028841c0c060 DEOPT PACKING pc=0x000002884eec9d54 sp=0x000000d2331fec60
Event: 1.870 Thread 0x0000028841c0c060 DEOPT UNPACKING pc=0x000002884e933aa2 sp=0x000000d2331feba8 mode 2
Event: 2.072 Thread 0x0000028841c0c060 Uncommon trap: trap_request=0xffffff45 fr.pc=0x000002884eec6a7c relative=0x000000000000019c
Event: 2.072 Thread 0x0000028841c0c060 Uncommon trap: reason=unstable_if action=reinterpret pc=0x000002884eec6a7c method=java.lang.invoke.VarHandle.checkAccessModeThenIsDirect(Ljava/lang/invoke/VarHandle$AccessDescriptor;)Z @ 4 c2
Event: 2.072 Thread 0x0000028841c0c060 DEOPT PACKING pc=0x000002884eec6a7c sp=0x000000d2331fec10
Event: 2.072 Thread 0x0000028841c0c060 DEOPT UNPACKING pc=0x000002884e933aa2 sp=0x000000d2331feb68 mode 2

Classes loaded (20 events):
Event: 2.137 Loading class java/util/AbstractQueue done
Event: 2.137 Loading class java/util/concurrent/SynchronousQueue done
Event: 2.137 Loading class java/util/concurrent/SynchronousQueue$Transferer
Event: 2.137 Loading class java/util/concurrent/LinkedTransferQueue
Event: 2.137 Loading class java/util/concurrent/TransferQueue
Event: 2.137 Loading class java/util/concurrent/TransferQueue done
Event: 2.138 Loading class java/util/concurrent/LinkedTransferQueue done
Event: 2.138 Loading class java/util/concurrent/SynchronousQueue$Transferer done
Event: 2.138 Loading class java/util/concurrent/LinkedTransferQueue$DualNode
Event: 2.138 Loading class java/util/concurrent/LinkedTransferQueue$DualNode done
Event: 2.139 Loading class java/util/concurrent/RejectedExecutionHandler
Event: 2.139 Loading class java/util/concurrent/RejectedExecutionHandler done
Event: 2.139 Loading class java/util/concurrent/LinkedBlockingQueue
Event: 2.139 Loading class java/util/concurrent/LinkedBlockingQueue done
Event: 2.139 Loading class java/util/concurrent/LinkedBlockingQueue$Node
Event: 2.139 Loading class java/util/concurrent/LinkedBlockingQueue$Node done
Event: 2.156 Loading class java/util/concurrent/Semaphore$NonfairSync
Event: 2.156 Loading class java/util/concurrent/Semaphore$Sync
Event: 2.156 Loading class java/util/concurrent/Semaphore$Sync done
Event: 2.156 Loading class java/util/concurrent/Semaphore$NonfairSync done

Classes unloaded (0 events):
No events

Classes redefined (0 events):
No events

Internal exceptions (20 events):
Event: 0.974 Thread 0x0000028841c0c060 Exception <a 'java/io/FileNotFoundException'{0x00000000d64c63b8}> (0x00000000d64c63b8) 
thrown [s\src\hotspot\share\prims\jni.cpp, line 520]
Event: 0.974 Thread 0x0000028841c0c060 Exception <a 'java/io/FileNotFoundException'{0x00000000d64c7030}> (0x00000000d64c7030) 
thrown [s\src\hotspot\share\prims\jni.cpp, line 520]
Event: 0.975 Thread 0x0000028841c0c060 Exception <a 'java/io/FileNotFoundException'{0x00000000d64c7b70}> (0x00000000d64c7b70) 
thrown [s\src\hotspot\share\prims\jni.cpp, line 520]
Event: 1.077 Thread 0x0000028841c0c060 Implicit null exception at 0x000002884eeade24 to 0x000002884eeae3f0
Event: 1.088 Thread 0x0000028841c0c060 Exception <a 'java/io/FileNotFoundException'{0x00000000d6501d00}> (0x00000000d6501d00) 
thrown [s\src\hotspot\share\prims\jni.cpp, line 520]
Event: 1.110 Thread 0x0000028841c0c060 Exception <a 'java/lang/NoSuchMethodError'{0x00000000d653d2b0}: 'java.lang.Object java.lang.invoke.DirectMethodHandle$Holder.invokeInterface(java.lang.Object, java.lang.Object)'> (0x00000000d653d2b0) 
thrown [s\src\hotspot\share\interpreter\linkResolver.cpp, line 773]
Event: 1.162 Thread 0x0000028841c0c060 Exception <a 'java/lang/NoSuchMethodError'{0x00000000d6550d20}: 'java.lang.Object java.lang.invoke.Invokers$Holder.invokeExact_MT(java.lang.Object, java.lang.Object, java.lang.Object, java.lang.Object, java.lang.Object, java.lang.Object)'> (0x00000000d6550d20) 
thrown [s\src\hotspot\share\interpreter\linkResolver.cpp, line 773]
Event: 1.177 Thread 0x0000028841c0c060 Exception <a 'java/lang/NoSuchMethodError'{0x00000000d6567df8}: 'int java.lang.invoke.DirectMethodHandle$Holder.invokeStatic(java.lang.Object, java.lang.Object, java.lang.Object, java.lang.Object, java.lang.Object)'> (0x00000000d6567df8) 
thrown [s\src\hotspot\share\interpreter\linkResolver.cpp, line 773]
Event: 1.234 Thread 0x0000028841c0c060 Exception <a 'java/lang/NoSuchMethodError'{0x00000000d65fc850}: 'java.lang.Object java.lang.invoke.DirectMethodHandle$Holder.invokeInterface(java.lang.Object, java.lang.Object, int)'> (0x00000000d65fc850) 
thrown [s\src\hotspot\share\interpreter\linkResolver.cpp, line 773]
Event: 1.483 Thread 0x0000028841c0c060 Exception <a 'java/lang/NoSuchMethodError'{0x00000000d6a62df0}: 'java.lang.ClassLoader java.lang.ClassLoader.getPlatformClassLoader(java.lang.Class)'> (0x00000000d6a62df0) 
thrown [s\src\hotspot\share\interpreter\linkResolver.cpp, line 773]
Event: 1.678 Thread 0x0000028841c0c060 Exception <a 'java/lang/ClassNotFoundException'{0x00000000d6e7d908}: sun/net/www/protocol/c/Handler> (0x00000000d6e7d908) 
thrown [s\src\hotspot\share\classfile\systemDictionary.cpp, line 312]
Event: 1.679 Thread 0x0000028841c0c060 Exception <a 'java/lang/ClassNotFoundException'{0x00000000d6e7ec80}: sun/net/www/protocol/d/Handler> (0x00000000d6e7ec80) 
thrown [s\src\hotspot\share\classfile\systemDictionary.cpp, line 312]
Event: 1.695 Thread 0x0000028841c0c060 Exception <a 'java/lang/ClassNotFoundException'{0x00000000d5580078}: sun/net/www/protocol/c/Handler> (0x00000000d5580078) 
thrown [s\src\hotspot\share\classfile\systemDictionary.cpp, line 312]
Event: 1.713 Thread 0x0000028841c0c060 Exception <a 'java/io/FileNotFoundException'{0x00000000d55a8710}> (0x00000000d55a8710) 
thrown [s\src\hotspot\share\prims\jni.cpp, line 520]
Event: 1.864 Thread 0x0000028841c0c060 Implicit null exception at 0x000002884eedd849 to 0x000002884eede218
Event: 1.864 Thread 0x0000028841c0c060 Implicit null exception at 0x000002884eee409a to 0x000002884eee42b8
Event: 1.866 Thread 0x0000028841c0c060 Exception <a 'java/lang/NoSuchMethodError'{0x00000000d56d7c08}: 'void java.lang.invoke.DirectMethodHandle$Holder.invokeStatic(java.lang.Object, java.lang.Object, java.lang.Object, java.lang.Object)'> (0x00000000d56d7c08) 
thrown [s\src\hotspot\share\interpreter\linkResolver.cpp, line 773]
Event: 1.870 Thread 0x0000028841c0c060 Implicit null exception at 0x000002884eee03c0 to 0x000002884eee0694
Event: 1.870 Thread 0x0000028841c0c060 Implicit null exception at 0x000002884eedffc0 to 0x000002884eee0045
Event: 2.100 Thread 0x0000028841c0c060 Exception <a 'java/lang/NoSuchMethodError'{0x00000000d59ac558}: 'void java.lang.invoke.DirectMethodHandle$Holder.invokeSpecial(java.lang.Object, java.lang.Object, java.lang.Object)'> (0x00000000d59ac558) 
thrown [s\src\hotspot\share\interpreter\linkResolver.cpp, line 773]

ZGC Phase Switch (0 events):
No events

VM Operations (16 events):
Event: 0.187 Executing VM operation: HandshakeAllThreads (Deoptimize)
Event: 0.187 Executing VM operation: HandshakeAllThreads (Deoptimize) done
Event: 0.310 Executing VM operation: HandshakeAllThreads (Deoptimize)
Event: 0.310 Executing VM operation: HandshakeAllThreads (Deoptimize) done
Event: 0.874 Executing VM operation: HandshakeAllThreads (Deoptimize)
Event: 0.874 Executing VM operation: HandshakeAllThreads (Deoptimize) done
Event: 0.918 Executing VM operation: HandshakeAllThreads (Deoptimize)
Event: 0.918 Executing VM operation: HandshakeAllThreads (Deoptimize) done
Event: 1.606 Executing VM operation: ICBufferFull
Event: 1.606 Executing VM operation: ICBufferFull done
Event: 1.635 Executing VM operation: HandshakeAllThreads (Deoptimize)
Event: 1.635 Executing VM operation: HandshakeAllThreads (Deoptimize) done
Event: 1.679 Executing VM operation: ParallelGCFailedAllocation (Allocation Failure)
Event: 1.694 Executing VM operation: ParallelGCFailedAllocation (Allocation Failure) done
Event: 2.705 Executing VM operation: Cleanup
Event: 2.705 Executing VM operation: Cleanup done

Memory protections (0 events):
No events

Nmethod flushes (0 events):
No events

Events (17 events):
Event: 0.039 Thread 0x0000028841c0c060 Thread added: 0x0000028841c0c060
Event: 0.070 Thread 0x0000028841c0c060 Thread added: 0x0000028844266bc0
Event: 0.070 Thread 0x0000028841c0c060 Thread added: 0x000002884426aef0
Event: 0.071 Thread 0x0000028841c0c060 Thread added: 0x000002884426e250
Event: 0.071 Thread 0x0000028841c0c060 Thread added: 0x0000028844123f70
Event: 0.071 Thread 0x0000028841c0c060 Thread added: 0x0000028844126020
Event: 0.071 Thread 0x0000028841c0c060 Thread added: 0x000002884412abc0
Event: 0.071 Thread 0x0000028841c0c060 Thread added: 0x000002884412da00
Event: 0.072 Thread 0x0000028841c0c060 Thread added: 0x0000028844153df0
Event: 0.230 Thread 0x0000028841c0c060 Thread added: 0x000002885c5501a0
Event: 0.409 Thread 0x0000028844153df0 Thread added: 0x000002885c6e45d0
Event: 0.568 Thread 0x0000028841c0c060 Thread added: 0x000002885c6fb5f0
Event: 0.749 Thread 0x0000028844153df0 Thread added: 0x000002885c7d71c0
Event: 1.511 Thread 0x000002885c7d71c0 Thread exited: 0x000002885c7d71c0
Event: 1.754 Thread 0x000002885c6e45d0 Thread exited: 0x000002885c6e45d0
Event: 2.171 Thread 0x0000028844153df0 Thread added: 0x000002885ce87080
Event: 2.186 Thread 0x0000028844153df0 Thread added: 0x000002885cd07760


Dynamic libraries:
0x00007ff7f2750000 - 0x00007ff7f275e000 	c:\Users\muoi\.vscode\extensions\redhat.java-1.49.0-win32-x64\jre\21.0.9-win32-x86_64\bin\java.exe
0x00007ff8559a0000 - 0x00007ff855c08000 	C:\WINDOWS\SYSTEM32\ntdll.dll
0x00007ff854270000 - 0x00007ff854339000 	C:\WINDOWS\System32\KERNEL32.DLL
0x00007ff852e80000 - 0x00007ff853278000 	C:\WINDOWS\System32\KERNELBASE.dll
0x00007ff852d30000 - 0x00007ff852e7b000 	C:\WINDOWS\System32\ucrtbase.dll
0x00007ff84ee20000 - 0x00007ff84ee38000 	c:\Users\muoi\.vscode\extensions\redhat.java-1.49.0-win32-x64\jre\21.0.9-win32-x86_64\bin\jli.dll
0x00007ff84ee00000 - 0x00007ff84ee1e000 	c:\Users\muoi\.vscode\extensions\redhat.java-1.49.0-win32-x64\jre\21.0.9-win32-x86_64\bin\VCRUNTIME140.dll
0x00007ff854cd0000 - 0x00007ff854e97000 	C:\WINDOWS\System32\USER32.dll
0x00007ff83d760000 - 0x00007ff83d9f4000 	C:\WINDOWS\WinSxS\amd64_microsoft.windows.common-controls_6595b64144ccf1df_6.0.26100.7019_none_3e06ffa0e335b8a8\COMCTL32.dll
0x00007ff852af0000 - 0x00007ff852b17000 	C:\WINDOWS\System32\win32u.dll
0x00007ff8558b0000 - 0x00007ff855959000 	C:\WINDOWS\System32\msvcrt.dll
0x00007ff854c00000 - 0x00007ff854c2b000 	C:\WINDOWS\System32\GDI32.dll
0x00007ff8533f0000 - 0x00007ff85351c000 	C:\WINDOWS\System32\gdi32full.dll
0x00007ff853340000 - 0x00007ff8533e3000 	C:\WINDOWS\System32\msvcp_win.dll
0x00007ff854bc0000 - 0x00007ff854bf1000 	C:\WINDOWS\System32\IMM32.DLL
0x00007ff84edf0000 - 0x00007ff84edfc000 	c:\Users\muoi\.vscode\extensions\redhat.java-1.49.0-win32-x64\jre\21.0.9-win32-x86_64\bin\vcruntime140_1.dll
0x00007ff84eb20000 - 0x00007ff84ebad000 	c:\Users\muoi\.vscode\extensions\redhat.java-1.49.0-win32-x64\jre\21.0.9-win32-x86_64\bin\msvcp140.dll
0x00007fffe4fe0000 - 0x00007fffe5d80000 	c:\Users\muoi\.vscode\extensions\redhat.java-1.49.0-win32-x64\jre\21.0.9-win32-x86_64\bin\server\jvm.dll
0x00007ff8541b0000 - 0x00007ff854264000 	C:\WINDOWS\System32\ADVAPI32.dll
0x00007ff8540f0000 - 0x00007ff854196000 	C:\WINDOWS\System32\sechost.dll
0x00007ff853cd0000 - 0x00007ff853de8000 	C:\WINDOWS\System32\RPCRT4.dll
0x00007ff8548c0000 - 0x00007ff854934000 	C:\WINDOWS\System32\WS2_32.dll
0x00007ff852950000 - 0x00007ff8529ae000 	C:\WINDOWS\SYSTEM32\POWRPROF.dll
0x00007ff83ea20000 - 0x00007ff83ea55000 	C:\WINDOWS\SYSTEM32\WINMM.dll
0x00007ff84a7e0000 - 0x00007ff84a7eb000 	C:\WINDOWS\SYSTEM32\VERSION.dll
0x00007ff852930000 - 0x00007ff852944000 	C:\WINDOWS\SYSTEM32\UMPDC.dll
0x00007ff851870000 - 0x00007ff85188b000 	C:\WINDOWS\SYSTEM32\kernel.appcore.dll
0x00007ff84ede0000 - 0x00007ff84edea000 	c:\Users\muoi\.vscode\extensions\redhat.java-1.49.0-win32-x64\jre\21.0.9-win32-x86_64\bin\jimage.dll
0x00007ff84cf60000 - 0x00007ff84d1a2000 	C:\WINDOWS\SYSTEM32\DBGHELP.DLL
0x00007ff854350000 - 0x00007ff8546db000 	C:\WINDOWS\System32\combase.dll
0x00007ff854940000 - 0x00007ff854a17000 	C:\WINDOWS\System32\OLEAUT32.dll
0x00007ff83db20000 - 0x00007ff83db5c000 	C:\WINDOWS\SYSTEM32\dbgcore.DLL
0x00007ff853520000 - 0x00007ff8535c5000 	C:\WINDOWS\System32\bcryptPrimitives.dll
0x00007ff84eb10000 - 0x00007ff84eb1f000 	c:\Users\muoi\.vscode\extensions\redhat.java-1.49.0-win32-x64\jre\21.0.9-win32-x86_64\bin\instrument.dll
0x00007ff84eaf0000 - 0x00007ff84eb10000 	c:\Users\muoi\.vscode\extensions\redhat.java-1.49.0-win32-x64\jre\21.0.9-win32-x86_64\bin\java.dll
0x00007ff854fa0000 - 0x00007ff8556ef000 	C:\WINDOWS\System32\SHELL32.dll
0x00007ff8535d0000 - 0x00007ff85373b000 	C:\WINDOWS\System32\wintypes.dll
0x00007ff8506f0000 - 0x00007ff850f4d000 	C:\WINDOWS\SYSTEM32\windows.storage.dll
0x00007ff854ac0000 - 0x00007ff854bb2000 	C:\WINDOWS\System32\SHCORE.dll
0x00007ff853740000 - 0x00007ff8537a7000 	C:\WINDOWS\System32\shlwapi.dll
0x00007ff852a10000 - 0x00007ff852a39000 	C:\WINDOWS\SYSTEM32\profapi.dll
0x00007ff84b820000 - 0x00007ff84b838000 	c:\Users\muoi\.vscode\extensions\redhat.java-1.49.0-win32-x64\jre\21.0.9-win32-x86_64\bin\zip.dll
0x00007ff84c150000 - 0x00007ff84c160000 	C:\Users\muoi\.vscode\extensions\redhat.java-1.49.0-win32-x64\jre\21.0.9-win32-x86_64\bin\net.dll
0x00007ff84fe60000 - 0x00007ff84ff88000 	C:\WINDOWS\SYSTEM32\WINHTTP.dll
0x00007ff851dc0000 - 0x00007ff851e2b000 	C:\WINDOWS\system32\mswsock.dll
0x00007ff848a70000 - 0x00007ff848a86000 	C:\Users\muoi\.vscode\extensions\redhat.java-1.49.0-win32-x64\jre\21.0.9-win32-x86_64\bin\nio.dll
0x00007ff84c130000 - 0x00007ff84c140000 	c:\Users\muoi\.vscode\extensions\redhat.java-1.49.0-win32-x64\jre\21.0.9-win32-x86_64\bin\verify.dll

JVMTI agents:
c:\Users\muoi\.vscode\extensions\redhat.java-1.49.0-win32-x64\lombok\lombok-1.18.39-4050.jar path:c:\Users\muoi\.vscode\extensions\redhat.java-1.49.0-win32-x64\jre\21.0.9-win32-x86_64\bin\instrument.dll, loaded, initialized, instrumentlib options:none

dbghelp: loaded successfully - version: 4.0.5 - missing functions: none
symbol engine: initialized successfully - sym options: 0x614 - pdb path: .;c:\Users\muoi\.vscode\extensions\redhat.java-1.49.0-win32-x64\jre\21.0.9-win32-x86_64\bin;C:\WINDOWS\SYSTEM32;C:\WINDOWS\WinSxS\amd64_microsoft.windows.common-controls_6595b64144ccf1df_6.0.26100.7019_none_3e06ffa0e335b8a8;c:\Users\muoi\.vscode\extensions\redhat.java-1.49.0-win32-x64\jre\21.0.9-win32-x86_64\bin\server

VM Arguments:
jvm_args: --add-modules=ALL-SYSTEM --add-opens=java.base/java.util=ALL-UNNAMED --add-opens=java.base/java.lang=ALL-UNNAMED --add-opens=java.base/sun.nio.fs=ALL-UNNAMED -Declipse.application=org.eclipse.jdt.ls.core.id1 -Dosgi.bundles.defaultStartLevel=4 -Declipse.product=org.eclipse.jdt.ls.core.product -Djava.import.generatesMetadataFilesAtProjectRoot=false -DDetectVMInstallationsJob.disabled=true -Dfile.encoding=utf8 -XX:+UseParallelGC -XX:GCTimeRatio=4 -XX:AdaptiveSizePolicyWeight=90 -Dsun.zip.disableMemoryMapping=true -Xmx2G -Xms100m -Xlog:disable -javaagent:c:\Users\muoi\.vscode\extensions\redhat.java-1.49.0-win32-x64\lombok\lombok-1.18.39-4050.jar -XX:+HeapDumpOnOutOfMemoryError -XX:HeapDumpPath=c:\Users\muoi\AppData\Roaming\Code\User\workspaceStorage\3b6326af63195a8f6cf2a6cf719f9c90\redhat.java -Daether.dependencyCollector.impl=bf 
java_command: c:\Users\muoi\.vscode\extensions\redhat.java-1.49.0-win32-x64\server\plugins\org.eclipse.equinox.launcher_1.7.100.v20251111-0406.jar -configuration c:\Users\muoi\AppData\Roaming\Code\User\globalStorage\redhat.java\1.49.0\config_win -data c:\Users\muoi\AppData\Roaming\Code\User\workspaceStorage\3b6326af63195a8f6cf2a6cf719f9c90\redhat.java\jdt_ws --pipe=\\.\pipe\lsp-6215dad81ab068ffcc6f5eb7b97cec14-sock
java_class_path (initial): c:\Users\muoi\.vscode\extensions\redhat.java-1.49.0-win32-x64\server\plugins\org.eclipse.equinox.launcher_1.7.100.v20251111-0406.jar
Launcher Type: SUN_STANDARD

[Global flags]
    uintx AdaptiveSizePolicyWeight                 = 90                                        {product} {command line}
     intx CICompilerCount                          = 4                                         {product} {ergonomic}
    uintx GCTimeRatio                              = 4                                         {product} {command line}
     bool HeapDumpOnOutOfMemoryError               = true                                   {manageable} {command line}
    ccstr HeapDumpPath                             = c:\Users\muoi\AppData\Roaming\Code\User\workspaceStorage\3b6326af63195a8f6cf2a6cf719f9c90\redhat.java         {manageable} {command line}
   size_t InitialHeapSize                          = 104857600                                 {product} {command line}
   size_t MaxHeapSize                              = 2147483648                                {product} {command line}
   size_t MaxNewSize                               = 715653120                                 {product} {ergonomic}
   size_t MinHeapDeltaBytes                        = 524288                                    {product} {ergonomic}
   size_t MinHeapSize                              = 104857600                                 {product} {command line}
   size_t NewSize                                  = 34603008                                  {product} {ergonomic}
    uintx NonNMethodCodeHeapSize                   = 5839372                                {pd product} {ergonomic}
    uintx NonProfiledCodeHeapSize                  = 122909434                              {pd product} {ergonomic}
   size_t OldSize                                  = 70254592                                  {product} {ergonomic}
    uintx ProfiledCodeHeapSize                     = 122909434                              {pd product} {ergonomic}
    uintx ReservedCodeCacheSize                    = 251658240                              {pd product} {ergonomic}
     bool SegmentedCodeCache                       = true                                      {product} {ergonomic}
   size_t SoftMaxHeapSize                          = 2147483648                             {manageable} {ergonomic}
     bool UseCompressedOops                        = true                           {product lp64_product} {ergonomic}
     bool UseLargePagesIndividualAllocation        = false                                  {pd product} {ergonomic}
     bool UseParallelGC                            = true                                      {product} {command line}

Logging:
Log output configuration:
 #0: stdout all=off uptime,level,tags foldmultilines=false
 #1: stderr all=off uptime,level,tags foldmultilines=false

Release file:
JAVA_VERSION="21.0.9" 
MODULES="java.base java.compiler java.datatransfer java.xml java.prefs java.desktop java.instrument java.logging java.management java.security.sasl java.naming java.rmi java.management.rmi java.net.http java.scripting java.security.jgss java.transaction.xa java.sql java.sql.rowset java.xml.crypto java.se java.smartcardio jdk.accessibility jdk.internal.jvmstat jdk.attach jdk.charsets jdk.internal.opt jdk.zipfs jdk.compiler jdk.crypto.ec jdk.crypto.cryptoki jdk.crypto.mscapi jdk.dynalink jdk.internal.ed jdk.editpad jdk.hotspot.agent jdk.httpserver jdk.internal.le jdk.internal.vm.ci jdk.internal.vm.compiler jdk.internal.vm.compiler.management jdk.jartool jdk.javadoc jdk.jcmd jdk.management jdk.management.agent jdk.jconsole jdk.jdeps jdk.jdwp.agent jdk.jdi jdk.jfr jdk.jshell jdk.jsobject jdk.jstatd jdk.localedata jdk.management.jfr jdk.naming.dns jdk.naming.rmi jdk.net jdk.nio.mapmode jdk.random jdk.sctp jdk.security.auth jdk.security.jgss jdk.unsupported jdk.unsupported.desktop jdk.xml.dom" 

Environment Variables:
JAVA_HOME=C:\Program Files\Java\jdk-21
PATH=C:\Program Files\Microsoft\jdk-17.0.16.8-hotspot\bin;C:\Users\muoi\Downloads\dotnet-sdk-8.0.416-win-x64.exe;C:\Program Files\dotnet\;C:\Program Files\Git\cmd;C:\Program Files\Microsoft SQL Server\170\Tools\Binn\;C:\Program Files\Microsoft SQL Server\Client SDK\ODBC\170\Tools\Binn\;C:\Users\muoi\AppData\Local\Programs\Python\Python312\Scripts\;C:\Users\muoi\AppData\Local\Programs\Python\Python312\;C:\Users\muoi\AppData\Local\Programs\Python\Launcher\;C:\Users\muoi\AppData\Local\Microsoft\WindowsApps;C:\Users\muoi\AppData\Local\Programs\Microsoft VS Code\bin;C:\Users\muoi\AppData\Roaming\nvm;C:\Program Files\nodejs;C:\platform-tools;C:\Users\muoi\.dotnet\tools
USERNAME=muoi
OS=Windows_NT
PROCESSOR_IDENTIFIER=Intel64 Family 6 Model 142 Stepping 10, GenuineIntel
TMP=C:\Users\muoi\AppData\Local\Temp
TEMP=C:\Users\muoi\AppData\Local\Temp




Periodic native trim disabled

---------------  S Y S T E M  ---------------

OS:
 Windows 11 , 64 bit Build 26100 (10.0.26100.7019)
OS uptime: 0 days 3:09 hours
Hyper-V role detected

CPU: total 8 (initial active 8) (4 cores per cpu, 2 threads per core) family 6 model 142 stepping 10 microcode 0xe0, cx8, cmov, fxsr, ht, mmx, 3dnowpref, sse, sse2, sse3, ssse3, sse4.1, sse4.2, popcnt, lzcnt, tsc, tscinvbit, avx, avx2, aes, erms, clmul, bmi1, bmi2, adx, fma, vzeroupper, clflush, clflushopt, hv, rdtscp, f16c
Processor Information for the first 8 processors :
  Max Mhz: 1801, Current Mhz: 1801, Mhz Limit: 1801

Memory: 4k page, system-wide physical 16243M (4220M free)
TotalPageFile size 16243M (AvailPageFile size 217M)
current process WorkingSet (physical memory assigned to process): 90M, peak: 91M
current process commit charge ("private bytes"): 241M, peak: 242M

vm_info: OpenJDK 64-Bit Server VM (21.0.9+10-LTS) for windows-amd64 JRE (21.0.9+10-LTS), built on 2025-10-21T00:00:00Z by "admin" with unknown MS VC++:1942

END.
